[3.036s] Invoking command in '/home/ajak2k/Sriram_AjayShankar_ws/src/autoturtle': PYTHONPATH=/home/ajak2k/Sriram_AjayShankar_ws/build/autoturtle/prefix_override:/home/ajak2k/Sriram_AjayShankar_ws/install/autoturtle/lib/python3.10/site-packages:${PYTHONPATH} /usr/bin/python3 -W ignore:setup.py install is deprecated setup.py egg_info --egg-base ../../build/autoturtle build --build-base /home/ajak2k/Sriram_AjayShankar_ws/build/autoturtle/build install --record /home/ajak2k/Sriram_AjayShankar_ws/build/autoturtle/install.log --single-version-externally-managed install_data
[3.861s] running egg_info
[3.864s] writing ../../build/autoturtle/autoturtle.egg-info/PKG-INFO
[3.865s] writing dependency_links to ../../build/autoturtle/autoturtle.egg-info/dependency_links.txt
[3.866s] writing entry points to ../../build/autoturtle/autoturtle.egg-info/entry_points.txt
[3.866s] writing requirements to ../../build/autoturtle/autoturtle.egg-info/requires.txt
[3.866s] writing top-level names to ../../build/autoturtle/autoturtle.egg-info/top_level.txt
[3.869s] reading manifest file '../../build/autoturtle/autoturtle.egg-info/SOURCES.txt'
[3.870s] writing manifest file '../../build/autoturtle/autoturtle.egg-info/SOURCES.txt'
[3.870s] running build
[3.871s] running build_py
[3.871s] running install
[3.872s] running install_lib
[3.875s] running install_data
[3.876s] running install_egg_info
[3.880s] removing '/home/ajak2k/Sriram_AjayShankar_ws/install/autoturtle/lib/python3.10/site-packages/autoturtle-0.3.0-py3.10.egg-info' (and everything under it)
[3.881s] Copying ../../build/autoturtle/autoturtle.egg-info to /home/ajak2k/Sriram_AjayShankar_ws/install/autoturtle/lib/python3.10/site-packages/autoturtle-0.3.0-py3.10.egg-info
[3.885s] running install_scripts
[3.921s] Installing my_teleop_node script to /home/ajak2k/Sriram_AjayShankar_ws/install/autoturtle/lib/autoturtle
[3.922s] Installing swim_node script to /home/ajak2k/Sriram_AjayShankar_ws/install/autoturtle/lib/autoturtle
[3.922s] Installing swim_to_goal script to /home/ajak2k/Sriram_AjayShankar_ws/install/autoturtle/lib/autoturtle
[3.922s] writing list of installed files to '/home/ajak2k/Sriram_AjayShankar_ws/build/autoturtle/install.log'
[3.985s] Invoked command in '/home/ajak2k/Sriram_AjayShankar_ws/src/autoturtle' returned '0': PYTHONPATH=/home/ajak2k/Sriram_AjayShankar_ws/build/autoturtle/prefix_override:/home/ajak2k/Sriram_AjayShankar_ws/install/autoturtle/lib/python3.10/site-packages:${PYTHONPATH} /usr/bin/python3 -W ignore:setup.py install is deprecated setup.py egg_info --egg-base ../../build/autoturtle build --build-base /home/ajak2k/Sriram_AjayShankar_ws/build/autoturtle/build install --record /home/ajak2k/Sriram_AjayShankar_ws/build/autoturtle/install.log --single-version-externally-managed install_data
