[0.292s] DEBUG:colcon:Command line arguments: ['/home/ajak2k/.local/bin/colcon', 'build']
[0.292s] DEBUG:colcon:Parsed command line arguments: Namespace(log_base=None, log_level=None, verb_name='build', build_base='build', install_base='install', merge_install=False, symlink_install=False, test_result_base=None, continue_on_error=False, executor='parallel', parallel_workers=8, event_handlers=None, ignore_user_meta=False, metas=['./colcon.meta'], base_paths=['.'], packages_ignore=None, packages_ignore_regex=None, paths=None, packages_up_to=None, packages_up_to_regex=None, packages_above=None, packages_above_and_dependencies=None, packages_above_depth=None, packages_select_by_dep=None, packages_skip_by_dep=None, packages_skip_up_to=None, packages_select_build_failed=False, packages_skip_build_finished=False, packages_select_test_failures=False, packages_skip_test_passed=False, packages_select=None, packages_skip=None, packages_select_regex=None, packages_skip_regex=None, packages_start=None, packages_end=None, allow_overriding=[], cmake_args=None, cmake_target=None, cmake_target_skip_unavailable=False, cmake_clean_cache=False, cmake_clean_first=False, cmake_force_configure=False, ament_cmake_args=None, catkin_cmake_args=None, catkin_skip_building_tests=False, mixin_files=None, mixin=None, verb_parser=<colcon_mixin.mixin.mixin_argument.MixinArgumentDecorator object at 0x7fc93fba8eb0>, verb_extension=<colcon_core.verb.build.BuildVerb object at 0x7fc93fba88e0>, main=<bound method BuildVerb.main of <colcon_core.verb.build.BuildVerb object at 0x7fc93fba88e0>>, mixin_verb=('build',))
[0.540s] Level 1:colcon.colcon_core.package_discovery:discover_packages(colcon_meta) check parameters
[0.540s] Level 1:colcon.colcon_core.package_discovery:discover_packages(recursive) check parameters
[0.540s] Level 1:colcon.colcon_core.package_discovery:discover_packages(ignore) check parameters
[0.540s] Level 1:colcon.colcon_core.package_discovery:discover_packages(path) check parameters
[0.540s] Level 1:colcon.colcon_core.package_discovery:discover_packages(colcon_meta) discover
[0.541s] Level 1:colcon.colcon_core.package_discovery:discover_packages(recursive) discover
[0.541s] INFO:colcon.colcon_core.package_discovery:Crawling recursively for packages in '/home/ajak2k/Sriram_AjayShankar_ws'
[0.541s] Level 1:colcon.colcon_core.package_identification:_identify(.) by extensions ['ignore', 'ignore_ament_install']
[0.541s] Level 1:colcon.colcon_core.package_identification:_identify(.) by extension 'ignore'
[0.541s] Level 1:colcon.colcon_core.package_identification:_identify(.) by extension 'ignore_ament_install'
[0.541s] Level 1:colcon.colcon_core.package_identification:_identify(.) by extensions ['colcon_pkg']
[0.541s] Level 1:colcon.colcon_core.package_identification:_identify(.) by extension 'colcon_pkg'
[0.541s] Level 1:colcon.colcon_core.package_identification:_identify(.) by extensions ['colcon_meta']
[0.541s] Level 1:colcon.colcon_core.package_identification:_identify(.) by extension 'colcon_meta'
[0.541s] Level 1:colcon.colcon_core.package_identification:_identify(.) by extensions ['ros']
[0.541s] Level 1:colcon.colcon_core.package_identification:_identify(.) by extension 'ros'
[0.556s] Level 1:colcon.colcon_core.package_identification:_identify(.) by extensions ['cmake', 'python']
[0.556s] Level 1:colcon.colcon_core.package_identification:_identify(.) by extension 'cmake'
[0.556s] Level 1:colcon.colcon_core.package_identification:_identify(.) by extension 'python'
[0.556s] Level 1:colcon.colcon_core.package_identification:_identify(.) by extensions ['python_setup_py']
[0.556s] Level 1:colcon.colcon_core.package_identification:_identify(.) by extension 'python_setup_py'
[0.556s] Level 1:colcon.colcon_core.package_identification:_identify(build) by extensions ['ignore', 'ignore_ament_install']
[0.556s] Level 1:colcon.colcon_core.package_identification:_identify(build) by extension 'ignore'
[0.556s] Level 1:colcon.colcon_core.package_identification:_identify(build) ignored
[0.556s] Level 1:colcon.colcon_core.package_identification:_identify(install) by extensions ['ignore', 'ignore_ament_install']
[0.556s] Level 1:colcon.colcon_core.package_identification:_identify(install) by extension 'ignore'
[0.556s] Level 1:colcon.colcon_core.package_identification:_identify(install) ignored
[0.557s] Level 1:colcon.colcon_core.package_identification:_identify(log) by extensions ['ignore', 'ignore_ament_install']
[0.557s] Level 1:colcon.colcon_core.package_identification:_identify(log) by extension 'ignore'
[0.557s] Level 1:colcon.colcon_core.package_identification:_identify(log) ignored
[0.557s] Level 1:colcon.colcon_core.package_identification:_identify(src) by extensions ['ignore', 'ignore_ament_install']
[0.557s] Level 1:colcon.colcon_core.package_identification:_identify(src) by extension 'ignore'
[0.557s] Level 1:colcon.colcon_core.package_identification:_identify(src) by extension 'ignore_ament_install'
[0.557s] Level 1:colcon.colcon_core.package_identification:_identify(src) by extensions ['colcon_pkg']
[0.557s] Level 1:colcon.colcon_core.package_identification:_identify(src) by extension 'colcon_pkg'
[0.557s] Level 1:colcon.colcon_core.package_identification:_identify(src) by extensions ['colcon_meta']
[0.557s] Level 1:colcon.colcon_core.package_identification:_identify(src) by extension 'colcon_meta'
[0.557s] Level 1:colcon.colcon_core.package_identification:_identify(src) by extensions ['ros']
[0.558s] Level 1:colcon.colcon_core.package_identification:_identify(src) by extension 'ros'
[0.558s] Level 1:colcon.colcon_core.package_identification:_identify(src) by extensions ['cmake', 'python']
[0.558s] Level 1:colcon.colcon_core.package_identification:_identify(src) by extension 'cmake'
[0.558s] Level 1:colcon.colcon_core.package_identification:_identify(src) by extension 'python'
[0.558s] Level 1:colcon.colcon_core.package_identification:_identify(src) by extensions ['python_setup_py']
[0.558s] Level 1:colcon.colcon_core.package_identification:_identify(src) by extension 'python_setup_py'
[0.558s] Level 1:colcon.colcon_core.package_identification:_identify(src/autoturtle) by extensions ['ignore', 'ignore_ament_install']
[0.558s] Level 1:colcon.colcon_core.package_identification:_identify(src/autoturtle) by extension 'ignore'
[0.558s] Level 1:colcon.colcon_core.package_identification:_identify(src/autoturtle) by extension 'ignore_ament_install'
[0.558s] Level 1:colcon.colcon_core.package_identification:_identify(src/autoturtle) by extensions ['colcon_pkg']
[0.558s] Level 1:colcon.colcon_core.package_identification:_identify(src/autoturtle) by extension 'colcon_pkg'
[0.558s] Level 1:colcon.colcon_core.package_identification:_identify(src/autoturtle) by extensions ['colcon_meta']
[0.558s] Level 1:colcon.colcon_core.package_identification:_identify(src/autoturtle) by extension 'colcon_meta'
[0.558s] Level 1:colcon.colcon_core.package_identification:_identify(src/autoturtle) by extensions ['ros']
[0.558s] Level 1:colcon.colcon_core.package_identification:_identify(src/autoturtle) by extension 'ros'
[0.561s] DEBUG:colcon.colcon_core.package_identification:Package 'src/autoturtle' with type 'ros.ament_python' and name 'autoturtle'
[0.561s] Level 1:colcon.colcon_core.package_identification:_identify(src/turtlebot) by extensions ['ignore', 'ignore_ament_install']
[0.561s] Level 1:colcon.colcon_core.package_identification:_identify(src/turtlebot) by extension 'ignore'
[0.561s] Level 1:colcon.colcon_core.package_identification:_identify(src/turtlebot) by extension 'ignore_ament_install'
[0.561s] Level 1:colcon.colcon_core.package_identification:_identify(src/turtlebot) by extensions ['colcon_pkg']
[0.561s] Level 1:colcon.colcon_core.package_identification:_identify(src/turtlebot) by extension 'colcon_pkg'
[0.561s] Level 1:colcon.colcon_core.package_identification:_identify(src/turtlebot) by extensions ['colcon_meta']
[0.561s] Level 1:colcon.colcon_core.package_identification:_identify(src/turtlebot) by extension 'colcon_meta'
[0.561s] Level 1:colcon.colcon_core.package_identification:_identify(src/turtlebot) by extensions ['ros']
[0.561s] Level 1:colcon.colcon_core.package_identification:_identify(src/turtlebot) by extension 'ros'
[0.562s] DEBUG:colcon.colcon_core.package_identification:Package 'src/turtlebot' with type 'ros.ament_python' and name 'turtlebot'
[0.562s] Level 1:colcon.colcon_core.package_discovery:discover_packages(recursive) using defaults
[0.562s] Level 1:colcon.colcon_core.package_discovery:discover_packages(ignore) discover
[0.562s] Level 1:colcon.colcon_core.package_discovery:discover_packages(ignore) using defaults
[0.563s] Level 1:colcon.colcon_core.package_discovery:discover_packages(path) discover
[0.563s] Level 1:colcon.colcon_core.package_discovery:discover_packages(path) using defaults
[0.595s] Level 1:colcon.colcon_core.package_discovery:discover_packages(prefix_path) check parameters
[0.595s] Level 1:colcon.colcon_core.package_discovery:discover_packages(prefix_path) discover
[0.597s] DEBUG:colcon.colcon_installed_package_information.package_discovery:Found 2 installed packages in /home/ajak2k/Sriram_AjayShankar_ws/install
[0.598s] DEBUG:colcon.colcon_installed_package_information.package_discovery:Found 3 installed packages in /home/ajak2k/turtlebot3_ws/install
[0.605s] DEBUG:colcon.colcon_installed_package_information.package_discovery:Found 345 installed packages in /home/ajak2k/ros2_humble/ros2
[0.609s] DEBUG:colcon.colcon_installed_package_information.package_discovery:Found 391 installed packages in /opt/ros/humble
[0.621s] Level 1:colcon.colcon_core.package_discovery:discover_packages(prefix_path) using defaults
[0.705s] Level 5:colcon.colcon_core.verb:set package 'autoturtle' build argument 'cmake_args' from command line to 'None'
[0.705s] Level 5:colcon.colcon_core.verb:set package 'autoturtle' build argument 'cmake_target' from command line to 'None'
[0.705s] Level 5:colcon.colcon_core.verb:set package 'autoturtle' build argument 'cmake_target_skip_unavailable' from command line to 'False'
[0.705s] Level 5:colcon.colcon_core.verb:set package 'autoturtle' build argument 'cmake_clean_cache' from command line to 'False'
[0.705s] Level 5:colcon.colcon_core.verb:set package 'autoturtle' build argument 'cmake_clean_first' from command line to 'False'
[0.705s] Level 5:colcon.colcon_core.verb:set package 'autoturtle' build argument 'cmake_force_configure' from command line to 'False'
[0.705s] Level 5:colcon.colcon_core.verb:set package 'autoturtle' build argument 'ament_cmake_args' from command line to 'None'
[0.706s] Level 5:colcon.colcon_core.verb:set package 'autoturtle' build argument 'catkin_cmake_args' from command line to 'None'
[0.706s] Level 5:colcon.colcon_core.verb:set package 'autoturtle' build argument 'catkin_skip_building_tests' from command line to 'False'
[0.706s] DEBUG:colcon.colcon_core.verb:Building package 'autoturtle' with the following arguments: {'ament_cmake_args': None, 'build_base': '/home/ajak2k/Sriram_AjayShankar_ws/build/autoturtle', 'catkin_cmake_args': None, 'catkin_skip_building_tests': False, 'cmake_args': None, 'cmake_clean_cache': False, 'cmake_clean_first': False, 'cmake_force_configure': False, 'cmake_target': None, 'cmake_target_skip_unavailable': False, 'install_base': '/home/ajak2k/Sriram_AjayShankar_ws/install/autoturtle', 'merge_install': False, 'path': '/home/ajak2k/Sriram_AjayShankar_ws/src/autoturtle', 'symlink_install': False, 'test_result_base': None}
[0.706s] Level 5:colcon.colcon_core.verb:set package 'turtlebot' build argument 'cmake_args' from command line to 'None'
[0.706s] Level 5:colcon.colcon_core.verb:set package 'turtlebot' build argument 'cmake_target' from command line to 'None'
[0.706s] Level 5:colcon.colcon_core.verb:set package 'turtlebot' build argument 'cmake_target_skip_unavailable' from command line to 'False'
[0.706s] Level 5:colcon.colcon_core.verb:set package 'turtlebot' build argument 'cmake_clean_cache' from command line to 'False'
[0.706s] Level 5:colcon.colcon_core.verb:set package 'turtlebot' build argument 'cmake_clean_first' from command line to 'False'
[0.706s] Level 5:colcon.colcon_core.verb:set package 'turtlebot' build argument 'cmake_force_configure' from command line to 'False'
[0.706s] Level 5:colcon.colcon_core.verb:set package 'turtlebot' build argument 'ament_cmake_args' from command line to 'None'
[0.706s] Level 5:colcon.colcon_core.verb:set package 'turtlebot' build argument 'catkin_cmake_args' from command line to 'None'
[0.706s] Level 5:colcon.colcon_core.verb:set package 'turtlebot' build argument 'catkin_skip_building_tests' from command line to 'False'
[0.706s] DEBUG:colcon.colcon_core.verb:Building package 'turtlebot' with the following arguments: {'ament_cmake_args': None, 'build_base': '/home/ajak2k/Sriram_AjayShankar_ws/build/turtlebot', 'catkin_cmake_args': None, 'catkin_skip_building_tests': False, 'cmake_args': None, 'cmake_clean_cache': False, 'cmake_clean_first': False, 'cmake_force_configure': False, 'cmake_target': None, 'cmake_target_skip_unavailable': False, 'install_base': '/home/ajak2k/Sriram_AjayShankar_ws/install/turtlebot', 'merge_install': False, 'path': '/home/ajak2k/Sriram_AjayShankar_ws/src/turtlebot', 'symlink_install': False, 'test_result_base': None}
[0.706s] INFO:colcon.colcon_core.executor:Executing jobs using 'parallel' executor
[0.707s] DEBUG:colcon.colcon_parallel_executor.executor.parallel:run_until_complete
[0.708s] INFO:colcon.colcon_ros.task.ament_python.build:Building ROS package in '/home/ajak2k/Sriram_AjayShankar_ws/src/autoturtle' with build type 'ament_python'
[0.708s] Level 1:colcon.colcon_core.shell:create_environment_hook('autoturtle', 'ament_prefix_path')
[0.711s] INFO:colcon.colcon_core.plugin_system:Skipping extension 'colcon_core.shell.bat': Not used on non-Windows systems
[0.711s] INFO:colcon.colcon_core.shell:Creating environment hook '/home/ajak2k/Sriram_AjayShankar_ws/install/autoturtle/share/autoturtle/hook/ament_prefix_path.ps1'
[0.711s] INFO:colcon.colcon_core.shell:Creating environment descriptor '/home/ajak2k/Sriram_AjayShankar_ws/install/autoturtle/share/autoturtle/hook/ament_prefix_path.dsv'
[0.712s] INFO:colcon.colcon_core.shell:Creating environment hook '/home/ajak2k/Sriram_AjayShankar_ws/install/autoturtle/share/autoturtle/hook/ament_prefix_path.sh'
[0.713s] INFO:colcon.colcon_core.shell:Skip shell extension 'powershell' for command environment: Not usable outside of PowerShell
[0.713s] DEBUG:colcon.colcon_core.shell:Skip shell extension 'dsv' for command environment
[0.725s] INFO:colcon.colcon_ros.task.ament_python.build:Building ROS package in '/home/ajak2k/Sriram_AjayShankar_ws/src/turtlebot' with build type 'ament_python'
[0.725s] Level 1:colcon.colcon_core.shell:create_environment_hook('turtlebot', 'ament_prefix_path')
[0.725s] INFO:colcon.colcon_core.shell:Creating environment hook '/home/ajak2k/Sriram_AjayShankar_ws/install/turtlebot/share/turtlebot/hook/ament_prefix_path.ps1'
[0.726s] INFO:colcon.colcon_core.shell:Creating environment descriptor '/home/ajak2k/Sriram_AjayShankar_ws/install/turtlebot/share/turtlebot/hook/ament_prefix_path.dsv'
[0.727s] INFO:colcon.colcon_core.shell:Creating environment hook '/home/ajak2k/Sriram_AjayShankar_ws/install/turtlebot/share/turtlebot/hook/ament_prefix_path.sh'
[0.728s] INFO:colcon.colcon_core.shell:Skip shell extension 'powershell' for command environment: Not usable outside of PowerShell
[0.728s] DEBUG:colcon.colcon_core.shell:Skip shell extension 'dsv' for command environment
[1.135s] INFO:colcon.colcon_core.task.python.build:Building Python package in '/home/ajak2k/Sriram_AjayShankar_ws/src/autoturtle'
[1.135s] INFO:colcon.colcon_core.shell:Skip shell extension 'powershell' for command environment: Not usable outside of PowerShell
[1.135s] DEBUG:colcon.colcon_core.shell:Skip shell extension 'dsv' for command environment
[1.719s] INFO:colcon.colcon_core.task.python.build:Building Python package in '/home/ajak2k/Sriram_AjayShankar_ws/src/turtlebot'
[1.719s] INFO:colcon.colcon_core.shell:Skip shell extension 'powershell' for command environment: Not usable outside of PowerShell
[1.719s] DEBUG:colcon.colcon_core.shell:Skip shell extension 'dsv' for command environment
[2.622s] DEBUG:colcon.colcon_core.event_handler.log_command:Invoking command in '/home/ajak2k/Sriram_AjayShankar_ws/src/autoturtle': PYTHONPATH=/home/ajak2k/Sriram_AjayShankar_ws/build/autoturtle/prefix_override:/home/ajak2k/Sriram_AjayShankar_ws/install/autoturtle/lib/python3.10/site-packages:${PYTHONPATH} /usr/bin/python3 -W ignore:setup.py install is deprecated setup.py egg_info --egg-base ../../build/autoturtle build --build-base /home/ajak2k/Sriram_AjayShankar_ws/build/autoturtle/build install --record /home/ajak2k/Sriram_AjayShankar_ws/build/autoturtle/install.log --single-version-externally-managed install_data
[2.638s] DEBUG:colcon.colcon_core.event_handler.log_command:Invoking command in '/home/ajak2k/Sriram_AjayShankar_ws/src/turtlebot': PYTHONPATH=/home/ajak2k/Sriram_AjayShankar_ws/build/turtlebot/prefix_override:/home/ajak2k/Sriram_AjayShankar_ws/install/turtlebot/lib/python3.10/site-packages:${PYTHONPATH} /usr/bin/python3 -W ignore:setup.py install is deprecated setup.py egg_info --egg-base ../../build/turtlebot build --build-base /home/ajak2k/Sriram_AjayShankar_ws/build/turtlebot/build install --record /home/ajak2k/Sriram_AjayShankar_ws/build/turtlebot/install.log --single-version-externally-managed install_data
[3.416s] DEBUG:colcon.colcon_core.event_handler.log_command:Invoked command in '/home/ajak2k/Sriram_AjayShankar_ws/src/turtlebot' returned '0': PYTHONPATH=/home/ajak2k/Sriram_AjayShankar_ws/build/turtlebot/prefix_override:/home/ajak2k/Sriram_AjayShankar_ws/install/turtlebot/lib/python3.10/site-packages:${PYTHONPATH} /usr/bin/python3 -W ignore:setup.py install is deprecated setup.py egg_info --egg-base ../../build/turtlebot build --build-base /home/ajak2k/Sriram_AjayShankar_ws/build/turtlebot/build install --record /home/ajak2k/Sriram_AjayShankar_ws/build/turtlebot/install.log --single-version-externally-managed install_data
[3.417s] Level 1:colcon.colcon_core.environment:checking '/home/ajak2k/Sriram_AjayShankar_ws/install/turtlebot' for CMake module files
[3.419s] Level 1:colcon.colcon_core.environment:checking '/home/ajak2k/Sriram_AjayShankar_ws/install/turtlebot' for CMake config files
[3.422s] Level 1:colcon.colcon_core.environment:checking '/home/ajak2k/Sriram_AjayShankar_ws/install/turtlebot/lib'
[3.423s] Level 1:colcon.colcon_core.environment:checking '/home/ajak2k/Sriram_AjayShankar_ws/install/turtlebot/bin'
[3.423s] Level 1:colcon.colcon_core.environment:checking '/home/ajak2k/Sriram_AjayShankar_ws/install/turtlebot/lib/pkgconfig/turtlebot.pc'
[3.424s] Level 1:colcon.colcon_core.environment:checking '/home/ajak2k/Sriram_AjayShankar_ws/install/turtlebot/lib/python3.10/site-packages'
[3.424s] Level 1:colcon.colcon_core.shell:create_environment_hook('turtlebot', 'pythonpath')
[3.425s] INFO:colcon.colcon_core.shell:Creating environment hook '/home/ajak2k/Sriram_AjayShankar_ws/install/turtlebot/share/turtlebot/hook/pythonpath.ps1'
[3.425s] INFO:colcon.colcon_core.shell:Creating environment descriptor '/home/ajak2k/Sriram_AjayShankar_ws/install/turtlebot/share/turtlebot/hook/pythonpath.dsv'
[3.426s] INFO:colcon.colcon_core.shell:Creating environment hook '/home/ajak2k/Sriram_AjayShankar_ws/install/turtlebot/share/turtlebot/hook/pythonpath.sh'
[3.428s] Level 1:colcon.colcon_core.environment:checking '/home/ajak2k/Sriram_AjayShankar_ws/install/turtlebot/bin'
[3.428s] Level 1:colcon.colcon_core.environment:create_environment_scripts_only(turtlebot)
[3.429s] INFO:colcon.colcon_core.shell:Creating package script '/home/ajak2k/Sriram_AjayShankar_ws/install/turtlebot/share/turtlebot/package.ps1'
[3.431s] INFO:colcon.colcon_core.shell:Creating package descriptor '/home/ajak2k/Sriram_AjayShankar_ws/install/turtlebot/share/turtlebot/package.dsv'
[3.432s] INFO:colcon.colcon_core.shell:Creating package script '/home/ajak2k/Sriram_AjayShankar_ws/install/turtlebot/share/turtlebot/package.sh'
[3.434s] INFO:colcon.colcon_core.shell:Creating package script '/home/ajak2k/Sriram_AjayShankar_ws/install/turtlebot/share/turtlebot/package.bash'
[3.436s] INFO:colcon.colcon_core.shell:Creating package script '/home/ajak2k/Sriram_AjayShankar_ws/install/turtlebot/share/turtlebot/package.zsh'
[3.438s] Level 1:colcon.colcon_core.environment:create_file_with_runtime_dependencies(/home/ajak2k/Sriram_AjayShankar_ws/install/turtlebot/share/colcon-core/packages/turtlebot)
[3.442s] Level 1:colcon.colcon_core.environment:checking '/home/ajak2k/Sriram_AjayShankar_ws/install/autoturtle' for CMake module files
[3.444s] DEBUG:colcon.colcon_core.event_handler.log_command:Invoked command in '/home/ajak2k/Sriram_AjayShankar_ws/src/autoturtle' returned '0': PYTHONPATH=/home/ajak2k/Sriram_AjayShankar_ws/build/autoturtle/prefix_override:/home/ajak2k/Sriram_AjayShankar_ws/install/autoturtle/lib/python3.10/site-packages:${PYTHONPATH} /usr/bin/python3 -W ignore:setup.py install is deprecated setup.py egg_info --egg-base ../../build/autoturtle build --build-base /home/ajak2k/Sriram_AjayShankar_ws/build/autoturtle/build install --record /home/ajak2k/Sriram_AjayShankar_ws/build/autoturtle/install.log --single-version-externally-managed install_data
[3.445s] Level 1:colcon.colcon_core.environment:checking '/home/ajak2k/Sriram_AjayShankar_ws/install/autoturtle' for CMake config files
[3.447s] Level 1:colcon.colcon_core.environment:checking '/home/ajak2k/Sriram_AjayShankar_ws/install/autoturtle/lib'
[3.447s] Level 1:colcon.colcon_core.environment:checking '/home/ajak2k/Sriram_AjayShankar_ws/install/autoturtle/bin'
[3.448s] Level 1:colcon.colcon_core.environment:checking '/home/ajak2k/Sriram_AjayShankar_ws/install/autoturtle/lib/pkgconfig/autoturtle.pc'
[3.448s] Level 1:colcon.colcon_core.environment:checking '/home/ajak2k/Sriram_AjayShankar_ws/install/autoturtle/lib/python3.10/site-packages'
[3.448s] Level 1:colcon.colcon_core.shell:create_environment_hook('autoturtle', 'pythonpath')
[3.448s] INFO:colcon.colcon_core.shell:Creating environment hook '/home/ajak2k/Sriram_AjayShankar_ws/install/autoturtle/share/autoturtle/hook/pythonpath.ps1'
[3.449s] INFO:colcon.colcon_core.shell:Creating environment descriptor '/home/ajak2k/Sriram_AjayShankar_ws/install/autoturtle/share/autoturtle/hook/pythonpath.dsv'
[3.450s] INFO:colcon.colcon_core.shell:Creating environment hook '/home/ajak2k/Sriram_AjayShankar_ws/install/autoturtle/share/autoturtle/hook/pythonpath.sh'
[3.450s] Level 1:colcon.colcon_core.environment:checking '/home/ajak2k/Sriram_AjayShankar_ws/install/autoturtle/bin'
[3.450s] Level 1:colcon.colcon_core.environment:create_environment_scripts_only(autoturtle)
[3.451s] INFO:colcon.colcon_core.shell:Creating package script '/home/ajak2k/Sriram_AjayShankar_ws/install/autoturtle/share/autoturtle/package.ps1'
[3.452s] INFO:colcon.colcon_core.shell:Creating package descriptor '/home/ajak2k/Sriram_AjayShankar_ws/install/autoturtle/share/autoturtle/package.dsv'
[3.452s] INFO:colcon.colcon_core.shell:Creating package script '/home/ajak2k/Sriram_AjayShankar_ws/install/autoturtle/share/autoturtle/package.sh'
[3.453s] INFO:colcon.colcon_core.shell:Creating package script '/home/ajak2k/Sriram_AjayShankar_ws/install/autoturtle/share/autoturtle/package.bash'
[3.453s] INFO:colcon.colcon_core.shell:Creating package script '/home/ajak2k/Sriram_AjayShankar_ws/install/autoturtle/share/autoturtle/package.zsh'
[3.454s] Level 1:colcon.colcon_core.environment:create_file_with_runtime_dependencies(/home/ajak2k/Sriram_AjayShankar_ws/install/autoturtle/share/colcon-core/packages/autoturtle)
[3.455s] DEBUG:colcon.colcon_parallel_executor.executor.parallel:closing loop
[3.456s] DEBUG:colcon.colcon_parallel_executor.executor.parallel:loop closed
[3.456s] DEBUG:colcon.colcon_parallel_executor.executor.parallel:run_until_complete finished with '0'
[3.456s] DEBUG:colcon.colcon_core.event_reactor:joining thread
[3.565s] INFO:colcon.colcon_core.plugin_system:Skipping extension 'colcon_notification.desktop_notification.notify_send': Could not find 'notify-send'
[3.565s] INFO:colcon.colcon_core.plugin_system:Skipping extension 'colcon_notification.desktop_notification.terminal_notifier': Not used on non-Darwin systems
[3.566s] INFO:colcon.colcon_core.plugin_system:Skipping extension 'colcon_notification.desktop_notification.win32': Not used on non-Windows systems
[3.566s] INFO:colcon.colcon_notification.desktop_notification:Sending desktop notification using 'notify2'
[3.566s] DEBUG:colcon.colcon_notification.desktop_notification.notify2:Failed to initialize notify2: org.freedesktop.DBus.Error.FileNotFound: Failed to connect to socket /run/user/1000/bus: No such file or directory
[3.566s] DEBUG:colcon.colcon_core.event_reactor:joined thread
[3.567s] INFO:colcon.colcon_core.shell:Creating prefix script '/home/ajak2k/Sriram_AjayShankar_ws/install/local_setup.ps1'
[3.569s] INFO:colcon.colcon_core.shell:Creating prefix util module '/home/ajak2k/Sriram_AjayShankar_ws/install/_local_setup_util_ps1.py'
[3.573s] INFO:colcon.colcon_core.shell:Creating prefix chain script '/home/ajak2k/Sriram_AjayShankar_ws/install/setup.ps1'
[3.577s] INFO:colcon.colcon_core.shell:Creating prefix script '/home/ajak2k/Sriram_AjayShankar_ws/install/local_setup.sh'
[3.584s] INFO:colcon.colcon_core.shell:Creating prefix util module '/home/ajak2k/Sriram_AjayShankar_ws/install/_local_setup_util_sh.py'
[3.585s] INFO:colcon.colcon_core.shell:Creating prefix chain script '/home/ajak2k/Sriram_AjayShankar_ws/install/setup.sh'
[3.588s] INFO:colcon.colcon_core.shell:Creating prefix script '/home/ajak2k/Sriram_AjayShankar_ws/install/local_setup.bash'
[3.589s] INFO:colcon.colcon_core.shell:Creating prefix chain script '/home/ajak2k/Sriram_AjayShankar_ws/install/setup.bash'
[3.590s] INFO:colcon.colcon_core.shell:Creating prefix script '/home/ajak2k/Sriram_AjayShankar_ws/install/local_setup.zsh'
[3.591s] INFO:colcon.colcon_core.shell:Creating prefix chain script '/home/ajak2k/Sriram_AjayShankar_ws/install/setup.zsh'
