[6.340s] Invoking command in '/home/ajak2k/Sriram_AjayShankar_ws/src/turtlebot': PYTHONPATH=/home/ajak2k/Sriram_AjayShankar_ws/build/turtlebot/prefix_override:/home/ajak2k/Sriram_AjayShankar_ws/install/turtlebot/lib/python3.10/site-packages:${PYTHONPATH} /usr/bin/python3 -W ignore:setup.py install is deprecated setup.py egg_info --egg-base ../../build/turtlebot build --build-base /home/ajak2k/Sriram_AjayShankar_ws/build/turtlebot/build install --record /home/ajak2k/Sriram_AjayShankar_ws/build/turtlebot/install.log --single-version-externally-managed install_data
[7.659s] running egg_info
[7.665s] writing ../../build/turtlebot/turtlebot.egg-info/PKG-INFO
[7.666s] writing dependency_links to ../../build/turtlebot/turtlebot.egg-info/dependency_links.txt
[7.669s] writing entry points to ../../build/turtlebot/turtlebot.egg-info/entry_points.txt
[7.674s] writing requirements to ../../build/turtlebot/turtlebot.egg-info/requires.txt
[7.676s] writing top-level names to ../../build/turtlebot/turtlebot.egg-info/top_level.txt
[7.680s] reading manifest file '../../build/turtlebot/turtlebot.egg-info/SOURCES.txt'
[7.681s] writing manifest file '../../build/turtlebot/turtlebot.egg-info/SOURCES.txt'
[7.682s] running build
[7.683s] running build_py
[7.687s] running install
[7.687s] running install_lib
[7.690s] running install_data
[7.694s] running install_egg_info
[7.697s] removing '/home/ajak2k/Sriram_AjayShankar_ws/install/turtlebot/lib/python3.10/site-packages/turtlebot-0.2.0-py3.10.egg-info' (and everything under it)
[7.698s] Copying ../../build/turtlebot/turtlebot.egg-info to /home/ajak2k/Sriram_AjayShankar_ws/install/turtlebot/lib/python3.10/site-packages/turtlebot-0.2.0-py3.10.egg-info
[7.704s] running install_scripts
[7.794s] Installing motion_planner script to /home/ajak2k/Sriram_AjayShankar_ws/install/turtlebot/lib/turtlebot
[7.798s] Installing pid_controller script to /home/ajak2k/Sriram_AjayShankar_ws/install/turtlebot/lib/turtlebot
[7.798s] writing list of installed files to '/home/ajak2k/Sriram_AjayShankar_ws/build/turtlebot/install.log'
[7.916s] Invoked command in '/home/ajak2k/Sriram_AjayShankar_ws/src/turtlebot' returned '0': PYTHONPATH=/home/ajak2k/Sriram_AjayShankar_ws/build/turtlebot/prefix_override:/home/ajak2k/Sriram_AjayShankar_ws/install/turtlebot/lib/python3.10/site-packages:${PYTHONPATH} /usr/bin/python3 -W ignore:setup.py install is deprecated setup.py egg_info --egg-base ../../build/turtlebot build --build-base /home/ajak2k/Sriram_AjayShankar_ws/build/turtlebot/build install --record /home/ajak2k/Sriram_AjayShankar_ws/build/turtlebot/install.log --single-version-externally-managed install_data
