[3.279s] Invoking command in '/home/ajak2k/Sriram_AjayShankar_ws/src/turtlebot': PYTHONPATH=/home/ajak2k/Sriram_AjayShankar_ws/build/turtlebot/prefix_override:/home/ajak2k/Sriram_AjayShankar_ws/install/turtlebot/lib/python3.10/site-packages:${PYTHONPATH} /usr/bin/python3 -W ignore:setup.py install is deprecated setup.py egg_info --egg-base ../../build/turtlebot build --build-base /home/ajak2k/Sriram_AjayShankar_ws/build/turtlebot/build install --record /home/ajak2k/Sriram_AjayShankar_ws/build/turtlebot/install.log --single-version-externally-managed install_data
[4.202s] running egg_info
[4.205s] writing ../../build/turtlebot/turtlebot.egg-info/PKG-INFO
[4.206s] writing dependency_links to ../../build/turtlebot/turtlebot.egg-info/dependency_links.txt
[4.206s] writing entry points to ../../build/turtlebot/turtlebot.egg-info/entry_points.txt
[4.206s] writing requirements to ../../build/turtlebot/turtlebot.egg-info/requires.txt
[4.207s] writing top-level names to ../../build/turtlebot/turtlebot.egg-info/top_level.txt
[4.212s] reading manifest file '../../build/turtlebot/turtlebot.egg-info/SOURCES.txt'
[4.214s] writing manifest file '../../build/turtlebot/turtlebot.egg-info/SOURCES.txt'
[4.215s] running build
[4.215s] running build_py
[4.216s] running install
[4.217s] running install_lib
[4.223s] running install_data
[4.223s] running install_egg_info
[4.228s] removing '/home/ajak2k/Sriram_AjayShankar_ws/install/turtlebot/lib/python3.10/site-packages/turtlebot-0.4.0-py3.10.egg-info' (and everything under it)
[4.228s] Copying ../../build/turtlebot/turtlebot.egg-info to /home/ajak2k/Sriram_AjayShankar_ws/install/turtlebot/lib/python3.10/site-packages/turtlebot-0.4.0-py3.10.egg-info
[4.230s] running install_scripts
[4.289s] Installing map_reader_template script to /home/ajak2k/Sriram_AjayShankar_ws/install/turtlebot/lib/turtlebot
[4.290s] Installing motion_planner script to /home/ajak2k/Sriram_AjayShankar_ws/install/turtlebot/lib/turtlebot
[4.291s] Installing pid_controller script to /home/ajak2k/Sriram_AjayShankar_ws/install/turtlebot/lib/turtlebot
[4.291s] Installing rrt script to /home/ajak2k/Sriram_AjayShankar_ws/install/turtlebot/lib/turtlebot
[4.291s] Installing rrt_node script to /home/ajak2k/Sriram_AjayShankar_ws/install/turtlebot/lib/turtlebot
[4.292s] writing list of installed files to '/home/ajak2k/Sriram_AjayShankar_ws/build/turtlebot/install.log'
[4.351s] Invoked command in '/home/ajak2k/Sriram_AjayShankar_ws/src/turtlebot' returned '0': PYTHONPATH=/home/ajak2k/Sriram_AjayShankar_ws/build/turtlebot/prefix_override:/home/ajak2k/Sriram_AjayShankar_ws/install/turtlebot/lib/python3.10/site-packages:${PYTHONPATH} /usr/bin/python3 -W ignore:setup.py install is deprecated setup.py egg_info --egg-base ../../build/turtlebot build --build-base /home/ajak2k/Sriram_AjayShankar_ws/build/turtlebot/build install --record /home/ajak2k/Sriram_AjayShankar_ws/build/turtlebot/install.log --single-version-externally-managed install_data
