[0.541s] Invoking command in '/home/ajak2k/Sriram_AjayShankar_ws/src/autoturtle': PYTHONPATH=/home/ajak2k/Sriram_AjayShankar_ws/build/autoturtle/prefix_override:/home/ajak2k/Sriram_AjayShankar_ws/install/autoturtle/lib/python3.10/site-packages:${PYTHONPATH} /usr/bin/python3 -W ignore:setup.py install is deprecated setup.py egg_info --egg-base ../../build/autoturtle build --build-base /home/ajak2k/Sriram_AjayShankar_ws/build/autoturtle/build install --record /home/ajak2k/Sriram_AjayShankar_ws/build/autoturtle/install.log --single-version-externally-managed install_data
[0.744s] running egg_info
[0.745s] writing ../../build/autoturtle/autoturtle.egg-info/PKG-INFO
[0.745s] writing dependency_links to ../../build/autoturtle/autoturtle.egg-info/dependency_links.txt
[0.745s] writing entry points to ../../build/autoturtle/autoturtle.egg-info/entry_points.txt
[0.746s] writing requirements to ../../build/autoturtle/autoturtle.egg-info/requires.txt
[0.746s] writing top-level names to ../../build/autoturtle/autoturtle.egg-info/top_level.txt
[0.747s] reading manifest file '../../build/autoturtle/autoturtle.egg-info/SOURCES.txt'
[0.748s] writing manifest file '../../build/autoturtle/autoturtle.egg-info/SOURCES.txt'
[0.748s] running build
[0.748s] running build_py
[0.749s] running install
[0.749s] running install_lib
[0.750s] running install_data
[0.750s] running install_egg_info
[0.752s] removing '/home/ajak2k/Sriram_AjayShankar_ws/install/autoturtle/lib/python3.10/site-packages/autoturtle-0.3.0-py3.10.egg-info' (and everything under it)
[0.752s] Copying ../../build/autoturtle/autoturtle.egg-info to /home/ajak2k/Sriram_AjayShankar_ws/install/autoturtle/lib/python3.10/site-packages/autoturtle-0.3.0-py3.10.egg-info
[0.753s] running install_scripts
[0.770s] Installing my_teleop_node script to /home/ajak2k/Sriram_AjayShankar_ws/install/autoturtle/lib/autoturtle
[0.770s] Installing swim_node script to /home/ajak2k/Sriram_AjayShankar_ws/install/autoturtle/lib/autoturtle
[0.770s] Installing swim_to_goal script to /home/ajak2k/Sriram_AjayShankar_ws/install/autoturtle/lib/autoturtle
[0.770s] writing list of installed files to '/home/ajak2k/Sriram_AjayShankar_ws/build/autoturtle/install.log'
[0.790s] Invoked command in '/home/ajak2k/Sriram_AjayShankar_ws/src/autoturtle' returned '0': PYTHONPATH=/home/ajak2k/Sriram_AjayShankar_ws/build/autoturtle/prefix_override:/home/ajak2k/Sriram_AjayShankar_ws/install/autoturtle/lib/python3.10/site-packages:${PYTHONPATH} /usr/bin/python3 -W ignore:setup.py install is deprecated setup.py egg_info --egg-base ../../build/autoturtle build --build-base /home/ajak2k/Sriram_AjayShankar_ws/build/autoturtle/build install --record /home/ajak2k/Sriram_AjayShankar_ws/build/autoturtle/install.log --single-version-externally-managed install_data
