[5.861s] Invoking command in '/home/ajak2k/Sriram_AjayShankar_ws/src/turtlebot': PYTHONPATH=/home/ajak2k/Sriram_AjayShankar_ws/build/turtlebot/prefix_override:/home/ajak2k/Sriram_AjayShankar_ws/install/turtlebot/lib/python3.10/site-packages:${PYTHONPATH} /usr/bin/python3 -W ignore:setup.py install is deprecated setup.py egg_info --egg-base ../../build/turtlebot build --build-base /home/ajak2k/Sriram_AjayShankar_ws/build/turtlebot/build install --record /home/ajak2k/Sriram_AjayShankar_ws/build/turtlebot/install.log --single-version-externally-managed install_data
[7.672s] running egg_info
[7.677s] writing ../../build/turtlebot/turtlebot.egg-info/PKG-INFO
[7.681s] writing dependency_links to ../../build/turtlebot/turtlebot.egg-info/dependency_links.txt
[7.683s] writing entry points to ../../build/turtlebot/turtlebot.egg-info/entry_points.txt
[7.684s] writing requirements to ../../build/turtlebot/turtlebot.egg-info/requires.txt
[7.685s] writing top-level names to ../../build/turtlebot/turtlebot.egg-info/top_level.txt
[7.693s] reading manifest file '../../build/turtlebot/turtlebot.egg-info/SOURCES.txt'
[7.700s] writing manifest file '../../build/turtlebot/turtlebot.egg-info/SOURCES.txt'
[7.701s] running build
[7.702s] running build_py
[7.704s] copying turtlebot/pid_controller.py -> /home/ajak2k/Sriram_AjayShankar_ws/build/turtlebot/build/lib/turtlebot
[7.704s] running install
[7.705s] running install_lib
[7.709s] copying /home/ajak2k/Sriram_AjayShankar_ws/build/turtlebot/build/lib/turtlebot/pid_controller.py -> /home/ajak2k/Sriram_AjayShankar_ws/install/turtlebot/lib/python3.10/site-packages/turtlebot
[7.712s] byte-compiling /home/ajak2k/Sriram_AjayShankar_ws/install/turtlebot/lib/python3.10/site-packages/turtlebot/pid_controller.py to pid_controller.cpython-310.pyc
[7.719s] running install_data
[7.721s] running install_egg_info
[7.733s] removing '/home/ajak2k/Sriram_AjayShankar_ws/install/turtlebot/lib/python3.10/site-packages/turtlebot-0.1.0-py3.10.egg-info' (and everything under it)
[7.736s] Copying ../../build/turtlebot/turtlebot.egg-info to /home/ajak2k/Sriram_AjayShankar_ws/install/turtlebot/lib/python3.10/site-packages/turtlebot-0.1.0-py3.10.egg-info
[7.743s] running install_scripts
[7.871s] Installing motion_planner script to /home/ajak2k/Sriram_AjayShankar_ws/install/turtlebot/lib/turtlebot
[7.872s] Installing pid_controller script to /home/ajak2k/Sriram_AjayShankar_ws/install/turtlebot/lib/turtlebot
[7.872s] writing list of installed files to '/home/ajak2k/Sriram_AjayShankar_ws/build/turtlebot/install.log'
[7.988s] Invoked command in '/home/ajak2k/Sriram_AjayShankar_ws/src/turtlebot' returned '0': PYTHONPATH=/home/ajak2k/Sriram_AjayShankar_ws/build/turtlebot/prefix_override:/home/ajak2k/Sriram_AjayShankar_ws/install/turtlebot/lib/python3.10/site-packages:${PYTHONPATH} /usr/bin/python3 -W ignore:setup.py install is deprecated setup.py egg_info --egg-base ../../build/turtlebot build --build-base /home/ajak2k/Sriram_AjayShankar_ws/build/turtlebot/build install --record /home/ajak2k/Sriram_AjayShankar_ws/build/turtlebot/install.log --single-version-externally-managed install_data
