[1.356s] DEBUG:colcon:Command line arguments: ['/home/ajak2k/.local/bin/colcon', 'build']
[1.357s] DEBUG:colcon:Parsed command line arguments: Namespace(log_base=None, log_level=None, verb_name='build', build_base='build', install_base='install', merge_install=False, symlink_install=False, test_result_base=None, continue_on_error=False, executor='parallel', parallel_workers=8, event_handlers=None, ignore_user_meta=False, metas=['./colcon.meta'], base_paths=['.'], packages_ignore=None, packages_ignore_regex=None, paths=None, packages_up_to=None, packages_up_to_regex=None, packages_above=None, packages_above_and_dependencies=None, packages_above_depth=None, packages_select_by_dep=None, packages_skip_by_dep=None, packages_skip_up_to=None, packages_select_build_failed=False, packages_skip_build_finished=False, packages_select_test_failures=False, packages_skip_test_passed=False, packages_select=None, packages_skip=None, packages_select_regex=None, packages_skip_regex=None, packages_start=None, packages_end=None, allow_overriding=[], cmake_args=None, cmake_target=None, cmake_target_skip_unavailable=False, cmake_clean_cache=False, cmake_clean_first=False, cmake_force_configure=False, ament_cmake_args=None, catkin_cmake_args=None, catkin_skip_building_tests=False, mixin_files=None, mixin=None, verb_parser=<colcon_mixin.mixin.mixin_argument.MixinArgumentDecorator object at 0x7fb0bc514eb0>, verb_extension=<colcon_core.verb.build.BuildVerb object at 0x7fb0bc5148e0>, main=<bound method BuildVerb.main of <colcon_core.verb.build.BuildVerb object at 0x7fb0bc5148e0>>, mixin_verb=('build',))
[2.359s] Level 1:colcon.colcon_core.package_discovery:discover_packages(colcon_meta) check parameters
[2.360s] Level 1:colcon.colcon_core.package_discovery:discover_packages(recursive) check parameters
[2.360s] Level 1:colcon.colcon_core.package_discovery:discover_packages(ignore) check parameters
[2.360s] Level 1:colcon.colcon_core.package_discovery:discover_packages(path) check parameters
[2.360s] Level 1:colcon.colcon_core.package_discovery:discover_packages(colcon_meta) discover
[2.361s] Level 1:colcon.colcon_core.package_discovery:discover_packages(recursive) discover
[2.361s] INFO:colcon.colcon_core.package_discovery:Crawling recursively for packages in '/home/ajak2k/Sriram_AjayShankar_ws'
[2.362s] Level 1:colcon.colcon_core.package_identification:_identify(.) by extensions ['ignore', 'ignore_ament_install']
[2.362s] Level 1:colcon.colcon_core.package_identification:_identify(.) by extension 'ignore'
[2.362s] Level 1:colcon.colcon_core.package_identification:_identify(.) by extension 'ignore_ament_install'
[2.363s] Level 1:colcon.colcon_core.package_identification:_identify(.) by extensions ['colcon_pkg']
[2.363s] Level 1:colcon.colcon_core.package_identification:_identify(.) by extension 'colcon_pkg'
[2.363s] Level 1:colcon.colcon_core.package_identification:_identify(.) by extensions ['colcon_meta']
[2.363s] Level 1:colcon.colcon_core.package_identification:_identify(.) by extension 'colcon_meta'
[2.363s] Level 1:colcon.colcon_core.package_identification:_identify(.) by extensions ['ros']
[2.363s] Level 1:colcon.colcon_core.package_identification:_identify(.) by extension 'ros'
[2.409s] Level 1:colcon.colcon_core.package_identification:_identify(.) by extensions ['cmake', 'python']
[2.410s] Level 1:colcon.colcon_core.package_identification:_identify(.) by extension 'cmake'
[2.410s] Level 1:colcon.colcon_core.package_identification:_identify(.) by extension 'python'
[2.410s] Level 1:colcon.colcon_core.package_identification:_identify(.) by extensions ['python_setup_py']
[2.410s] Level 1:colcon.colcon_core.package_identification:_identify(.) by extension 'python_setup_py'
[2.411s] Level 1:colcon.colcon_core.package_identification:_identify(build) by extensions ['ignore', 'ignore_ament_install']
[2.411s] Level 1:colcon.colcon_core.package_identification:_identify(build) by extension 'ignore'
[2.411s] Level 1:colcon.colcon_core.package_identification:_identify(build) ignored
[2.412s] Level 1:colcon.colcon_core.package_identification:_identify(install) by extensions ['ignore', 'ignore_ament_install']
[2.412s] Level 1:colcon.colcon_core.package_identification:_identify(install) by extension 'ignore'
[2.413s] Level 1:colcon.colcon_core.package_identification:_identify(install) ignored
[2.415s] Level 1:colcon.colcon_core.package_identification:_identify(log) by extensions ['ignore', 'ignore_ament_install']
[2.415s] Level 1:colcon.colcon_core.package_identification:_identify(log) by extension 'ignore'
[2.415s] Level 1:colcon.colcon_core.package_identification:_identify(log) ignored
[2.416s] Level 1:colcon.colcon_core.package_identification:_identify(src) by extensions ['ignore', 'ignore_ament_install']
[2.416s] Level 1:colcon.colcon_core.package_identification:_identify(src) by extension 'ignore'
[2.416s] Level 1:colcon.colcon_core.package_identification:_identify(src) by extension 'ignore_ament_install'
[2.416s] Level 1:colcon.colcon_core.package_identification:_identify(src) by extensions ['colcon_pkg']
[2.417s] Level 1:colcon.colcon_core.package_identification:_identify(src) by extension 'colcon_pkg'
[2.417s] Level 1:colcon.colcon_core.package_identification:_identify(src) by extensions ['colcon_meta']
[2.417s] Level 1:colcon.colcon_core.package_identification:_identify(src) by extension 'colcon_meta'
[2.417s] Level 1:colcon.colcon_core.package_identification:_identify(src) by extensions ['ros']
[2.417s] Level 1:colcon.colcon_core.package_identification:_identify(src) by extension 'ros'
[2.418s] Level 1:colcon.colcon_core.package_identification:_identify(src) by extensions ['cmake', 'python']
[2.418s] Level 1:colcon.colcon_core.package_identification:_identify(src) by extension 'cmake'
[2.418s] Level 1:colcon.colcon_core.package_identification:_identify(src) by extension 'python'
[2.419s] Level 1:colcon.colcon_core.package_identification:_identify(src) by extensions ['python_setup_py']
[2.419s] Level 1:colcon.colcon_core.package_identification:_identify(src) by extension 'python_setup_py'
[2.420s] Level 1:colcon.colcon_core.package_identification:_identify(src/autoturtle) by extensions ['ignore', 'ignore_ament_install']
[2.420s] Level 1:colcon.colcon_core.package_identification:_identify(src/autoturtle) by extension 'ignore'
[2.421s] Level 1:colcon.colcon_core.package_identification:_identify(src/autoturtle) by extension 'ignore_ament_install'
[2.421s] Level 1:colcon.colcon_core.package_identification:_identify(src/autoturtle) by extensions ['colcon_pkg']
[2.421s] Level 1:colcon.colcon_core.package_identification:_identify(src/autoturtle) by extension 'colcon_pkg'
[2.421s] Level 1:colcon.colcon_core.package_identification:_identify(src/autoturtle) by extensions ['colcon_meta']
[2.422s] Level 1:colcon.colcon_core.package_identification:_identify(src/autoturtle) by extension 'colcon_meta'
[2.422s] Level 1:colcon.colcon_core.package_identification:_identify(src/autoturtle) by extensions ['ros']
[2.422s] Level 1:colcon.colcon_core.package_identification:_identify(src/autoturtle) by extension 'ros'
[2.430s] DEBUG:colcon.colcon_core.package_identification:Package 'src/autoturtle' with type 'ros.ament_python' and name 'autoturtle'
[2.431s] Level 1:colcon.colcon_core.package_identification:_identify(src/turtlebot) by extensions ['ignore', 'ignore_ament_install']
[2.431s] Level 1:colcon.colcon_core.package_identification:_identify(src/turtlebot) by extension 'ignore'
[2.432s] Level 1:colcon.colcon_core.package_identification:_identify(src/turtlebot) by extension 'ignore_ament_install'
[2.432s] Level 1:colcon.colcon_core.package_identification:_identify(src/turtlebot) by extensions ['colcon_pkg']
[2.432s] Level 1:colcon.colcon_core.package_identification:_identify(src/turtlebot) by extension 'colcon_pkg'
[2.433s] Level 1:colcon.colcon_core.package_identification:_identify(src/turtlebot) by extensions ['colcon_meta']
[2.433s] Level 1:colcon.colcon_core.package_identification:_identify(src/turtlebot) by extension 'colcon_meta'
[2.433s] Level 1:colcon.colcon_core.package_identification:_identify(src/turtlebot) by extensions ['ros']
[2.433s] Level 1:colcon.colcon_core.package_identification:_identify(src/turtlebot) by extension 'ros'
[2.436s] DEBUG:colcon.colcon_core.package_identification:Package 'src/turtlebot' with type 'ros.ament_python' and name 'turtlebot'
[2.437s] Level 1:colcon.colcon_core.package_discovery:discover_packages(recursive) using defaults
[2.437s] Level 1:colcon.colcon_core.package_discovery:discover_packages(ignore) discover
[2.437s] Level 1:colcon.colcon_core.package_discovery:discover_packages(ignore) using defaults
[2.437s] Level 1:colcon.colcon_core.package_discovery:discover_packages(path) discover
[2.438s] Level 1:colcon.colcon_core.package_discovery:discover_packages(path) using defaults
[2.556s] Level 1:colcon.colcon_core.package_discovery:discover_packages(prefix_path) check parameters
[2.556s] Level 1:colcon.colcon_core.package_discovery:discover_packages(prefix_path) discover
[2.564s] DEBUG:colcon.colcon_installed_package_information.package_discovery:Found 2 installed packages in /home/ajak2k/Sriram_AjayShankar_ws/install
[2.566s] DEBUG:colcon.colcon_installed_package_information.package_discovery:Found 3 installed packages in /home/ajak2k/turtlebot3_ws/install
[2.589s] DEBUG:colcon.colcon_installed_package_information.package_discovery:Found 345 installed packages in /home/ajak2k/ros2_humble/ros2
[2.604s] DEBUG:colcon.colcon_installed_package_information.package_discovery:Found 391 installed packages in /opt/ros/humble
[2.692s] Level 1:colcon.colcon_core.package_discovery:discover_packages(prefix_path) using defaults
[3.097s] Level 5:colcon.colcon_core.verb:set package 'autoturtle' build argument 'cmake_args' from command line to 'None'
[3.097s] Level 5:colcon.colcon_core.verb:set package 'autoturtle' build argument 'cmake_target' from command line to 'None'
[3.097s] Level 5:colcon.colcon_core.verb:set package 'autoturtle' build argument 'cmake_target_skip_unavailable' from command line to 'False'
[3.097s] Level 5:colcon.colcon_core.verb:set package 'autoturtle' build argument 'cmake_clean_cache' from command line to 'False'
[3.097s] Level 5:colcon.colcon_core.verb:set package 'autoturtle' build argument 'cmake_clean_first' from command line to 'False'
[3.097s] Level 5:colcon.colcon_core.verb:set package 'autoturtle' build argument 'cmake_force_configure' from command line to 'False'
[3.097s] Level 5:colcon.colcon_core.verb:set package 'autoturtle' build argument 'ament_cmake_args' from command line to 'None'
[3.097s] Level 5:colcon.colcon_core.verb:set package 'autoturtle' build argument 'catkin_cmake_args' from command line to 'None'
[3.098s] Level 5:colcon.colcon_core.verb:set package 'autoturtle' build argument 'catkin_skip_building_tests' from command line to 'False'
[3.098s] DEBUG:colcon.colcon_core.verb:Building package 'autoturtle' with the following arguments: {'ament_cmake_args': None, 'build_base': '/home/ajak2k/Sriram_AjayShankar_ws/build/autoturtle', 'catkin_cmake_args': None, 'catkin_skip_building_tests': False, 'cmake_args': None, 'cmake_clean_cache': False, 'cmake_clean_first': False, 'cmake_force_configure': False, 'cmake_target': None, 'cmake_target_skip_unavailable': False, 'install_base': '/home/ajak2k/Sriram_AjayShankar_ws/install/autoturtle', 'merge_install': False, 'path': '/home/ajak2k/Sriram_AjayShankar_ws/src/autoturtle', 'symlink_install': False, 'test_result_base': None}
[3.099s] Level 5:colcon.colcon_core.verb:set package 'turtlebot' build argument 'cmake_args' from command line to 'None'
[3.099s] Level 5:colcon.colcon_core.verb:set package 'turtlebot' build argument 'cmake_target' from command line to 'None'
[3.100s] Level 5:colcon.colcon_core.verb:set package 'turtlebot' build argument 'cmake_target_skip_unavailable' from command line to 'False'
[3.100s] Level 5:colcon.colcon_core.verb:set package 'turtlebot' build argument 'cmake_clean_cache' from command line to 'False'
[3.100s] Level 5:colcon.colcon_core.verb:set package 'turtlebot' build argument 'cmake_clean_first' from command line to 'False'
[3.100s] Level 5:colcon.colcon_core.verb:set package 'turtlebot' build argument 'cmake_force_configure' from command line to 'False'
[3.100s] Level 5:colcon.colcon_core.verb:set package 'turtlebot' build argument 'ament_cmake_args' from command line to 'None'
[3.101s] Level 5:colcon.colcon_core.verb:set package 'turtlebot' build argument 'catkin_cmake_args' from command line to 'None'
[3.101s] Level 5:colcon.colcon_core.verb:set package 'turtlebot' build argument 'catkin_skip_building_tests' from command line to 'False'
[3.101s] DEBUG:colcon.colcon_core.verb:Building package 'turtlebot' with the following arguments: {'ament_cmake_args': None, 'build_base': '/home/ajak2k/Sriram_AjayShankar_ws/build/turtlebot', 'catkin_cmake_args': None, 'catkin_skip_building_tests': False, 'cmake_args': None, 'cmake_clean_cache': False, 'cmake_clean_first': False, 'cmake_force_configure': False, 'cmake_target': None, 'cmake_target_skip_unavailable': False, 'install_base': '/home/ajak2k/Sriram_AjayShankar_ws/install/turtlebot', 'merge_install': False, 'path': '/home/ajak2k/Sriram_AjayShankar_ws/src/turtlebot', 'symlink_install': False, 'test_result_base': None}
[3.102s] INFO:colcon.colcon_core.executor:Executing jobs using 'parallel' executor
[3.105s] DEBUG:colcon.colcon_parallel_executor.executor.parallel:run_until_complete
[3.106s] INFO:colcon.colcon_ros.task.ament_python.build:Building ROS package in '/home/ajak2k/Sriram_AjayShankar_ws/src/autoturtle' with build type 'ament_python'
[3.106s] Level 1:colcon.colcon_core.shell:create_environment_hook('autoturtle', 'ament_prefix_path')
[3.115s] INFO:colcon.colcon_core.plugin_system:Skipping extension 'colcon_core.shell.bat': Not used on non-Windows systems
[3.116s] INFO:colcon.colcon_core.shell:Creating environment hook '/home/ajak2k/Sriram_AjayShankar_ws/install/autoturtle/share/autoturtle/hook/ament_prefix_path.ps1'
[3.118s] INFO:colcon.colcon_core.shell:Creating environment descriptor '/home/ajak2k/Sriram_AjayShankar_ws/install/autoturtle/share/autoturtle/hook/ament_prefix_path.dsv'
[3.120s] INFO:colcon.colcon_core.shell:Creating environment hook '/home/ajak2k/Sriram_AjayShankar_ws/install/autoturtle/share/autoturtle/hook/ament_prefix_path.sh'
[3.124s] INFO:colcon.colcon_core.shell:Skip shell extension 'powershell' for command environment: Not usable outside of PowerShell
[3.124s] DEBUG:colcon.colcon_core.shell:Skip shell extension 'dsv' for command environment
[3.178s] INFO:colcon.colcon_ros.task.ament_python.build:Building ROS package in '/home/ajak2k/Sriram_AjayShankar_ws/src/turtlebot' with build type 'ament_python'
[3.181s] Level 1:colcon.colcon_core.shell:create_environment_hook('turtlebot', 'ament_prefix_path')
[3.182s] INFO:colcon.colcon_core.shell:Creating environment hook '/home/ajak2k/Sriram_AjayShankar_ws/install/turtlebot/share/turtlebot/hook/ament_prefix_path.ps1'
[3.185s] INFO:colcon.colcon_core.shell:Creating environment descriptor '/home/ajak2k/Sriram_AjayShankar_ws/install/turtlebot/share/turtlebot/hook/ament_prefix_path.dsv'
[3.186s] INFO:colcon.colcon_core.shell:Creating environment hook '/home/ajak2k/Sriram_AjayShankar_ws/install/turtlebot/share/turtlebot/hook/ament_prefix_path.sh'
[3.188s] INFO:colcon.colcon_core.shell:Skip shell extension 'powershell' for command environment: Not usable outside of PowerShell
[3.188s] DEBUG:colcon.colcon_core.shell:Skip shell extension 'dsv' for command environment
[4.720s] INFO:colcon.colcon_core.task.python.build:Building Python package in '/home/ajak2k/Sriram_AjayShankar_ws/src/autoturtle'
[4.721s] INFO:colcon.colcon_core.shell:Skip shell extension 'powershell' for command environment: Not usable outside of PowerShell
[4.722s] DEBUG:colcon.colcon_core.shell:Skip shell extension 'dsv' for command environment
[6.513s] INFO:colcon.colcon_core.task.python.build:Building Python package in '/home/ajak2k/Sriram_AjayShankar_ws/src/turtlebot'
[6.514s] INFO:colcon.colcon_core.shell:Skip shell extension 'powershell' for command environment: Not usable outside of PowerShell
[6.514s] DEBUG:colcon.colcon_core.shell:Skip shell extension 'dsv' for command environment
[8.836s] DEBUG:colcon.colcon_core.event_handler.log_command:Invoking command in '/home/ajak2k/Sriram_AjayShankar_ws/src/turtlebot': PYTHONPATH=/home/ajak2k/Sriram_AjayShankar_ws/build/turtlebot/prefix_override:/home/ajak2k/Sriram_AjayShankar_ws/install/turtlebot/lib/python3.10/site-packages:${PYTHONPATH} /usr/bin/python3 -W ignore:setup.py install is deprecated setup.py egg_info --egg-base ../../build/turtlebot build --build-base /home/ajak2k/Sriram_AjayShankar_ws/build/turtlebot/build install --record /home/ajak2k/Sriram_AjayShankar_ws/build/turtlebot/install.log --single-version-externally-managed install_data
[8.889s] DEBUG:colcon.colcon_core.event_handler.log_command:Invoking command in '/home/ajak2k/Sriram_AjayShankar_ws/src/autoturtle': PYTHONPATH=/home/ajak2k/Sriram_AjayShankar_ws/build/autoturtle/prefix_override:/home/ajak2k/Sriram_AjayShankar_ws/install/autoturtle/lib/python3.10/site-packages:${PYTHONPATH} /usr/bin/python3 -W ignore:setup.py install is deprecated setup.py egg_info --egg-base ../../build/autoturtle build --build-base /home/ajak2k/Sriram_AjayShankar_ws/build/autoturtle/build install --record /home/ajak2k/Sriram_AjayShankar_ws/build/autoturtle/install.log --single-version-externally-managed install_data
[11.095s] Level 1:colcon.colcon_core.environment:checking '/home/ajak2k/Sriram_AjayShankar_ws/install/turtlebot' for CMake module files
[11.096s] Level 1:colcon.colcon_core.environment:checking '/home/ajak2k/Sriram_AjayShankar_ws/install/turtlebot' for CMake config files
[11.098s] Level 1:colcon.colcon_core.environment:checking '/home/ajak2k/Sriram_AjayShankar_ws/install/turtlebot/lib'
[11.099s] Level 1:colcon.colcon_core.environment:checking '/home/ajak2k/Sriram_AjayShankar_ws/install/turtlebot/bin'
[11.099s] Level 1:colcon.colcon_core.environment:checking '/home/ajak2k/Sriram_AjayShankar_ws/install/turtlebot/lib/pkgconfig/turtlebot.pc'
[11.100s] Level 1:colcon.colcon_core.environment:checking '/home/ajak2k/Sriram_AjayShankar_ws/install/turtlebot/lib/python3.10/site-packages'
[11.101s] Level 1:colcon.colcon_core.shell:create_environment_hook('turtlebot', 'pythonpath')
[11.101s] INFO:colcon.colcon_core.shell:Creating environment hook '/home/ajak2k/Sriram_AjayShankar_ws/install/turtlebot/share/turtlebot/hook/pythonpath.ps1'
[11.104s] DEBUG:colcon.colcon_core.event_handler.log_command:Invoked command in '/home/ajak2k/Sriram_AjayShankar_ws/src/turtlebot' returned '0': PYTHONPATH=/home/ajak2k/Sriram_AjayShankar_ws/build/turtlebot/prefix_override:/home/ajak2k/Sriram_AjayShankar_ws/install/turtlebot/lib/python3.10/site-packages:${PYTHONPATH} /usr/bin/python3 -W ignore:setup.py install is deprecated setup.py egg_info --egg-base ../../build/turtlebot build --build-base /home/ajak2k/Sriram_AjayShankar_ws/build/turtlebot/build install --record /home/ajak2k/Sriram_AjayShankar_ws/build/turtlebot/install.log --single-version-externally-managed install_data
[11.105s] INFO:colcon.colcon_core.shell:Creating environment descriptor '/home/ajak2k/Sriram_AjayShankar_ws/install/turtlebot/share/turtlebot/hook/pythonpath.dsv'
[11.106s] INFO:colcon.colcon_core.shell:Creating environment hook '/home/ajak2k/Sriram_AjayShankar_ws/install/turtlebot/share/turtlebot/hook/pythonpath.sh'
[11.107s] Level 1:colcon.colcon_core.environment:checking '/home/ajak2k/Sriram_AjayShankar_ws/install/turtlebot/bin'
[11.108s] Level 1:colcon.colcon_core.environment:create_environment_scripts_only(turtlebot)
[11.109s] INFO:colcon.colcon_core.shell:Creating package script '/home/ajak2k/Sriram_AjayShankar_ws/install/turtlebot/share/turtlebot/package.ps1'
[11.113s] INFO:colcon.colcon_core.shell:Creating package descriptor '/home/ajak2k/Sriram_AjayShankar_ws/install/turtlebot/share/turtlebot/package.dsv'
[11.115s] INFO:colcon.colcon_core.shell:Creating package script '/home/ajak2k/Sriram_AjayShankar_ws/install/turtlebot/share/turtlebot/package.sh'
[11.117s] INFO:colcon.colcon_core.shell:Creating package script '/home/ajak2k/Sriram_AjayShankar_ws/install/turtlebot/share/turtlebot/package.bash'
[11.120s] INFO:colcon.colcon_core.shell:Creating package script '/home/ajak2k/Sriram_AjayShankar_ws/install/turtlebot/share/turtlebot/package.zsh'
[11.122s] Level 1:colcon.colcon_core.environment:create_file_with_runtime_dependencies(/home/ajak2k/Sriram_AjayShankar_ws/install/turtlebot/share/colcon-core/packages/turtlebot)
[11.130s] Level 1:colcon.colcon_core.environment:checking '/home/ajak2k/Sriram_AjayShankar_ws/install/autoturtle' for CMake module files
[11.134s] DEBUG:colcon.colcon_core.event_handler.log_command:Invoked command in '/home/ajak2k/Sriram_AjayShankar_ws/src/autoturtle' returned '0': PYTHONPATH=/home/ajak2k/Sriram_AjayShankar_ws/build/autoturtle/prefix_override:/home/ajak2k/Sriram_AjayShankar_ws/install/autoturtle/lib/python3.10/site-packages:${PYTHONPATH} /usr/bin/python3 -W ignore:setup.py install is deprecated setup.py egg_info --egg-base ../../build/autoturtle build --build-base /home/ajak2k/Sriram_AjayShankar_ws/build/autoturtle/build install --record /home/ajak2k/Sriram_AjayShankar_ws/build/autoturtle/install.log --single-version-externally-managed install_data
[11.135s] Level 1:colcon.colcon_core.environment:checking '/home/ajak2k/Sriram_AjayShankar_ws/install/autoturtle' for CMake config files
[11.138s] Level 1:colcon.colcon_core.environment:checking '/home/ajak2k/Sriram_AjayShankar_ws/install/autoturtle/lib'
[11.138s] Level 1:colcon.colcon_core.environment:checking '/home/ajak2k/Sriram_AjayShankar_ws/install/autoturtle/bin'
[11.138s] Level 1:colcon.colcon_core.environment:checking '/home/ajak2k/Sriram_AjayShankar_ws/install/autoturtle/lib/pkgconfig/autoturtle.pc'
[11.139s] Level 1:colcon.colcon_core.environment:checking '/home/ajak2k/Sriram_AjayShankar_ws/install/autoturtle/lib/python3.10/site-packages'
[11.140s] Level 1:colcon.colcon_core.shell:create_environment_hook('autoturtle', 'pythonpath')
[11.141s] INFO:colcon.colcon_core.shell:Creating environment hook '/home/ajak2k/Sriram_AjayShankar_ws/install/autoturtle/share/autoturtle/hook/pythonpath.ps1'
[11.143s] INFO:colcon.colcon_core.shell:Creating environment descriptor '/home/ajak2k/Sriram_AjayShankar_ws/install/autoturtle/share/autoturtle/hook/pythonpath.dsv'
[11.146s] INFO:colcon.colcon_core.shell:Creating environment hook '/home/ajak2k/Sriram_AjayShankar_ws/install/autoturtle/share/autoturtle/hook/pythonpath.sh'
[11.147s] Level 1:colcon.colcon_core.environment:checking '/home/ajak2k/Sriram_AjayShankar_ws/install/autoturtle/bin'
[11.148s] Level 1:colcon.colcon_core.environment:create_environment_scripts_only(autoturtle)
[11.148s] INFO:colcon.colcon_core.shell:Creating package script '/home/ajak2k/Sriram_AjayShankar_ws/install/autoturtle/share/autoturtle/package.ps1'
[11.152s] INFO:colcon.colcon_core.shell:Creating package descriptor '/home/ajak2k/Sriram_AjayShankar_ws/install/autoturtle/share/autoturtle/package.dsv'
[11.153s] INFO:colcon.colcon_core.shell:Creating package script '/home/ajak2k/Sriram_AjayShankar_ws/install/autoturtle/share/autoturtle/package.sh'
[11.154s] INFO:colcon.colcon_core.shell:Creating package script '/home/ajak2k/Sriram_AjayShankar_ws/install/autoturtle/share/autoturtle/package.bash'
[11.156s] INFO:colcon.colcon_core.shell:Creating package script '/home/ajak2k/Sriram_AjayShankar_ws/install/autoturtle/share/autoturtle/package.zsh'
[11.157s] Level 1:colcon.colcon_core.environment:create_file_with_runtime_dependencies(/home/ajak2k/Sriram_AjayShankar_ws/install/autoturtle/share/colcon-core/packages/autoturtle)
[11.159s] DEBUG:colcon.colcon_parallel_executor.executor.parallel:closing loop
[11.161s] DEBUG:colcon.colcon_parallel_executor.executor.parallel:loop closed
[11.161s] DEBUG:colcon.colcon_parallel_executor.executor.parallel:run_until_complete finished with '0'
[11.162s] DEBUG:colcon.colcon_core.event_reactor:joining thread
[11.387s] INFO:colcon.colcon_core.plugin_system:Skipping extension 'colcon_notification.desktop_notification.notify_send': Could not find 'notify-send'
[11.387s] INFO:colcon.colcon_core.plugin_system:Skipping extension 'colcon_notification.desktop_notification.terminal_notifier': Not used on non-Darwin systems
[11.389s] INFO:colcon.colcon_core.plugin_system:Skipping extension 'colcon_notification.desktop_notification.win32': Not used on non-Windows systems
[11.389s] INFO:colcon.colcon_notification.desktop_notification:Sending desktop notification using 'notify2'
[11.389s] DEBUG:colcon.colcon_notification.desktop_notification.notify2:Failed to initialize notify2: org.freedesktop.DBus.Error.FileNotFound: Failed to connect to socket /run/user/1000/bus: No such file or directory
[11.390s] DEBUG:colcon.colcon_core.event_reactor:joined thread
[11.391s] INFO:colcon.colcon_core.shell:Creating prefix script '/home/ajak2k/Sriram_AjayShankar_ws/install/local_setup.ps1'
[11.394s] INFO:colcon.colcon_core.shell:Creating prefix util module '/home/ajak2k/Sriram_AjayShankar_ws/install/_local_setup_util_ps1.py'
[11.399s] INFO:colcon.colcon_core.shell:Creating prefix chain script '/home/ajak2k/Sriram_AjayShankar_ws/install/setup.ps1'
[11.405s] INFO:colcon.colcon_core.shell:Creating prefix script '/home/ajak2k/Sriram_AjayShankar_ws/install/local_setup.sh'
[11.407s] INFO:colcon.colcon_core.shell:Creating prefix util module '/home/ajak2k/Sriram_AjayShankar_ws/install/_local_setup_util_sh.py'
[11.409s] INFO:colcon.colcon_core.shell:Creating prefix chain script '/home/ajak2k/Sriram_AjayShankar_ws/install/setup.sh'
[11.415s] INFO:colcon.colcon_core.shell:Creating prefix script '/home/ajak2k/Sriram_AjayShankar_ws/install/local_setup.bash'
[11.416s] INFO:colcon.colcon_core.shell:Creating prefix chain script '/home/ajak2k/Sriram_AjayShankar_ws/install/setup.bash'
[11.422s] INFO:colcon.colcon_core.shell:Creating prefix script '/home/ajak2k/Sriram_AjayShankar_ws/install/local_setup.zsh'
[11.424s] INFO:colcon.colcon_core.shell:Creating prefix chain script '/home/ajak2k/Sriram_AjayShankar_ws/install/setup.zsh'
