[5.314s] Invoking command in '/home/ajak2k/Sriram_AjayShankar_ws/src/autoturtle': PYTHONPATH=/home/ajak2k/Sriram_AjayShankar_ws/build/autoturtle/prefix_override:/home/ajak2k/Sriram_AjayShankar_ws/install/autoturtle/lib/python3.10/site-packages:${PYTHONPATH} /usr/bin/python3 -W ignore:setup.py install is deprecated setup.py egg_info --egg-base ../../build/autoturtle build --build-base /home/ajak2k/Sriram_AjayShankar_ws/build/autoturtle/build install --record /home/ajak2k/Sriram_AjayShankar_ws/build/autoturtle/install.log --single-version-externally-managed install_data
[6.744s] running egg_info
[6.747s] writing ../../build/autoturtle/autoturtle.egg-info/PKG-INFO
[6.749s] writing dependency_links to ../../build/autoturtle/autoturtle.egg-info/dependency_links.txt
[6.750s] writing entry points to ../../build/autoturtle/autoturtle.egg-info/entry_points.txt
[6.751s] writing requirements to ../../build/autoturtle/autoturtle.egg-info/requires.txt
[6.751s] writing top-level names to ../../build/autoturtle/autoturtle.egg-info/top_level.txt
[6.758s] reading manifest file '../../build/autoturtle/autoturtle.egg-info/SOURCES.txt'
[6.761s] writing manifest file '../../build/autoturtle/autoturtle.egg-info/SOURCES.txt'
[6.761s] running build
[6.761s] running build_py
[6.762s] running install
[6.764s] running install_lib
[6.769s] running install_data
[6.770s] running install_egg_info
[6.774s] removing '/home/ajak2k/Sriram_AjayShankar_ws/install/autoturtle/lib/python3.10/site-packages/autoturtle-0.3.0-py3.10.egg-info' (and everything under it)
[6.775s] Copying ../../build/autoturtle/autoturtle.egg-info to /home/ajak2k/Sriram_AjayShankar_ws/install/autoturtle/lib/python3.10/site-packages/autoturtle-0.3.0-py3.10.egg-info
[6.778s] running install_scripts
[6.858s] Installing my_teleop_node script to /home/ajak2k/Sriram_AjayShankar_ws/install/autoturtle/lib/autoturtle
[6.858s] Installing swim_node script to /home/ajak2k/Sriram_AjayShankar_ws/install/autoturtle/lib/autoturtle
[6.859s] Installing swim_to_goal script to /home/ajak2k/Sriram_AjayShankar_ws/install/autoturtle/lib/autoturtle
[6.860s] writing list of installed files to '/home/ajak2k/Sriram_AjayShankar_ws/build/autoturtle/install.log'
[6.952s] Invoked command in '/home/ajak2k/Sriram_AjayShankar_ws/src/autoturtle' returned '0': PYTHONPATH=/home/ajak2k/Sriram_AjayShankar_ws/build/autoturtle/prefix_override:/home/ajak2k/Sriram_AjayShankar_ws/install/autoturtle/lib/python3.10/site-packages:${PYTHONPATH} /usr/bin/python3 -W ignore:setup.py install is deprecated setup.py egg_info --egg-base ../../build/autoturtle build --build-base /home/ajak2k/Sriram_AjayShankar_ws/build/autoturtle/build install --record /home/ajak2k/Sriram_AjayShankar_ws/build/autoturtle/install.log --single-version-externally-managed install_data
