[3.264s] Invoking command in '/home/ajak2k/Sriram_AjayShankar_ws/src/turtlebot': PYTHONPATH=/home/ajak2k/Sriram_AjayShankar_ws/build/turtlebot/prefix_override:/home/ajak2k/Sriram_AjayShankar_ws/install/turtlebot/lib/python3.10/site-packages:${PYTHONPATH} /usr/bin/python3 -W ignore:setup.py install is deprecated setup.py egg_info --egg-base ../../build/turtlebot build --build-base /home/ajak2k/Sriram_AjayShankar_ws/build/turtlebot/build install --record /home/ajak2k/Sriram_AjayShankar_ws/build/turtlebot/install.log --single-version-externally-managed install_data
[3.782s] running egg_info
[3.783s] writing ../../build/turtlebot/turtlebot.egg-info/PKG-INFO
[3.785s] writing dependency_links to ../../build/turtlebot/turtlebot.egg-info/dependency_links.txt
[3.786s] writing entry points to ../../build/turtlebot/turtlebot.egg-info/entry_points.txt
[3.786s] writing requirements to ../../build/turtlebot/turtlebot.egg-info/requires.txt
[3.787s] writing top-level names to ../../build/turtlebot/turtlebot.egg-info/top_level.txt
[3.790s] reading manifest file '../../build/turtlebot/turtlebot.egg-info/SOURCES.txt'
[3.791s] writing manifest file '../../build/turtlebot/turtlebot.egg-info/SOURCES.txt'
[3.791s] running build
[3.791s] running build_py
[3.793s] running install
[3.794s] running install_lib
[3.797s] running install_data
[3.797s] running install_egg_info
[3.800s] removing '/home/ajak2k/Sriram_AjayShankar_ws/install/turtlebot/lib/python3.10/site-packages/turtlebot-0.1.0-py3.10.egg-info' (and everything under it)
[3.801s] Copying ../../build/turtlebot/turtlebot.egg-info to /home/ajak2k/Sriram_AjayShankar_ws/install/turtlebot/lib/python3.10/site-packages/turtlebot-0.1.0-py3.10.egg-info
[3.803s] running install_scripts
[3.833s] Installing motion_planner script to /home/ajak2k/Sriram_AjayShankar_ws/install/turtlebot/lib/turtlebot
[3.834s] Installing pid_controller script to /home/ajak2k/Sriram_AjayShankar_ws/install/turtlebot/lib/turtlebot
[3.834s] writing list of installed files to '/home/ajak2k/Sriram_AjayShankar_ws/build/turtlebot/install.log'
[3.880s] Invoked command in '/home/ajak2k/Sriram_AjayShankar_ws/src/turtlebot' returned '0': PYTHONPATH=/home/ajak2k/Sriram_AjayShankar_ws/build/turtlebot/prefix_override:/home/ajak2k/Sriram_AjayShankar_ws/install/turtlebot/lib/python3.10/site-packages:${PYTHONPATH} /usr/bin/python3 -W ignore:setup.py install is deprecated setup.py egg_info --egg-base ../../build/turtlebot build --build-base /home/ajak2k/Sriram_AjayShankar_ws/build/turtlebot/build install --record /home/ajak2k/Sriram_AjayShankar_ws/build/turtlebot/install.log --single-version-externally-managed install_data
