[2.082s] Invoking command in '/home/ajak2k/Sriram_AjayShankar_ws/src/turtlebot': PYTHONPATH=/home/ajak2k/Sriram_AjayShankar_ws/build/turtlebot/prefix_override:/home/ajak2k/Sriram_AjayShankar_ws/install/turtlebot/lib/python3.10/site-packages:${PYTHONPATH} /usr/bin/python3 -W ignore:setup.py install is deprecated setup.py egg_info --egg-base ../../build/turtlebot build --build-base /home/ajak2k/Sriram_AjayShankar_ws/build/turtlebot/build install --record /home/ajak2k/Sriram_AjayShankar_ws/build/turtlebot/install.log --single-version-externally-managed install_data
[2.702s] running egg_info
[2.705s] writing ../../build/turtlebot/turtlebot.egg-info/PKG-INFO
[2.706s] writing dependency_links to ../../build/turtlebot/turtlebot.egg-info/dependency_links.txt
[2.707s] writing entry points to ../../build/turtlebot/turtlebot.egg-info/entry_points.txt
[2.710s] writing requirements to ../../build/turtlebot/turtlebot.egg-info/requires.txt
[2.710s] writing top-level names to ../../build/turtlebot/turtlebot.egg-info/top_level.txt
[2.711s] reading manifest file '../../build/turtlebot/turtlebot.egg-info/SOURCES.txt'
[2.713s] writing manifest file '../../build/turtlebot/turtlebot.egg-info/SOURCES.txt'
[2.714s] running build
[2.714s] running build_py
[2.714s] running install
[2.715s] running install_lib
[2.718s] running install_data
[2.719s] running install_egg_info
[2.723s] removing '/home/ajak2k/Sriram_AjayShankar_ws/install/turtlebot/lib/python3.10/site-packages/turtlebot-0.1.0-py3.10.egg-info' (and everything under it)
[2.724s] Copying ../../build/turtlebot/turtlebot.egg-info to /home/ajak2k/Sriram_AjayShankar_ws/install/turtlebot/lib/python3.10/site-packages/turtlebot-0.1.0-py3.10.egg-info
[2.726s] running install_scripts
[2.774s] Installing motion_planner script to /home/ajak2k/Sriram_AjayShankar_ws/install/turtlebot/lib/turtlebot
[2.774s] Installing pid_controller script to /home/ajak2k/Sriram_AjayShankar_ws/install/turtlebot/lib/turtlebot
[2.775s] writing list of installed files to '/home/ajak2k/Sriram_AjayShankar_ws/build/turtlebot/install.log'
[2.856s] Invoked command in '/home/ajak2k/Sriram_AjayShankar_ws/src/turtlebot' returned '0': PYTHONPATH=/home/ajak2k/Sriram_AjayShankar_ws/build/turtlebot/prefix_override:/home/ajak2k/Sriram_AjayShankar_ws/install/turtlebot/lib/python3.10/site-packages:${PYTHONPATH} /usr/bin/python3 -W ignore:setup.py install is deprecated setup.py egg_info --egg-base ../../build/turtlebot build --build-base /home/ajak2k/Sriram_AjayShankar_ws/build/turtlebot/build install --record /home/ajak2k/Sriram_AjayShankar_ws/build/turtlebot/install.log --single-version-externally-managed install_data
