[0.881s] DEBUG:colcon:Command line arguments: ['/home/ajak2k/.local/bin/colcon', 'build']
[0.881s] DEBUG:colcon:Parsed command line arguments: Namespace(log_base=None, log_level=None, verb_name='build', build_base='build', install_base='install', merge_install=False, symlink_install=False, test_result_base=None, continue_on_error=False, executor='parallel', parallel_workers=8, event_handlers=None, ignore_user_meta=False, metas=['./colcon.meta'], base_paths=['.'], packages_ignore=None, packages_ignore_regex=None, paths=None, packages_up_to=None, packages_up_to_regex=None, packages_above=None, packages_above_and_dependencies=None, packages_above_depth=None, packages_select_by_dep=None, packages_skip_by_dep=None, packages_skip_up_to=None, packages_select_build_failed=False, packages_skip_build_finished=False, packages_select_test_failures=False, packages_skip_test_passed=False, packages_select=None, packages_skip=None, packages_select_regex=None, packages_skip_regex=None, packages_start=None, packages_end=None, allow_overriding=[], cmake_args=None, cmake_target=None, cmake_target_skip_unavailable=False, cmake_clean_cache=False, cmake_clean_first=False, cmake_force_configure=False, ament_cmake_args=None, catkin_cmake_args=None, catkin_skip_building_tests=False, mixin_files=None, mixin=None, verb_parser=<colcon_mixin.mixin.mixin_argument.MixinArgumentDecorator object at 0x7f9281d8ceb0>, verb_extension=<colcon_core.verb.build.BuildVerb object at 0x7f9281d8c8e0>, main=<bound method BuildVerb.main of <colcon_core.verb.build.BuildVerb object at 0x7f9281d8c8e0>>, mixin_verb=('build',))
[1.762s] Level 1:colcon.colcon_core.package_discovery:discover_packages(colcon_meta) check parameters
[1.762s] Level 1:colcon.colcon_core.package_discovery:discover_packages(recursive) check parameters
[1.762s] Level 1:colcon.colcon_core.package_discovery:discover_packages(ignore) check parameters
[1.762s] Level 1:colcon.colcon_core.package_discovery:discover_packages(path) check parameters
[1.762s] Level 1:colcon.colcon_core.package_discovery:discover_packages(colcon_meta) discover
[1.763s] Level 1:colcon.colcon_core.package_discovery:discover_packages(recursive) discover
[1.763s] INFO:colcon.colcon_core.package_discovery:Crawling recursively for packages in '/home/ajak2k/Sriram_AjayShankar_ws'
[1.763s] Level 1:colcon.colcon_core.package_identification:_identify(.) by extensions ['ignore', 'ignore_ament_install']
[1.764s] Level 1:colcon.colcon_core.package_identification:_identify(.) by extension 'ignore'
[1.764s] Level 1:colcon.colcon_core.package_identification:_identify(.) by extension 'ignore_ament_install'
[1.764s] Level 1:colcon.colcon_core.package_identification:_identify(.) by extensions ['colcon_pkg']
[1.765s] Level 1:colcon.colcon_core.package_identification:_identify(.) by extension 'colcon_pkg'
[1.765s] Level 1:colcon.colcon_core.package_identification:_identify(.) by extensions ['colcon_meta']
[1.765s] Level 1:colcon.colcon_core.package_identification:_identify(.) by extension 'colcon_meta'
[1.765s] Level 1:colcon.colcon_core.package_identification:_identify(.) by extensions ['ros']
[1.765s] Level 1:colcon.colcon_core.package_identification:_identify(.) by extension 'ros'
[1.813s] Level 1:colcon.colcon_core.package_identification:_identify(.) by extensions ['cmake', 'python']
[1.813s] Level 1:colcon.colcon_core.package_identification:_identify(.) by extension 'cmake'
[1.813s] Level 1:colcon.colcon_core.package_identification:_identify(.) by extension 'python'
[1.813s] Level 1:colcon.colcon_core.package_identification:_identify(.) by extensions ['python_setup_py']
[1.813s] Level 1:colcon.colcon_core.package_identification:_identify(.) by extension 'python_setup_py'
[1.813s] Level 1:colcon.colcon_core.package_identification:_identify(build) by extensions ['ignore', 'ignore_ament_install']
[1.814s] Level 1:colcon.colcon_core.package_identification:_identify(build) by extension 'ignore'
[1.814s] Level 1:colcon.colcon_core.package_identification:_identify(build) ignored
[1.814s] Level 1:colcon.colcon_core.package_identification:_identify(install) by extensions ['ignore', 'ignore_ament_install']
[1.815s] Level 1:colcon.colcon_core.package_identification:_identify(install) by extension 'ignore'
[1.815s] Level 1:colcon.colcon_core.package_identification:_identify(install) ignored
[1.816s] Level 1:colcon.colcon_core.package_identification:_identify(log) by extensions ['ignore', 'ignore_ament_install']
[1.817s] Level 1:colcon.colcon_core.package_identification:_identify(log) by extension 'ignore'
[1.817s] Level 1:colcon.colcon_core.package_identification:_identify(log) ignored
[1.817s] Level 1:colcon.colcon_core.package_identification:_identify(src) by extensions ['ignore', 'ignore_ament_install']
[1.817s] Level 1:colcon.colcon_core.package_identification:_identify(src) by extension 'ignore'
[1.817s] Level 1:colcon.colcon_core.package_identification:_identify(src) by extension 'ignore_ament_install'
[1.817s] Level 1:colcon.colcon_core.package_identification:_identify(src) by extensions ['colcon_pkg']
[1.818s] Level 1:colcon.colcon_core.package_identification:_identify(src) by extension 'colcon_pkg'
[1.818s] Level 1:colcon.colcon_core.package_identification:_identify(src) by extensions ['colcon_meta']
[1.818s] Level 1:colcon.colcon_core.package_identification:_identify(src) by extension 'colcon_meta'
[1.818s] Level 1:colcon.colcon_core.package_identification:_identify(src) by extensions ['ros']
[1.818s] Level 1:colcon.colcon_core.package_identification:_identify(src) by extension 'ros'
[1.818s] Level 1:colcon.colcon_core.package_identification:_identify(src) by extensions ['cmake', 'python']
[1.818s] Level 1:colcon.colcon_core.package_identification:_identify(src) by extension 'cmake'
[1.819s] Level 1:colcon.colcon_core.package_identification:_identify(src) by extension 'python'
[1.819s] Level 1:colcon.colcon_core.package_identification:_identify(src) by extensions ['python_setup_py']
[1.819s] Level 1:colcon.colcon_core.package_identification:_identify(src) by extension 'python_setup_py'
[1.820s] Level 1:colcon.colcon_core.package_identification:_identify(src/autoturtle) by extensions ['ignore', 'ignore_ament_install']
[1.820s] Level 1:colcon.colcon_core.package_identification:_identify(src/autoturtle) by extension 'ignore'
[1.820s] Level 1:colcon.colcon_core.package_identification:_identify(src/autoturtle) by extension 'ignore_ament_install'
[1.820s] Level 1:colcon.colcon_core.package_identification:_identify(src/autoturtle) by extensions ['colcon_pkg']
[1.821s] Level 1:colcon.colcon_core.package_identification:_identify(src/autoturtle) by extension 'colcon_pkg'
[1.821s] Level 1:colcon.colcon_core.package_identification:_identify(src/autoturtle) by extensions ['colcon_meta']
[1.821s] Level 1:colcon.colcon_core.package_identification:_identify(src/autoturtle) by extension 'colcon_meta'
[1.821s] Level 1:colcon.colcon_core.package_identification:_identify(src/autoturtle) by extensions ['ros']
[1.821s] Level 1:colcon.colcon_core.package_identification:_identify(src/autoturtle) by extension 'ros'
[1.830s] DEBUG:colcon.colcon_core.package_identification:Package 'src/autoturtle' with type 'ros.ament_python' and name 'autoturtle'
[1.830s] Level 1:colcon.colcon_core.package_identification:_identify(turtlebot) by extensions ['ignore', 'ignore_ament_install']
[1.830s] Level 1:colcon.colcon_core.package_identification:_identify(turtlebot) by extension 'ignore'
[1.830s] Level 1:colcon.colcon_core.package_identification:_identify(turtlebot) by extension 'ignore_ament_install'
[1.831s] Level 1:colcon.colcon_core.package_identification:_identify(turtlebot) by extensions ['colcon_pkg']
[1.831s] Level 1:colcon.colcon_core.package_identification:_identify(turtlebot) by extension 'colcon_pkg'
[1.831s] Level 1:colcon.colcon_core.package_identification:_identify(turtlebot) by extensions ['colcon_meta']
[1.831s] Level 1:colcon.colcon_core.package_identification:_identify(turtlebot) by extension 'colcon_meta'
[1.831s] Level 1:colcon.colcon_core.package_identification:_identify(turtlebot) by extensions ['ros']
[1.831s] Level 1:colcon.colcon_core.package_identification:_identify(turtlebot) by extension 'ros'
[1.833s] DEBUG:colcon.colcon_core.package_identification:Package 'turtlebot' with type 'ros.ament_python' and name 'turtlebot'
[1.833s] Level 1:colcon.colcon_core.package_discovery:discover_packages(recursive) using defaults
[1.834s] Level 1:colcon.colcon_core.package_discovery:discover_packages(ignore) discover
[1.834s] Level 1:colcon.colcon_core.package_discovery:discover_packages(ignore) using defaults
[1.834s] Level 1:colcon.colcon_core.package_discovery:discover_packages(path) discover
[1.834s] Level 1:colcon.colcon_core.package_discovery:discover_packages(path) using defaults
[1.929s] Level 1:colcon.colcon_core.package_discovery:discover_packages(prefix_path) check parameters
[1.929s] Level 1:colcon.colcon_core.package_discovery:discover_packages(prefix_path) discover
[1.938s] DEBUG:colcon.colcon_installed_package_information.package_discovery:Found 2 installed packages in /home/ajak2k/Sriram_AjayShankar_ws/install
[1.940s] DEBUG:colcon.colcon_installed_package_information.package_discovery:Found 3 installed packages in /home/ajak2k/turtlebot3_ws/install
[1.963s] DEBUG:colcon.colcon_installed_package_information.package_discovery:Found 345 installed packages in /home/ajak2k/ros2_humble/ros2
[1.977s] DEBUG:colcon.colcon_installed_package_information.package_discovery:Found 391 installed packages in /opt/ros/humble
[2.020s] Level 1:colcon.colcon_core.package_discovery:discover_packages(prefix_path) using defaults
[2.328s] Level 5:colcon.colcon_core.verb:set package 'autoturtle' build argument 'cmake_args' from command line to 'None'
[2.328s] Level 5:colcon.colcon_core.verb:set package 'autoturtle' build argument 'cmake_target' from command line to 'None'
[2.329s] Level 5:colcon.colcon_core.verb:set package 'autoturtle' build argument 'cmake_target_skip_unavailable' from command line to 'False'
[2.329s] Level 5:colcon.colcon_core.verb:set package 'autoturtle' build argument 'cmake_clean_cache' from command line to 'False'
[2.329s] Level 5:colcon.colcon_core.verb:set package 'autoturtle' build argument 'cmake_clean_first' from command line to 'False'
[2.329s] Level 5:colcon.colcon_core.verb:set package 'autoturtle' build argument 'cmake_force_configure' from command line to 'False'
[2.330s] Level 5:colcon.colcon_core.verb:set package 'autoturtle' build argument 'ament_cmake_args' from command line to 'None'
[2.330s] Level 5:colcon.colcon_core.verb:set package 'autoturtle' build argument 'catkin_cmake_args' from command line to 'None'
[2.330s] Level 5:colcon.colcon_core.verb:set package 'autoturtle' build argument 'catkin_skip_building_tests' from command line to 'False'
[2.330s] DEBUG:colcon.colcon_core.verb:Building package 'autoturtle' with the following arguments: {'ament_cmake_args': None, 'build_base': '/home/ajak2k/Sriram_AjayShankar_ws/build/autoturtle', 'catkin_cmake_args': None, 'catkin_skip_building_tests': False, 'cmake_args': None, 'cmake_clean_cache': False, 'cmake_clean_first': False, 'cmake_force_configure': False, 'cmake_target': None, 'cmake_target_skip_unavailable': False, 'install_base': '/home/ajak2k/Sriram_AjayShankar_ws/install/autoturtle', 'merge_install': False, 'path': '/home/ajak2k/Sriram_AjayShankar_ws/src/autoturtle', 'symlink_install': False, 'test_result_base': None}
[2.331s] Level 5:colcon.colcon_core.verb:set package 'turtlebot' build argument 'cmake_args' from command line to 'None'
[2.331s] Level 5:colcon.colcon_core.verb:set package 'turtlebot' build argument 'cmake_target' from command line to 'None'
[2.331s] Level 5:colcon.colcon_core.verb:set package 'turtlebot' build argument 'cmake_target_skip_unavailable' from command line to 'False'
[2.331s] Level 5:colcon.colcon_core.verb:set package 'turtlebot' build argument 'cmake_clean_cache' from command line to 'False'
[2.331s] Level 5:colcon.colcon_core.verb:set package 'turtlebot' build argument 'cmake_clean_first' from command line to 'False'
[2.332s] Level 5:colcon.colcon_core.verb:set package 'turtlebot' build argument 'cmake_force_configure' from command line to 'False'
[2.332s] Level 5:colcon.colcon_core.verb:set package 'turtlebot' build argument 'ament_cmake_args' from command line to 'None'
[2.332s] Level 5:colcon.colcon_core.verb:set package 'turtlebot' build argument 'catkin_cmake_args' from command line to 'None'
[2.332s] Level 5:colcon.colcon_core.verb:set package 'turtlebot' build argument 'catkin_skip_building_tests' from command line to 'False'
[2.332s] DEBUG:colcon.colcon_core.verb:Building package 'turtlebot' with the following arguments: {'ament_cmake_args': None, 'build_base': '/home/ajak2k/Sriram_AjayShankar_ws/build/turtlebot', 'catkin_cmake_args': None, 'catkin_skip_building_tests': False, 'cmake_args': None, 'cmake_clean_cache': False, 'cmake_clean_first': False, 'cmake_force_configure': False, 'cmake_target': None, 'cmake_target_skip_unavailable': False, 'install_base': '/home/ajak2k/Sriram_AjayShankar_ws/install/turtlebot', 'merge_install': False, 'path': '/home/ajak2k/Sriram_AjayShankar_ws/turtlebot', 'symlink_install': False, 'test_result_base': None}
[2.333s] INFO:colcon.colcon_core.executor:Executing jobs using 'parallel' executor
[2.336s] DEBUG:colcon.colcon_parallel_executor.executor.parallel:run_until_complete
[2.337s] INFO:colcon.colcon_ros.task.ament_python.build:Building ROS package in '/home/ajak2k/Sriram_AjayShankar_ws/src/autoturtle' with build type 'ament_python'
[2.338s] Level 1:colcon.colcon_core.shell:create_environment_hook('autoturtle', 'ament_prefix_path')
[2.349s] INFO:colcon.colcon_core.plugin_system:Skipping extension 'colcon_core.shell.bat': Not used on non-Windows systems
[2.350s] INFO:colcon.colcon_core.shell:Creating environment hook '/home/ajak2k/Sriram_AjayShankar_ws/install/autoturtle/share/autoturtle/hook/ament_prefix_path.ps1'
[2.353s] INFO:colcon.colcon_core.shell:Creating environment descriptor '/home/ajak2k/Sriram_AjayShankar_ws/install/autoturtle/share/autoturtle/hook/ament_prefix_path.dsv'
[2.355s] INFO:colcon.colcon_core.shell:Creating environment hook '/home/ajak2k/Sriram_AjayShankar_ws/install/autoturtle/share/autoturtle/hook/ament_prefix_path.sh'
[2.360s] INFO:colcon.colcon_core.shell:Skip shell extension 'powershell' for command environment: Not usable outside of PowerShell
[2.360s] DEBUG:colcon.colcon_core.shell:Skip shell extension 'dsv' for command environment
[2.409s] INFO:colcon.colcon_ros.task.ament_python.build:Building ROS package in '/home/ajak2k/Sriram_AjayShankar_ws/turtlebot' with build type 'ament_python'
[2.410s] Level 1:colcon.colcon_core.shell:create_environment_hook('turtlebot', 'ament_prefix_path')
[2.411s] INFO:colcon.colcon_core.shell:Creating environment hook '/home/ajak2k/Sriram_AjayShankar_ws/install/turtlebot/share/turtlebot/hook/ament_prefix_path.ps1'
[2.414s] INFO:colcon.colcon_core.shell:Creating environment descriptor '/home/ajak2k/Sriram_AjayShankar_ws/install/turtlebot/share/turtlebot/hook/ament_prefix_path.dsv'
[2.416s] INFO:colcon.colcon_core.shell:Creating environment hook '/home/ajak2k/Sriram_AjayShankar_ws/install/turtlebot/share/turtlebot/hook/ament_prefix_path.sh'
[2.420s] INFO:colcon.colcon_core.shell:Skip shell extension 'powershell' for command environment: Not usable outside of PowerShell
[2.420s] DEBUG:colcon.colcon_core.shell:Skip shell extension 'dsv' for command environment
[3.851s] INFO:colcon.colcon_core.task.python.build:Building Python package in '/home/ajak2k/Sriram_AjayShankar_ws/src/autoturtle'
[3.852s] INFO:colcon.colcon_core.shell:Skip shell extension 'powershell' for command environment: Not usable outside of PowerShell
[3.852s] DEBUG:colcon.colcon_core.shell:Skip shell extension 'dsv' for command environment
[5.133s] INFO:colcon.colcon_core.task.python.build:Building Python package in '/home/ajak2k/Sriram_AjayShankar_ws/turtlebot'
[5.133s] INFO:colcon.colcon_core.shell:Skip shell extension 'powershell' for command environment: Not usable outside of PowerShell
[5.134s] DEBUG:colcon.colcon_core.shell:Skip shell extension 'dsv' for command environment
[7.586s] DEBUG:colcon.colcon_core.event_handler.log_command:Invoking command in '/home/ajak2k/Sriram_AjayShankar_ws/src/autoturtle': PYTHONPATH=/home/ajak2k/Sriram_AjayShankar_ws/build/autoturtle/prefix_override:/home/ajak2k/Sriram_AjayShankar_ws/install/autoturtle/lib/python3.10/site-packages:${PYTHONPATH} /usr/bin/python3 -W ignore:setup.py install is deprecated setup.py egg_info --egg-base ../../build/autoturtle build --build-base /home/ajak2k/Sriram_AjayShankar_ws/build/autoturtle/build install --record /home/ajak2k/Sriram_AjayShankar_ws/build/autoturtle/install.log --single-version-externally-managed install_data
[7.589s] DEBUG:colcon.colcon_core.event_handler.log_command:Invoking command in '/home/ajak2k/Sriram_AjayShankar_ws/turtlebot': PYTHONPATH=/home/ajak2k/Sriram_AjayShankar_ws/build/turtlebot/prefix_override:/home/ajak2k/Sriram_AjayShankar_ws/install/turtlebot/lib/python3.10/site-packages:${PYTHONPATH} /usr/bin/python3 -W ignore:setup.py install is deprecated setup.py egg_info --egg-base ../build/turtlebot build --build-base /home/ajak2k/Sriram_AjayShankar_ws/build/turtlebot/build install --record /home/ajak2k/Sriram_AjayShankar_ws/build/turtlebot/install.log --single-version-externally-managed install_data
[9.382s] DEBUG:colcon.colcon_core.event_handler.log_command:Invoked command in '/home/ajak2k/Sriram_AjayShankar_ws/src/autoturtle' returned '0': PYTHONPATH=/home/ajak2k/Sriram_AjayShankar_ws/build/autoturtle/prefix_override:/home/ajak2k/Sriram_AjayShankar_ws/install/autoturtle/lib/python3.10/site-packages:${PYTHONPATH} /usr/bin/python3 -W ignore:setup.py install is deprecated setup.py egg_info --egg-base ../../build/autoturtle build --build-base /home/ajak2k/Sriram_AjayShankar_ws/build/autoturtle/build install --record /home/ajak2k/Sriram_AjayShankar_ws/build/autoturtle/install.log --single-version-externally-managed install_data
[9.395s] Level 1:colcon.colcon_core.environment:checking '/home/ajak2k/Sriram_AjayShankar_ws/install/autoturtle' for CMake module files
[9.396s] Level 1:colcon.colcon_core.environment:checking '/home/ajak2k/Sriram_AjayShankar_ws/install/autoturtle' for CMake config files
[9.400s] Level 1:colcon.colcon_core.environment:checking '/home/ajak2k/Sriram_AjayShankar_ws/install/autoturtle/lib'
[9.401s] Level 1:colcon.colcon_core.environment:checking '/home/ajak2k/Sriram_AjayShankar_ws/install/autoturtle/bin'
[9.401s] Level 1:colcon.colcon_core.environment:checking '/home/ajak2k/Sriram_AjayShankar_ws/install/autoturtle/lib/pkgconfig/autoturtle.pc'
[9.402s] Level 1:colcon.colcon_core.environment:checking '/home/ajak2k/Sriram_AjayShankar_ws/install/autoturtle/lib/python3.10/site-packages'
[9.404s] Level 1:colcon.colcon_core.shell:create_environment_hook('autoturtle', 'pythonpath')
[9.406s] INFO:colcon.colcon_core.shell:Creating environment hook '/home/ajak2k/Sriram_AjayShankar_ws/install/autoturtle/share/autoturtle/hook/pythonpath.ps1'
[9.407s] INFO:colcon.colcon_core.shell:Creating environment descriptor '/home/ajak2k/Sriram_AjayShankar_ws/install/autoturtle/share/autoturtle/hook/pythonpath.dsv'
[9.409s] INFO:colcon.colcon_core.shell:Creating environment hook '/home/ajak2k/Sriram_AjayShankar_ws/install/autoturtle/share/autoturtle/hook/pythonpath.sh'
[9.410s] Level 1:colcon.colcon_core.environment:checking '/home/ajak2k/Sriram_AjayShankar_ws/install/autoturtle/bin'
[9.410s] Level 1:colcon.colcon_core.environment:create_environment_scripts_only(autoturtle)
[9.411s] INFO:colcon.colcon_core.shell:Creating package script '/home/ajak2k/Sriram_AjayShankar_ws/install/autoturtle/share/autoturtle/package.ps1'
[9.414s] INFO:colcon.colcon_core.shell:Creating package descriptor '/home/ajak2k/Sriram_AjayShankar_ws/install/autoturtle/share/autoturtle/package.dsv'
[9.416s] INFO:colcon.colcon_core.shell:Creating package script '/home/ajak2k/Sriram_AjayShankar_ws/install/autoturtle/share/autoturtle/package.sh'
[9.420s] INFO:colcon.colcon_core.shell:Creating package script '/home/ajak2k/Sriram_AjayShankar_ws/install/autoturtle/share/autoturtle/package.bash'
[9.422s] INFO:colcon.colcon_core.shell:Creating package script '/home/ajak2k/Sriram_AjayShankar_ws/install/autoturtle/share/autoturtle/package.zsh'
[9.424s] Level 1:colcon.colcon_core.environment:create_file_with_runtime_dependencies(/home/ajak2k/Sriram_AjayShankar_ws/install/autoturtle/share/colcon-core/packages/autoturtle)
[9.432s] Level 1:colcon.colcon_core.environment:checking '/home/ajak2k/Sriram_AjayShankar_ws/install/turtlebot' for CMake module files
[9.436s] DEBUG:colcon.colcon_core.event_handler.log_command:Invoked command in '/home/ajak2k/Sriram_AjayShankar_ws/turtlebot' returned '0': PYTHONPATH=/home/ajak2k/Sriram_AjayShankar_ws/build/turtlebot/prefix_override:/home/ajak2k/Sriram_AjayShankar_ws/install/turtlebot/lib/python3.10/site-packages:${PYTHONPATH} /usr/bin/python3 -W ignore:setup.py install is deprecated setup.py egg_info --egg-base ../build/turtlebot build --build-base /home/ajak2k/Sriram_AjayShankar_ws/build/turtlebot/build install --record /home/ajak2k/Sriram_AjayShankar_ws/build/turtlebot/install.log --single-version-externally-managed install_data
[9.440s] Level 1:colcon.colcon_core.environment:checking '/home/ajak2k/Sriram_AjayShankar_ws/install/turtlebot' for CMake config files
[9.443s] Level 1:colcon.colcon_core.environment:checking '/home/ajak2k/Sriram_AjayShankar_ws/install/turtlebot/lib'
[9.443s] Level 1:colcon.colcon_core.environment:checking '/home/ajak2k/Sriram_AjayShankar_ws/install/turtlebot/bin'
[9.443s] Level 1:colcon.colcon_core.environment:checking '/home/ajak2k/Sriram_AjayShankar_ws/install/turtlebot/lib/pkgconfig/turtlebot.pc'
[9.444s] Level 1:colcon.colcon_core.environment:checking '/home/ajak2k/Sriram_AjayShankar_ws/install/turtlebot/lib/python3.10/site-packages'
[9.444s] Level 1:colcon.colcon_core.shell:create_environment_hook('turtlebot', 'pythonpath')
[9.445s] INFO:colcon.colcon_core.shell:Creating environment hook '/home/ajak2k/Sriram_AjayShankar_ws/install/turtlebot/share/turtlebot/hook/pythonpath.ps1'
[9.446s] INFO:colcon.colcon_core.shell:Creating environment descriptor '/home/ajak2k/Sriram_AjayShankar_ws/install/turtlebot/share/turtlebot/hook/pythonpath.dsv'
[9.448s] INFO:colcon.colcon_core.shell:Creating environment hook '/home/ajak2k/Sriram_AjayShankar_ws/install/turtlebot/share/turtlebot/hook/pythonpath.sh'
[9.450s] Level 1:colcon.colcon_core.environment:checking '/home/ajak2k/Sriram_AjayShankar_ws/install/turtlebot/bin'
[9.450s] Level 1:colcon.colcon_core.environment:create_environment_scripts_only(turtlebot)
[9.452s] INFO:colcon.colcon_core.shell:Creating package script '/home/ajak2k/Sriram_AjayShankar_ws/install/turtlebot/share/turtlebot/package.ps1'
[9.458s] INFO:colcon.colcon_core.shell:Creating package descriptor '/home/ajak2k/Sriram_AjayShankar_ws/install/turtlebot/share/turtlebot/package.dsv'
[9.461s] INFO:colcon.colcon_core.shell:Creating package script '/home/ajak2k/Sriram_AjayShankar_ws/install/turtlebot/share/turtlebot/package.sh'
[9.462s] INFO:colcon.colcon_core.shell:Creating package script '/home/ajak2k/Sriram_AjayShankar_ws/install/turtlebot/share/turtlebot/package.bash'
[9.463s] INFO:colcon.colcon_core.shell:Creating package script '/home/ajak2k/Sriram_AjayShankar_ws/install/turtlebot/share/turtlebot/package.zsh'
[9.464s] Level 1:colcon.colcon_core.environment:create_file_with_runtime_dependencies(/home/ajak2k/Sriram_AjayShankar_ws/install/turtlebot/share/colcon-core/packages/turtlebot)
[9.466s] DEBUG:colcon.colcon_parallel_executor.executor.parallel:closing loop
[9.466s] DEBUG:colcon.colcon_parallel_executor.executor.parallel:loop closed
[9.467s] DEBUG:colcon.colcon_parallel_executor.executor.parallel:run_until_complete finished with '0'
[9.467s] DEBUG:colcon.colcon_core.event_reactor:joining thread
[9.690s] INFO:colcon.colcon_core.plugin_system:Skipping extension 'colcon_notification.desktop_notification.notify_send': Could not find 'notify-send'
[9.691s] INFO:colcon.colcon_core.plugin_system:Skipping extension 'colcon_notification.desktop_notification.terminal_notifier': Not used on non-Darwin systems
[9.691s] INFO:colcon.colcon_core.plugin_system:Skipping extension 'colcon_notification.desktop_notification.win32': Not used on non-Windows systems
[9.691s] INFO:colcon.colcon_notification.desktop_notification:Sending desktop notification using 'notify2'
[9.691s] DEBUG:colcon.colcon_notification.desktop_notification.notify2:Failed to initialize notify2: org.freedesktop.DBus.Error.FileNotFound: Failed to connect to socket /run/user/1000/bus: No such file or directory
[9.692s] DEBUG:colcon.colcon_core.event_reactor:joined thread
[9.693s] INFO:colcon.colcon_core.shell:Creating prefix script '/home/ajak2k/Sriram_AjayShankar_ws/install/local_setup.ps1'
[9.695s] INFO:colcon.colcon_core.shell:Creating prefix util module '/home/ajak2k/Sriram_AjayShankar_ws/install/_local_setup_util_ps1.py'
[9.701s] INFO:colcon.colcon_core.shell:Creating prefix chain script '/home/ajak2k/Sriram_AjayShankar_ws/install/setup.ps1'
[9.704s] INFO:colcon.colcon_core.shell:Creating prefix script '/home/ajak2k/Sriram_AjayShankar_ws/install/local_setup.sh'
[9.707s] INFO:colcon.colcon_core.shell:Creating prefix util module '/home/ajak2k/Sriram_AjayShankar_ws/install/_local_setup_util_sh.py'
[9.708s] INFO:colcon.colcon_core.shell:Creating prefix chain script '/home/ajak2k/Sriram_AjayShankar_ws/install/setup.sh'
[9.712s] INFO:colcon.colcon_core.shell:Creating prefix script '/home/ajak2k/Sriram_AjayShankar_ws/install/local_setup.bash'
[9.714s] INFO:colcon.colcon_core.shell:Creating prefix chain script '/home/ajak2k/Sriram_AjayShankar_ws/install/setup.bash'
[9.723s] INFO:colcon.colcon_core.shell:Creating prefix script '/home/ajak2k/Sriram_AjayShankar_ws/install/local_setup.zsh'
[9.725s] INFO:colcon.colcon_core.shell:Creating prefix chain script '/home/ajak2k/Sriram_AjayShankar_ws/install/setup.zsh'
