[2.981s] Invoking command in '/home/ajak2k/Sriram_AjayShankar_ws/turtlebot': PYTHONPATH=/home/ajak2k/Sriram_AjayShankar_ws/build/turtlebot/prefix_override:/home/ajak2k/Sriram_AjayShankar_ws/install/turtlebot/lib/python3.10/site-packages:${PYTHONPATH} /usr/bin/python3 -W ignore:setup.py install is deprecated setup.py egg_info --egg-base ../build/turtlebot build --build-base /home/ajak2k/Sriram_AjayShankar_ws/build/turtlebot/build install --record /home/ajak2k/Sriram_AjayShankar_ws/build/turtlebot/install.log --single-version-externally-managed install_data
[3.696s] running egg_info
[3.698s] writing ../build/turtlebot/turtlebot.egg-info/PKG-INFO
[3.699s] writing dependency_links to ../build/turtlebot/turtlebot.egg-info/dependency_links.txt
[3.699s] writing entry points to ../build/turtlebot/turtlebot.egg-info/entry_points.txt
[3.700s] writing requirements to ../build/turtlebot/turtlebot.egg-info/requires.txt
[3.700s] writing top-level names to ../build/turtlebot/turtlebot.egg-info/top_level.txt
[3.706s] reading manifest file '../build/turtlebot/turtlebot.egg-info/SOURCES.txt'
[3.708s] writing manifest file '../build/turtlebot/turtlebot.egg-info/SOURCES.txt'
[3.708s] running build
[3.709s] running build_py
[3.709s] running install
[3.709s] running install_lib
[3.712s] running install_data
[3.712s] running install_egg_info
[3.715s] removing '/home/ajak2k/Sriram_AjayShankar_ws/install/turtlebot/lib/python3.10/site-packages/turtlebot-0.2.0-py3.10.egg-info' (and everything under it)
[3.716s] Copying ../build/turtlebot/turtlebot.egg-info to /home/ajak2k/Sriram_AjayShankar_ws/install/turtlebot/lib/python3.10/site-packages/turtlebot-0.2.0-py3.10.egg-info
[3.718s] running install_scripts
[3.767s] Installing motion_planner script to /home/ajak2k/Sriram_AjayShankar_ws/install/turtlebot/lib/turtlebot
[3.768s] Installing pid_controller script to /home/ajak2k/Sriram_AjayShankar_ws/install/turtlebot/lib/turtlebot
[3.768s] writing list of installed files to '/home/ajak2k/Sriram_AjayShankar_ws/build/turtlebot/install.log'
[3.823s] Invoked command in '/home/ajak2k/Sriram_AjayShankar_ws/turtlebot' returned '0': PYTHONPATH=/home/ajak2k/Sriram_AjayShankar_ws/build/turtlebot/prefix_override:/home/ajak2k/Sriram_AjayShankar_ws/install/turtlebot/lib/python3.10/site-packages:${PYTHONPATH} /usr/bin/python3 -W ignore:setup.py install is deprecated setup.py egg_info --egg-base ../build/turtlebot build --build-base /home/ajak2k/Sriram_AjayShankar_ws/build/turtlebot/build install --record /home/ajak2k/Sriram_AjayShankar_ws/build/turtlebot/install.log --single-version-externally-managed install_data
