[4.993s] Invoking command in '/home/ajak2k/Sriram_AjayShankar_ws/src/turtlebot': PYTHONPATH=/home/ajak2k/Sriram_AjayShankar_ws/build/turtlebot/prefix_override:/home/ajak2k/Sriram_AjayShankar_ws/install/turtlebot/lib/python3.10/site-packages:${PYTHONPATH} /usr/bin/python3 -W ignore:setup.py install is deprecated setup.py egg_info --egg-base ../../build/turtlebot build --build-base /home/ajak2k/Sriram_AjayShankar_ws/build/turtlebot/build install --record /home/ajak2k/Sriram_AjayShankar_ws/build/turtlebot/install.log --single-version-externally-managed install_data
[6.531s] running egg_info
[6.535s] writing ../../build/turtlebot/turtlebot.egg-info/PKG-INFO
[6.536s] writing dependency_links to ../../build/turtlebot/turtlebot.egg-info/dependency_links.txt
[6.537s] writing entry points to ../../build/turtlebot/turtlebot.egg-info/entry_points.txt
[6.537s] writing requirements to ../../build/turtlebot/turtlebot.egg-info/requires.txt
[6.537s] writing top-level names to ../../build/turtlebot/turtlebot.egg-info/top_level.txt
[6.545s] reading manifest file '../../build/turtlebot/turtlebot.egg-info/SOURCES.txt'
[6.550s] writing manifest file '../../build/turtlebot/turtlebot.egg-info/SOURCES.txt'
[6.550s] running build
[6.552s] running build_py
[6.553s] running install
[6.553s] running install_lib
[6.557s] running install_data
[6.558s] running install_egg_info
[6.565s] removing '/home/ajak2k/Sriram_AjayShankar_ws/install/turtlebot/lib/python3.10/site-packages/turtlebot-0.2.0-py3.10.egg-info' (and everything under it)
[6.567s] Copying ../../build/turtlebot/turtlebot.egg-info to /home/ajak2k/Sriram_AjayShankar_ws/install/turtlebot/lib/python3.10/site-packages/turtlebot-0.2.0-py3.10.egg-info
[6.569s] running install_scripts
[6.642s] Installing motion_planner script to /home/ajak2k/Sriram_AjayShankar_ws/install/turtlebot/lib/turtlebot
[6.642s] Installing pid_controller script to /home/ajak2k/Sriram_AjayShankar_ws/install/turtlebot/lib/turtlebot
[6.644s] writing list of installed files to '/home/ajak2k/Sriram_AjayShankar_ws/build/turtlebot/install.log'
[6.735s] Invoked command in '/home/ajak2k/Sriram_AjayShankar_ws/src/turtlebot' returned '0': PYTHONPATH=/home/ajak2k/Sriram_AjayShankar_ws/build/turtlebot/prefix_override:/home/ajak2k/Sriram_AjayShankar_ws/install/turtlebot/lib/python3.10/site-packages:${PYTHONPATH} /usr/bin/python3 -W ignore:setup.py install is deprecated setup.py egg_info --egg-base ../../build/turtlebot build --build-base /home/ajak2k/Sriram_AjayShankar_ws/build/turtlebot/build install --record /home/ajak2k/Sriram_AjayShankar_ws/build/turtlebot/install.log --single-version-externally-managed install_data
