[3.078s] Invoking command in '/home/ajak2k/Sriram_AjayShankar_ws/src/turtlebot': PYTHONPATH=/home/ajak2k/Sriram_AjayShankar_ws/build/turtlebot/prefix_override:/home/ajak2k/Sriram_AjayShankar_ws/install/turtlebot/lib/python3.10/site-packages:${PYTHONPATH} /usr/bin/python3 -W ignore:setup.py install is deprecated setup.py egg_info --egg-base ../../build/turtlebot build --build-base /home/ajak2k/Sriram_AjayShankar_ws/build/turtlebot/build install --record /home/ajak2k/Sriram_AjayShankar_ws/build/turtlebot/install.log --single-version-externally-managed install_data
[3.629s] running egg_info
[3.631s] writing ../../build/turtlebot/turtlebot.egg-info/PKG-INFO
[3.632s] writing dependency_links to ../../build/turtlebot/turtlebot.egg-info/dependency_links.txt
[3.632s] writing entry points to ../../build/turtlebot/turtlebot.egg-info/entry_points.txt
[3.633s] writing requirements to ../../build/turtlebot/turtlebot.egg-info/requires.txt
[3.633s] writing top-level names to ../../build/turtlebot/turtlebot.egg-info/top_level.txt
[3.638s] reading manifest file '../../build/turtlebot/turtlebot.egg-info/SOURCES.txt'
[3.640s] writing manifest file '../../build/turtlebot/turtlebot.egg-info/SOURCES.txt'
[3.641s] running build
[3.642s] running build_py
[3.642s] copying turtlebot/rrt_node.py -> /home/ajak2k/Sriram_AjayShankar_ws/build/turtlebot/build/lib/turtlebot
[3.643s] running install
[3.643s] running install_lib
[3.644s] copying /home/ajak2k/Sriram_AjayShankar_ws/build/turtlebot/build/lib/turtlebot/rrt_node.py -> /home/ajak2k/Sriram_AjayShankar_ws/install/turtlebot/lib/python3.10/site-packages/turtlebot
[3.645s] byte-compiling /home/ajak2k/Sriram_AjayShankar_ws/install/turtlebot/lib/python3.10/site-packages/turtlebot/rrt_node.py to rrt_node.cpython-310.pyc
[3.649s] running install_data
[3.650s] running install_egg_info
[3.654s] removing '/home/ajak2k/Sriram_AjayShankar_ws/install/turtlebot/lib/python3.10/site-packages/turtlebot-0.4.0-py3.10.egg-info' (and everything under it)
[3.655s] Copying ../../build/turtlebot/turtlebot.egg-info to /home/ajak2k/Sriram_AjayShankar_ws/install/turtlebot/lib/python3.10/site-packages/turtlebot-0.4.0-py3.10.egg-info
[3.657s] running install_scripts
[3.691s] Installing map_reader_template script to /home/ajak2k/Sriram_AjayShankar_ws/install/turtlebot/lib/turtlebot
[3.692s] Installing motion_planner script to /home/ajak2k/Sriram_AjayShankar_ws/install/turtlebot/lib/turtlebot
[3.692s] Installing pid_controller script to /home/ajak2k/Sriram_AjayShankar_ws/install/turtlebot/lib/turtlebot
[3.692s] Installing rrt script to /home/ajak2k/Sriram_AjayShankar_ws/install/turtlebot/lib/turtlebot
[3.692s] Installing rrt_node script to /home/ajak2k/Sriram_AjayShankar_ws/install/turtlebot/lib/turtlebot
[3.693s] writing list of installed files to '/home/ajak2k/Sriram_AjayShankar_ws/build/turtlebot/install.log'
[3.759s] Invoked command in '/home/ajak2k/Sriram_AjayShankar_ws/src/turtlebot' returned '0': PYTHONPATH=/home/ajak2k/Sriram_AjayShankar_ws/build/turtlebot/prefix_override:/home/ajak2k/Sriram_AjayShankar_ws/install/turtlebot/lib/python3.10/site-packages:${PYTHONPATH} /usr/bin/python3 -W ignore:setup.py install is deprecated setup.py egg_info --egg-base ../../build/turtlebot build --build-base /home/ajak2k/Sriram_AjayShankar_ws/build/turtlebot/build install --record /home/ajak2k/Sriram_AjayShankar_ws/build/turtlebot/install.log --single-version-externally-managed install_data
