[0.932s] Invoking command in '/home/ajak2k/Sriram_AjayShankar_ws/src/turtlebot': PYTHONPATH=/home/ajak2k/Sriram_AjayShankar_ws/build/turtlebot/prefix_override:/home/ajak2k/Sriram_AjayShankar_ws/install/turtlebot/lib/python3.10/site-packages:${PYTHONPATH} /usr/bin/python3 -W ignore:setup.py install is deprecated setup.py egg_info --egg-base ../../build/turtlebot build --build-base /home/ajak2k/Sriram_AjayShankar_ws/build/turtlebot/build install --record /home/ajak2k/Sriram_AjayShankar_ws/build/turtlebot/install.log --single-version-externally-managed install_data
[1.208s] running egg_info
[1.208s] creating ../../build/turtlebot/turtlebot.egg-info
[1.209s] writing ../../build/turtlebot/turtlebot.egg-info/PKG-INFO
[1.209s] writing dependency_links to ../../build/turtlebot/turtlebot.egg-info/dependency_links.txt
[1.209s] writing entry points to ../../build/turtlebot/turtlebot.egg-info/entry_points.txt
[1.210s] writing requirements to ../../build/turtlebot/turtlebot.egg-info/requires.txt
[1.210s] writing top-level names to ../../build/turtlebot/turtlebot.egg-info/top_level.txt
[1.210s] writing manifest file '../../build/turtlebot/turtlebot.egg-info/SOURCES.txt'
[1.211s] reading manifest file '../../build/turtlebot/turtlebot.egg-info/SOURCES.txt'
[1.212s] writing manifest file '../../build/turtlebot/turtlebot.egg-info/SOURCES.txt'
[1.212s] running build
[1.212s] running build_py
[1.212s] creating /home/ajak2k/Sriram_AjayShankar_ws/build/turtlebot/build
[1.213s] creating /home/ajak2k/Sriram_AjayShankar_ws/build/turtlebot/build/lib
[1.213s] creating /home/ajak2k/Sriram_AjayShankar_ws/build/turtlebot/build/lib/turtlebot
[1.213s] copying turtlebot/__init__.py -> /home/ajak2k/Sriram_AjayShankar_ws/build/turtlebot/build/lib/turtlebot
[1.214s] running install
[1.214s] running install_lib
[1.215s] creating /home/ajak2k/Sriram_AjayShankar_ws/install/turtlebot/lib/python3.10/site-packages/turtlebot
[1.215s] copying /home/ajak2k/Sriram_AjayShankar_ws/build/turtlebot/build/lib/turtlebot/__init__.py -> /home/ajak2k/Sriram_AjayShankar_ws/install/turtlebot/lib/python3.10/site-packages/turtlebot
[1.215s] byte-compiling /home/ajak2k/Sriram_AjayShankar_ws/install/turtlebot/lib/python3.10/site-packages/turtlebot/__init__.py to __init__.cpython-310.pyc
[1.216s] running install_data
[1.216s] copying resource/turtlebot -> /home/ajak2k/Sriram_AjayShankar_ws/install/turtlebot/share/ament_index/resource_index/packages
[1.216s] copying package.xml -> /home/ajak2k/Sriram_AjayShankar_ws/install/turtlebot/share/turtlebot
[1.216s] running install_egg_info
[1.218s] Copying ../../build/turtlebot/turtlebot.egg-info to /home/ajak2k/Sriram_AjayShankar_ws/install/turtlebot/lib/python3.10/site-packages/turtlebot-0.0.0-py3.10.egg-info
[1.218s] running install_scripts
[1.240s] writing list of installed files to '/home/ajak2k/Sriram_AjayShankar_ws/build/turtlebot/install.log'
[1.266s] Invoked command in '/home/ajak2k/Sriram_AjayShankar_ws/src/turtlebot' returned '0': PYTHONPATH=/home/ajak2k/Sriram_AjayShankar_ws/build/turtlebot/prefix_override:/home/ajak2k/Sriram_AjayShankar_ws/install/turtlebot/lib/python3.10/site-packages:${PYTHONPATH} /usr/bin/python3 -W ignore:setup.py install is deprecated setup.py egg_info --egg-base ../../build/turtlebot build --build-base /home/ajak2k/Sriram_AjayShankar_ws/build/turtlebot/build install --record /home/ajak2k/Sriram_AjayShankar_ws/build/turtlebot/install.log --single-version-externally-managed install_data
