[2.268s] Invoking command in '/home/ajak2k/Sriram_AjayShankar_ws/turtlebot': PYTHONPATH=/home/ajak2k/Sriram_AjayShankar_ws/build/turtlebot/prefix_override:/home/ajak2k/Sriram_AjayShankar_ws/install/turtlebot/lib/python3.10/site-packages:${PYTHONPATH} /usr/bin/python3 -W ignore:setup.py install is deprecated setup.py egg_info --egg-base ../build/turtlebot build --build-base /home/ajak2k/Sriram_AjayShankar_ws/build/turtlebot/build install --record /home/ajak2k/Sriram_AjayShankar_ws/build/turtlebot/install.log --single-version-externally-managed install_data
[2.903s] running egg_info
[2.905s] writing ../build/turtlebot/turtlebot.egg-info/PKG-INFO
[2.906s] writing dependency_links to ../build/turtlebot/turtlebot.egg-info/dependency_links.txt
[2.906s] writing entry points to ../build/turtlebot/turtlebot.egg-info/entry_points.txt
[2.907s] writing requirements to ../build/turtlebot/turtlebot.egg-info/requires.txt
[2.907s] writing top-level names to ../build/turtlebot/turtlebot.egg-info/top_level.txt
[2.912s] reading manifest file '../build/turtlebot/turtlebot.egg-info/SOURCES.txt'
[2.914s] writing manifest file '../build/turtlebot/turtlebot.egg-info/SOURCES.txt'
[2.915s] running build
[2.915s] running build_py
[2.915s] copying turtlebot/pid_controller.py -> /home/ajak2k/Sriram_AjayShankar_ws/build/turtlebot/build/lib/turtlebot
[2.916s] running install
[2.917s] running install_lib
[2.919s] copying /home/ajak2k/Sriram_AjayShankar_ws/build/turtlebot/build/lib/turtlebot/pid_controller.py -> /home/ajak2k/Sriram_AjayShankar_ws/install/turtlebot/lib/python3.10/site-packages/turtlebot
[2.920s] byte-compiling /home/ajak2k/Sriram_AjayShankar_ws/install/turtlebot/lib/python3.10/site-packages/turtlebot/pid_controller.py to pid_controller.cpython-310.pyc
[2.923s] running install_data
[2.923s] running install_egg_info
[2.929s] removing '/home/ajak2k/Sriram_AjayShankar_ws/install/turtlebot/lib/python3.10/site-packages/turtlebot-0.2.0-py3.10.egg-info' (and everything under it)
[2.931s] Copying ../build/turtlebot/turtlebot.egg-info to /home/ajak2k/Sriram_AjayShankar_ws/install/turtlebot/lib/python3.10/site-packages/turtlebot-0.2.0-py3.10.egg-info
[2.934s] running install_scripts
[2.999s] Installing motion_planner script to /home/ajak2k/Sriram_AjayShankar_ws/install/turtlebot/lib/turtlebot
[3.000s] Installing pid_controller script to /home/ajak2k/Sriram_AjayShankar_ws/install/turtlebot/lib/turtlebot
[3.001s] writing list of installed files to '/home/ajak2k/Sriram_AjayShankar_ws/build/turtlebot/install.log'
[3.060s] Invoked command in '/home/ajak2k/Sriram_AjayShankar_ws/turtlebot' returned '0': PYTHONPATH=/home/ajak2k/Sriram_AjayShankar_ws/build/turtlebot/prefix_override:/home/ajak2k/Sriram_AjayShankar_ws/install/turtlebot/lib/python3.10/site-packages:${PYTHONPATH} /usr/bin/python3 -W ignore:setup.py install is deprecated setup.py egg_info --egg-base ../build/turtlebot build --build-base /home/ajak2k/Sriram_AjayShankar_ws/build/turtlebot/build install --record /home/ajak2k/Sriram_AjayShankar_ws/build/turtlebot/install.log --single-version-externally-managed install_data
