[5.780s] Invoking command in '/home/ajak2k/Sriram_AjayShankar_ws/src/autoturtle': PYTHONPATH=/home/ajak2k/Sriram_AjayShankar_ws/build/autoturtle/prefix_override:/home/ajak2k/Sriram_AjayShankar_ws/install/autoturtle/lib/python3.10/site-packages:${PYTHONPATH} /usr/bin/python3 -W ignore:setup.py install is deprecated setup.py egg_info --egg-base ../../build/autoturtle build --build-base /home/ajak2k/Sriram_AjayShankar_ws/build/autoturtle/build install --record /home/ajak2k/Sriram_AjayShankar_ws/build/autoturtle/install.log --single-version-externally-managed install_data
[7.747s] running egg_info
[7.753s] writing ../../build/autoturtle/autoturtle.egg-info/PKG-INFO
[7.754s] writing dependency_links to ../../build/autoturtle/autoturtle.egg-info/dependency_links.txt
[7.754s] writing entry points to ../../build/autoturtle/autoturtle.egg-info/entry_points.txt
[7.755s] writing requirements to ../../build/autoturtle/autoturtle.egg-info/requires.txt
[7.755s] writing top-level names to ../../build/autoturtle/autoturtle.egg-info/top_level.txt
[7.760s] reading manifest file '../../build/autoturtle/autoturtle.egg-info/SOURCES.txt'
[7.766s] writing manifest file '../../build/autoturtle/autoturtle.egg-info/SOURCES.txt'
[7.766s] running build
[7.766s] running build_py
[7.768s] running install
[7.770s] running install_lib
[7.776s] running install_data
[7.776s] running install_egg_info
[7.785s] removing '/home/ajak2k/Sriram_AjayShankar_ws/install/autoturtle/lib/python3.10/site-packages/autoturtle-0.3.0-py3.10.egg-info' (and everything under it)
[7.786s] Copying ../../build/autoturtle/autoturtle.egg-info to /home/ajak2k/Sriram_AjayShankar_ws/install/autoturtle/lib/python3.10/site-packages/autoturtle-0.3.0-py3.10.egg-info
[7.789s] running install_scripts
[7.895s] Installing my_teleop_node script to /home/ajak2k/Sriram_AjayShankar_ws/install/autoturtle/lib/autoturtle
[7.895s] Installing swim_node script to /home/ajak2k/Sriram_AjayShankar_ws/install/autoturtle/lib/autoturtle
[7.896s] Installing swim_to_goal script to /home/ajak2k/Sriram_AjayShankar_ws/install/autoturtle/lib/autoturtle
[7.897s] writing list of installed files to '/home/ajak2k/Sriram_AjayShankar_ws/build/autoturtle/install.log'
[8.025s] Invoked command in '/home/ajak2k/Sriram_AjayShankar_ws/src/autoturtle' returned '0': PYTHONPATH=/home/ajak2k/Sriram_AjayShankar_ws/build/autoturtle/prefix_override:/home/ajak2k/Sriram_AjayShankar_ws/install/autoturtle/lib/python3.10/site-packages:${PYTHONPATH} /usr/bin/python3 -W ignore:setup.py install is deprecated setup.py egg_info --egg-base ../../build/autoturtle build --build-base /home/ajak2k/Sriram_AjayShankar_ws/build/autoturtle/build install --record /home/ajak2k/Sriram_AjayShankar_ws/build/autoturtle/install.log --single-version-externally-managed install_data
