[1.892s] Invoking command in '/home/ajak2k/Sriram_AjayShankar_ws/src/autoturtle': PYTHONPATH=/home/ajak2k/Sriram_AjayShankar_ws/build/autoturtle/prefix_override:/home/ajak2k/Sriram_AjayShankar_ws/install/autoturtle/lib/python3.10/site-packages:${PYTHONPATH} /usr/bin/python3 -W ignore:setup.py install is deprecated setup.py egg_info --egg-base ../../build/autoturtle build --build-base /home/ajak2k/Sriram_AjayShankar_ws/build/autoturtle/build install --record /home/ajak2k/Sriram_AjayShankar_ws/build/autoturtle/install.log --single-version-externally-managed install_data
[2.300s] running egg_info
[2.301s] writing ../../build/autoturtle/autoturtle.egg-info/PKG-INFO
[2.301s] writing dependency_links to ../../build/autoturtle/autoturtle.egg-info/dependency_links.txt
[2.302s] writing entry points to ../../build/autoturtle/autoturtle.egg-info/entry_points.txt
[2.302s] writing requirements to ../../build/autoturtle/autoturtle.egg-info/requires.txt
[2.302s] writing top-level names to ../../build/autoturtle/autoturtle.egg-info/top_level.txt
[2.305s] reading manifest file '../../build/autoturtle/autoturtle.egg-info/SOURCES.txt'
[2.307s] writing manifest file '../../build/autoturtle/autoturtle.egg-info/SOURCES.txt'
[2.307s] running build
[2.308s] running build_py
[2.308s] running install
[2.308s] running install_lib
[2.311s] running install_data
[2.311s] running install_egg_info
[2.314s] removing '/home/ajak2k/Sriram_AjayShankar_ws/install/autoturtle/lib/python3.10/site-packages/autoturtle-0.0.0-py3.10.egg-info' (and everything under it)
[2.314s] Copying ../../build/autoturtle/autoturtle.egg-info to /home/ajak2k/Sriram_AjayShankar_ws/install/autoturtle/lib/python3.10/site-packages/autoturtle-0.0.0-py3.10.egg-info
[2.316s] running install_scripts
[2.352s] Installing my_teleop_node script to /home/ajak2k/Sriram_AjayShankar_ws/install/autoturtle/lib/autoturtle
[2.353s] Installing swim_node script to /home/ajak2k/Sriram_AjayShankar_ws/install/autoturtle/lib/autoturtle
[2.353s] Installing swim_to_goal script to /home/ajak2k/Sriram_AjayShankar_ws/install/autoturtle/lib/autoturtle
[2.354s] writing list of installed files to '/home/ajak2k/Sriram_AjayShankar_ws/build/autoturtle/install.log'
[2.394s] Invoked command in '/home/ajak2k/Sriram_AjayShankar_ws/src/autoturtle' returned '0': PYTHONPATH=/home/ajak2k/Sriram_AjayShankar_ws/build/autoturtle/prefix_override:/home/ajak2k/Sriram_AjayShankar_ws/install/autoturtle/lib/python3.10/site-packages:${PYTHONPATH} /usr/bin/python3 -W ignore:setup.py install is deprecated setup.py egg_info --egg-base ../../build/autoturtle build --build-base /home/ajak2k/Sriram_AjayShankar_ws/build/autoturtle/build install --record /home/ajak2k/Sriram_AjayShankar_ws/build/autoturtle/install.log --single-version-externally-managed install_data
