[3.649s] Invoking command in '/home/ajak2k/Sriram_AjayShankar_ws/src/turtlebot': PYTHONPATH=/home/ajak2k/Sriram_AjayShankar_ws/build/turtlebot/prefix_override:/home/ajak2k/Sriram_AjayShankar_ws/install/turtlebot/lib/python3.10/site-packages:${PYTHONPATH} /usr/bin/python3 -W ignore:setup.py install is deprecated setup.py egg_info --egg-base ../../build/turtlebot build --build-base /home/ajak2k/Sriram_AjayShankar_ws/build/turtlebot/build install --record /home/ajak2k/Sriram_AjayShankar_ws/build/turtlebot/install.log --single-version-externally-managed install_data
[4.760s] running egg_info
[4.762s] writing ../../build/turtlebot/turtlebot.egg-info/PKG-INFO
[4.762s] writing dependency_links to ../../build/turtlebot/turtlebot.egg-info/dependency_links.txt
[4.763s] writing entry points to ../../build/turtlebot/turtlebot.egg-info/entry_points.txt
[4.764s] writing requirements to ../../build/turtlebot/turtlebot.egg-info/requires.txt
[4.764s] writing top-level names to ../../build/turtlebot/turtlebot.egg-info/top_level.txt
[4.772s] reading manifest file '../../build/turtlebot/turtlebot.egg-info/SOURCES.txt'
[4.777s] writing manifest file '../../build/turtlebot/turtlebot.egg-info/SOURCES.txt'
[4.778s] running build
[4.779s] running build_py
[4.780s] running install
[4.780s] running install_lib
[4.783s] running install_data
[4.785s] running install_egg_info
[4.796s] removing '/home/ajak2k/Sriram_AjayShankar_ws/install/turtlebot/lib/python3.10/site-packages/turtlebot-0.2.0-py3.10.egg-info' (and everything under it)
[4.797s] Copying ../../build/turtlebot/turtlebot.egg-info to /home/ajak2k/Sriram_AjayShankar_ws/install/turtlebot/lib/python3.10/site-packages/turtlebot-0.2.0-py3.10.egg-info
[4.800s] running install_scripts
[4.871s] Installing motion_planner script to /home/ajak2k/Sriram_AjayShankar_ws/install/turtlebot/lib/turtlebot
[4.872s] Installing pid_controller script to /home/ajak2k/Sriram_AjayShankar_ws/install/turtlebot/lib/turtlebot
[4.873s] writing list of installed files to '/home/ajak2k/Sriram_AjayShankar_ws/build/turtlebot/install.log'
[4.982s] Invoked command in '/home/ajak2k/Sriram_AjayShankar_ws/src/turtlebot' returned '0': PYTHONPATH=/home/ajak2k/Sriram_AjayShankar_ws/build/turtlebot/prefix_override:/home/ajak2k/Sriram_AjayShankar_ws/install/turtlebot/lib/python3.10/site-packages:${PYTHONPATH} /usr/bin/python3 -W ignore:setup.py install is deprecated setup.py egg_info --egg-base ../../build/turtlebot build --build-base /home/ajak2k/Sriram_AjayShankar_ws/build/turtlebot/build install --record /home/ajak2k/Sriram_AjayShankar_ws/build/turtlebot/install.log --single-version-externally-managed install_data
