[1.070s] Invoking command in '/home/ajak2k/Sriram_AjayShankar_ws/build/autoturtle': PYTHONPATH=/home/ajak2k/Sriram_AjayShankar_ws/build/autoturtle/prefix_override:/home/ajak2k/Sriram_AjayShankar_ws/install/autoturtle/lib/python3.10/site-packages:${PYTHONPATH} /usr/bin/python3 -W ignore:setup.py install is deprecated setup.py develop --editable --build-directory /home/ajak2k/Sriram_AjayShankar_ws/build/autoturtle/build --no-deps symlink_data --force
[1.415s] running develop
[1.416s] /usr/lib/python3/dist-packages/setuptools/command/easy_install.py:158: EasyInstallDeprecationWarning: easy_install command is deprecated. Use build and pip and other standards-based tools.
[1.416s]   warnings.warn(
[1.692s] running egg_info
[1.693s] writing autoturtle.egg-info/PKG-INFO
[1.693s] writing dependency_links to autoturtle.egg-info/dependency_links.txt
[1.693s] writing entry points to autoturtle.egg-info/entry_points.txt
[1.693s] writing requirements to autoturtle.egg-info/requires.txt
[1.693s] writing top-level names to autoturtle.egg-info/top_level.txt
[1.694s] reading manifest file 'autoturtle.egg-info/SOURCES.txt'
[1.695s] writing manifest file 'autoturtle.egg-info/SOURCES.txt'
[1.698s] running build_ext
[1.698s] Creating /home/ajak2k/Sriram_AjayShankar_ws/install/autoturtle/lib/python3.10/site-packages/autoturtle.egg-link (link to .)
[1.698s] Installing my_teleop_node script to /home/ajak2k/Sriram_AjayShankar_ws/install/autoturtle/lib/autoturtle
[1.699s] Installing swim_node script to /home/ajak2k/Sriram_AjayShankar_ws/install/autoturtle/lib/autoturtle
[1.700s] Installing swim_to_goal script to /home/ajak2k/Sriram_AjayShankar_ws/install/autoturtle/lib/autoturtle
[1.701s] 
[1.701s] Installed /home/ajak2k/Sriram_AjayShankar_ws/build/autoturtle
[1.701s] running symlink_data
[1.701s] symbolically linking /home/ajak2k/Sriram_AjayShankar_ws/build/autoturtle/resource/autoturtle -> /home/ajak2k/Sriram_AjayShankar_ws/install/autoturtle/share/ament_index/resource_index/packages
[1.701s] symbolically linking /home/ajak2k/Sriram_AjayShankar_ws/build/autoturtle/package.xml -> /home/ajak2k/Sriram_AjayShankar_ws/install/autoturtle/share/autoturtle
[1.746s] Invoked command in '/home/ajak2k/Sriram_AjayShankar_ws/build/autoturtle' returned '0': PYTHONPATH=/home/ajak2k/Sriram_AjayShankar_ws/build/autoturtle/prefix_override:/home/ajak2k/Sriram_AjayShankar_ws/install/autoturtle/lib/python3.10/site-packages:${PYTHONPATH} /usr/bin/python3 -W ignore:setup.py install is deprecated setup.py develop --editable --build-directory /home/ajak2k/Sriram_AjayShankar_ws/build/autoturtle/build --no-deps symlink_data --force
