[1.912s] Invoking command in '/home/ajak2k/Sriram_AjayShankar_ws/src/turtlebot': PYTHONPATH=/home/ajak2k/Sriram_AjayShankar_ws/build/turtlebot/prefix_override:/home/ajak2k/Sriram_AjayShankar_ws/install/turtlebot/lib/python3.10/site-packages:${PYTHONPATH} /usr/bin/python3 -W ignore:setup.py install is deprecated setup.py egg_info --egg-base ../../build/turtlebot build --build-base /home/ajak2k/Sriram_AjayShankar_ws/build/turtlebot/build install --record /home/ajak2k/Sriram_AjayShankar_ws/build/turtlebot/install.log --single-version-externally-managed install_data
[2.554s] running egg_info
[2.555s] writing ../../build/turtlebot/turtlebot.egg-info/PKG-INFO
[2.556s] writing dependency_links to ../../build/turtlebot/turtlebot.egg-info/dependency_links.txt
[2.556s] writing entry points to ../../build/turtlebot/turtlebot.egg-info/entry_points.txt
[2.557s] writing requirements to ../../build/turtlebot/turtlebot.egg-info/requires.txt
[2.557s] writing top-level names to ../../build/turtlebot/turtlebot.egg-info/top_level.txt
[2.560s] reading manifest file '../../build/turtlebot/turtlebot.egg-info/SOURCES.txt'
[2.562s] writing manifest file '../../build/turtlebot/turtlebot.egg-info/SOURCES.txt'
[2.562s] running build
[2.563s] running build_py
[2.563s] copying turtlebot/pid_controller.py -> /home/ajak2k/Sriram_AjayShankar_ws/build/turtlebot/build/lib/turtlebot
[2.563s] running install
[2.564s] running install_lib
[2.565s] copying /home/ajak2k/Sriram_AjayShankar_ws/build/turtlebot/build/lib/turtlebot/pid_controller.py -> /home/ajak2k/Sriram_AjayShankar_ws/install/turtlebot/lib/python3.10/site-packages/turtlebot
[2.566s] byte-compiling /home/ajak2k/Sriram_AjayShankar_ws/install/turtlebot/lib/python3.10/site-packages/turtlebot/pid_controller.py to pid_controller.cpython-310.pyc
[2.570s] running install_data
[2.570s] running install_egg_info
[2.573s] removing '/home/ajak2k/Sriram_AjayShankar_ws/install/turtlebot/lib/python3.10/site-packages/turtlebot-0.2.0-py3.10.egg-info' (and everything under it)
[2.573s] Copying ../../build/turtlebot/turtlebot.egg-info to /home/ajak2k/Sriram_AjayShankar_ws/install/turtlebot/lib/python3.10/site-packages/turtlebot-0.2.0-py3.10.egg-info
[2.575s] running install_scripts
[2.620s] Installing motion_planner script to /home/ajak2k/Sriram_AjayShankar_ws/install/turtlebot/lib/turtlebot
[2.621s] Installing pid_controller script to /home/ajak2k/Sriram_AjayShankar_ws/install/turtlebot/lib/turtlebot
[2.621s] writing list of installed files to '/home/ajak2k/Sriram_AjayShankar_ws/build/turtlebot/install.log'
[2.690s] Invoked command in '/home/ajak2k/Sriram_AjayShankar_ws/src/turtlebot' returned '0': PYTHONPATH=/home/ajak2k/Sriram_AjayShankar_ws/build/turtlebot/prefix_override:/home/ajak2k/Sriram_AjayShankar_ws/install/turtlebot/lib/python3.10/site-packages:${PYTHONPATH} /usr/bin/python3 -W ignore:setup.py install is deprecated setup.py egg_info --egg-base ../../build/turtlebot build --build-base /home/ajak2k/Sriram_AjayShankar_ws/build/turtlebot/build install --record /home/ajak2k/Sriram_AjayShankar_ws/build/turtlebot/install.log --single-version-externally-managed install_data
