[6.856s] Invoking command in '/home/ajak2k/Sriram_AjayShankar_ws/src/turtlebot': PYTHONPATH=/home/ajak2k/Sriram_AjayShankar_ws/build/turtlebot/prefix_override:/home/ajak2k/Sriram_AjayShankar_ws/install/turtlebot/lib/python3.10/site-packages:${PYTHONPATH} /usr/bin/python3 -W ignore:setup.py install is deprecated setup.py egg_info --egg-base ../../build/turtlebot build --build-base /home/ajak2k/Sriram_AjayShankar_ws/build/turtlebot/build install --record /home/ajak2k/Sriram_AjayShankar_ws/build/turtlebot/install.log --single-version-externally-managed install_data
[7.960s] running egg_info
[7.964s] writing ../../build/turtlebot/turtlebot.egg-info/PKG-INFO
[7.965s] writing dependency_links to ../../build/turtlebot/turtlebot.egg-info/dependency_links.txt
[7.966s] writing entry points to ../../build/turtlebot/turtlebot.egg-info/entry_points.txt
[7.966s] writing requirements to ../../build/turtlebot/turtlebot.egg-info/requires.txt
[7.967s] writing top-level names to ../../build/turtlebot/turtlebot.egg-info/top_level.txt
[7.971s] reading manifest file '../../build/turtlebot/turtlebot.egg-info/SOURCES.txt'
[7.975s] writing manifest file '../../build/turtlebot/turtlebot.egg-info/SOURCES.txt'
[7.975s] running build
[7.976s] running build_py
[7.977s] copying turtlebot/pid_controller.py -> /home/ajak2k/Sriram_AjayShankar_ws/build/turtlebot/build/lib/turtlebot
[7.978s] running install
[7.978s] running install_lib
[7.979s] copying /home/ajak2k/Sriram_AjayShankar_ws/build/turtlebot/build/lib/turtlebot/pid_controller.py -> /home/ajak2k/Sriram_AjayShankar_ws/install/turtlebot/lib/python3.10/site-packages/turtlebot
[7.981s] byte-compiling /home/ajak2k/Sriram_AjayShankar_ws/install/turtlebot/lib/python3.10/site-packages/turtlebot/pid_controller.py to pid_controller.cpython-310.pyc
[7.986s] running install_data
[7.987s] running install_egg_info
[7.993s] removing '/home/ajak2k/Sriram_AjayShankar_ws/install/turtlebot/lib/python3.10/site-packages/turtlebot-0.2.0-py3.10.egg-info' (and everything under it)
[7.994s] Copying ../../build/turtlebot/turtlebot.egg-info to /home/ajak2k/Sriram_AjayShankar_ws/install/turtlebot/lib/python3.10/site-packages/turtlebot-0.2.0-py3.10.egg-info
[7.997s] running install_scripts
[8.071s] Installing motion_planner script to /home/ajak2k/Sriram_AjayShankar_ws/install/turtlebot/lib/turtlebot
[8.072s] Installing pid_controller script to /home/ajak2k/Sriram_AjayShankar_ws/install/turtlebot/lib/turtlebot
[8.073s] writing list of installed files to '/home/ajak2k/Sriram_AjayShankar_ws/build/turtlebot/install.log'
[8.184s] Invoked command in '/home/ajak2k/Sriram_AjayShankar_ws/src/turtlebot' returned '0': PYTHONPATH=/home/ajak2k/Sriram_AjayShankar_ws/build/turtlebot/prefix_override:/home/ajak2k/Sriram_AjayShankar_ws/install/turtlebot/lib/python3.10/site-packages:${PYTHONPATH} /usr/bin/python3 -W ignore:setup.py install is deprecated setup.py egg_info --egg-base ../../build/turtlebot build --build-base /home/ajak2k/Sriram_AjayShankar_ws/build/turtlebot/build install --record /home/ajak2k/Sriram_AjayShankar_ws/build/turtlebot/install.log --single-version-externally-managed install_data
