[3.141s] Invoking command in '/home/ajak2k/Sriram_AjayShankar_ws/src/autoturtle': PYTHONPATH=/home/ajak2k/Sriram_AjayShankar_ws/build/autoturtle/prefix_override:/home/ajak2k/Sriram_AjayShankar_ws/install/autoturtle/lib/python3.10/site-packages:${PYTHONPATH} /usr/bin/python3 -W ignore:setup.py install is deprecated setup.py egg_info --egg-base ../../build/autoturtle build --build-base /home/ajak2k/Sriram_AjayShankar_ws/build/autoturtle/build install --record /home/ajak2k/Sriram_AjayShankar_ws/build/autoturtle/install.log --single-version-externally-managed install_data
[4.087s] running egg_info
[4.089s] writing ../../build/autoturtle/autoturtle.egg-info/PKG-INFO
[4.091s] writing dependency_links to ../../build/autoturtle/autoturtle.egg-info/dependency_links.txt
[4.092s] writing entry points to ../../build/autoturtle/autoturtle.egg-info/entry_points.txt
[4.093s] writing requirements to ../../build/autoturtle/autoturtle.egg-info/requires.txt
[4.093s] writing top-level names to ../../build/autoturtle/autoturtle.egg-info/top_level.txt
[4.096s] reading manifest file '../../build/autoturtle/autoturtle.egg-info/SOURCES.txt'
[4.099s] writing manifest file '../../build/autoturtle/autoturtle.egg-info/SOURCES.txt'
[4.100s] running build
[4.100s] running build_py
[4.101s] running install
[4.102s] running install_lib
[4.108s] running install_data
[4.109s] running install_egg_info
[4.115s] removing '/home/ajak2k/Sriram_AjayShankar_ws/install/autoturtle/lib/python3.10/site-packages/autoturtle-0.3.0-py3.10.egg-info' (and everything under it)
[4.115s] Copying ../../build/autoturtle/autoturtle.egg-info to /home/ajak2k/Sriram_AjayShankar_ws/install/autoturtle/lib/python3.10/site-packages/autoturtle-0.3.0-py3.10.egg-info
[4.118s] running install_scripts
[4.183s] Installing my_teleop_node script to /home/ajak2k/Sriram_AjayShankar_ws/install/autoturtle/lib/autoturtle
[4.183s] Installing swim_node script to /home/ajak2k/Sriram_AjayShankar_ws/install/autoturtle/lib/autoturtle
[4.184s] Installing swim_to_goal script to /home/ajak2k/Sriram_AjayShankar_ws/install/autoturtle/lib/autoturtle
[4.184s] writing list of installed files to '/home/ajak2k/Sriram_AjayShankar_ws/build/autoturtle/install.log'
[4.260s] Invoked command in '/home/ajak2k/Sriram_AjayShankar_ws/src/autoturtle' returned '0': PYTHONPATH=/home/ajak2k/Sriram_AjayShankar_ws/build/autoturtle/prefix_override:/home/ajak2k/Sriram_AjayShankar_ws/install/autoturtle/lib/python3.10/site-packages:${PYTHONPATH} /usr/bin/python3 -W ignore:setup.py install is deprecated setup.py egg_info --egg-base ../../build/autoturtle build --build-base /home/ajak2k/Sriram_AjayShankar_ws/build/autoturtle/build install --record /home/ajak2k/Sriram_AjayShankar_ws/build/autoturtle/install.log --single-version-externally-managed install_data
