[5.129s] Invoking command in '/home/ajak2k/Sriram_AjayShankar_ws/src/turtlebot': PYTHONPATH=/home/ajak2k/Sriram_AjayShankar_ws/build/turtlebot/prefix_override:/home/ajak2k/Sriram_AjayShankar_ws/install/turtlebot/lib/python3.10/site-packages:${PYTHONPATH} /usr/bin/python3 -W ignore:setup.py install is deprecated setup.py egg_info --egg-base ../../build/turtlebot build --build-base /home/ajak2k/Sriram_AjayShankar_ws/build/turtlebot/build install --record /home/ajak2k/Sriram_AjayShankar_ws/build/turtlebot/install.log --single-version-externally-managed install_data
[6.480s] running egg_info
[6.482s] writing ../../build/turtlebot/turtlebot.egg-info/PKG-INFO
[6.483s] writing dependency_links to ../../build/turtlebot/turtlebot.egg-info/dependency_links.txt
[6.484s] writing entry points to ../../build/turtlebot/turtlebot.egg-info/entry_points.txt
[6.485s] writing requirements to ../../build/turtlebot/turtlebot.egg-info/requires.txt
[6.486s] writing top-level names to ../../build/turtlebot/turtlebot.egg-info/top_level.txt
[6.491s] reading manifest file '../../build/turtlebot/turtlebot.egg-info/SOURCES.txt'
[6.497s] writing manifest file '../../build/turtlebot/turtlebot.egg-info/SOURCES.txt'
[6.501s] running build
[6.502s] running build_py
[6.503s] running install
[6.504s] running install_lib
[6.507s] running install_data
[6.509s] running install_egg_info
[6.516s] removing '/home/ajak2k/Sriram_AjayShankar_ws/install/turtlebot/lib/python3.10/site-packages/turtlebot-0.2.0-py3.10.egg-info' (and everything under it)
[6.519s] Copying ../../build/turtlebot/turtlebot.egg-info to /home/ajak2k/Sriram_AjayShankar_ws/install/turtlebot/lib/python3.10/site-packages/turtlebot-0.2.0-py3.10.egg-info
[6.521s] running install_scripts
[6.628s] Installing motion_planner script to /home/ajak2k/Sriram_AjayShankar_ws/install/turtlebot/lib/turtlebot
[6.635s] Installing pid_controller script to /home/ajak2k/Sriram_AjayShankar_ws/install/turtlebot/lib/turtlebot
[6.639s] writing list of installed files to '/home/ajak2k/Sriram_AjayShankar_ws/build/turtlebot/install.log'
[6.806s] Invoked command in '/home/ajak2k/Sriram_AjayShankar_ws/src/turtlebot' returned '0': PYTHONPATH=/home/ajak2k/Sriram_AjayShankar_ws/build/turtlebot/prefix_override:/home/ajak2k/Sriram_AjayShankar_ws/install/turtlebot/lib/python3.10/site-packages:${PYTHONPATH} /usr/bin/python3 -W ignore:setup.py install is deprecated setup.py egg_info --egg-base ../../build/turtlebot build --build-base /home/ajak2k/Sriram_AjayShankar_ws/build/turtlebot/build install --record /home/ajak2k/Sriram_AjayShankar_ws/build/turtlebot/install.log --single-version-externally-managed install_data
