[1.616s] Invoking command in '/home/ajak2k/Sriram_AjayShankar_ws/src/turtlebot': PYTHONPATH=/home/ajak2k/Sriram_AjayShankar_ws/build/turtlebot/prefix_override:/home/ajak2k/Sriram_AjayShankar_ws/install/turtlebot/lib/python3.10/site-packages:${PYTHONPATH} /usr/bin/python3 -W ignore:setup.py install is deprecated setup.py egg_info --egg-base ../../build/turtlebot build --build-base /home/ajak2k/Sriram_AjayShankar_ws/build/turtlebot/build install --record /home/ajak2k/Sriram_AjayShankar_ws/build/turtlebot/install.log --single-version-externally-managed install_data
[2.132s] running egg_info
[2.133s] writing ../../build/turtlebot/turtlebot.egg-info/PKG-INFO
[2.133s] writing dependency_links to ../../build/turtlebot/turtlebot.egg-info/dependency_links.txt
[2.134s] writing entry points to ../../build/turtlebot/turtlebot.egg-info/entry_points.txt
[2.135s] writing requirements to ../../build/turtlebot/turtlebot.egg-info/requires.txt
[2.135s] writing top-level names to ../../build/turtlebot/turtlebot.egg-info/top_level.txt
[2.137s] reading manifest file '../../build/turtlebot/turtlebot.egg-info/SOURCES.txt'
[2.139s] writing manifest file '../../build/turtlebot/turtlebot.egg-info/SOURCES.txt'
[2.140s] running build
[2.140s] running build_py
[2.140s] running install
[2.140s] running install_lib
[2.144s] running install_data
[2.144s] copying package.xml -> /home/ajak2k/Sriram_AjayShankar_ws/install/turtlebot/share/turtlebot
[2.144s] running install_egg_info
[2.149s] removing '/home/ajak2k/Sriram_AjayShankar_ws/install/turtlebot/lib/python3.10/site-packages/turtlebot-0.1.0-py3.10.egg-info' (and everything under it)
[2.149s] Copying ../../build/turtlebot/turtlebot.egg-info to /home/ajak2k/Sriram_AjayShankar_ws/install/turtlebot/lib/python3.10/site-packages/turtlebot-0.1.0-py3.10.egg-info
[2.152s] running install_scripts
[2.184s] Installing motion_planner script to /home/ajak2k/Sriram_AjayShankar_ws/install/turtlebot/lib/turtlebot
[2.185s] Installing pid_controller script to /home/ajak2k/Sriram_AjayShankar_ws/install/turtlebot/lib/turtlebot
[2.185s] writing list of installed files to '/home/ajak2k/Sriram_AjayShankar_ws/build/turtlebot/install.log'
[2.226s] Invoked command in '/home/ajak2k/Sriram_AjayShankar_ws/src/turtlebot' returned '0': PYTHONPATH=/home/ajak2k/Sriram_AjayShankar_ws/build/turtlebot/prefix_override:/home/ajak2k/Sriram_AjayShankar_ws/install/turtlebot/lib/python3.10/site-packages:${PYTHONPATH} /usr/bin/python3 -W ignore:setup.py install is deprecated setup.py egg_info --egg-base ../../build/turtlebot build --build-base /home/ajak2k/Sriram_AjayShankar_ws/build/turtlebot/build install --record /home/ajak2k/Sriram_AjayShankar_ws/build/turtlebot/install.log --single-version-externally-managed install_data
