[1.034s] Invoking command in '/home/ajak2k/Sriram_AjayShankar_ws/turtlebot': PYTHONPATH=/home/ajak2k/Sriram_AjayShankar_ws/build/turtlebot/prefix_override:/home/ajak2k/Sriram_AjayShankar_ws/install/turtlebot/lib/python3.10/site-packages:${PYTHONPATH} /usr/bin/python3 -W ignore:setup.py install is deprecated setup.py egg_info --egg-base ../build/turtlebot build --build-base /home/ajak2k/Sriram_AjayShankar_ws/build/turtlebot/build install --record /home/ajak2k/Sriram_AjayShankar_ws/build/turtlebot/install.log --single-version-externally-managed install_data
[1.307s] running egg_info
[1.307s] writing ../build/turtlebot/turtlebot.egg-info/PKG-INFO
[1.308s] writing dependency_links to ../build/turtlebot/turtlebot.egg-info/dependency_links.txt
[1.308s] writing entry points to ../build/turtlebot/turtlebot.egg-info/entry_points.txt
[1.308s] writing requirements to ../build/turtlebot/turtlebot.egg-info/requires.txt
[1.308s] writing top-level names to ../build/turtlebot/turtlebot.egg-info/top_level.txt
[1.310s] reading manifest file '../build/turtlebot/turtlebot.egg-info/SOURCES.txt'
[1.311s] writing manifest file '../build/turtlebot/turtlebot.egg-info/SOURCES.txt'
[1.311s] running build
[1.311s] running build_py
[1.312s] running install
[1.312s] running install_lib
[1.313s] running install_data
[1.313s] running install_egg_info
[1.315s] removing '/home/ajak2k/Sriram_AjayShankar_ws/install/turtlebot/lib/python3.10/site-packages/turtlebot-0.0.0-py3.10.egg-info' (and everything under it)
[1.315s] Copying ../build/turtlebot/turtlebot.egg-info to /home/ajak2k/Sriram_AjayShankar_ws/install/turtlebot/lib/python3.10/site-packages/turtlebot-0.0.0-py3.10.egg-info
[1.317s] running install_scripts
[1.338s] Installing motion_planner script to /home/ajak2k/Sriram_AjayShankar_ws/install/turtlebot/lib/turtlebot
[1.338s] Installing pid_controller script to /home/ajak2k/Sriram_AjayShankar_ws/install/turtlebot/lib/turtlebot
[1.339s] writing list of installed files to '/home/ajak2k/Sriram_AjayShankar_ws/build/turtlebot/install.log'
[1.364s] Invoked command in '/home/ajak2k/Sriram_AjayShankar_ws/turtlebot' returned '0': PYTHONPATH=/home/ajak2k/Sriram_AjayShankar_ws/build/turtlebot/prefix_override:/home/ajak2k/Sriram_AjayShankar_ws/install/turtlebot/lib/python3.10/site-packages:${PYTHONPATH} /usr/bin/python3 -W ignore:setup.py install is deprecated setup.py egg_info --egg-base ../build/turtlebot build --build-base /home/ajak2k/Sriram_AjayShankar_ws/build/turtlebot/build install --record /home/ajak2k/Sriram_AjayShankar_ws/build/turtlebot/install.log --single-version-externally-managed install_data
