[1.593s] Invoking command in '/home/ajak2k/Sriram_AjayShankar_ws/src/autoturtle': PYTHONPATH=/home/ajak2k/Sriram_AjayShankar_ws/build/autoturtle/prefix_override:/home/ajak2k/Sriram_AjayShankar_ws/install/autoturtle/lib/python3.10/site-packages:${PYTHONPATH} /usr/bin/python3 -W ignore:setup.py install is deprecated setup.py egg_info --egg-base ../../build/autoturtle build --build-base /home/ajak2k/Sriram_AjayShankar_ws/build/autoturtle/build install --record /home/ajak2k/Sriram_AjayShankar_ws/build/autoturtle/install.log --single-version-externally-managed install_data
[2.274s] running egg_info
[2.276s] writing ../../build/autoturtle/autoturtle.egg-info/PKG-INFO
[2.277s] writing dependency_links to ../../build/autoturtle/autoturtle.egg-info/dependency_links.txt
[2.277s] writing entry points to ../../build/autoturtle/autoturtle.egg-info/entry_points.txt
[2.278s] writing requirements to ../../build/autoturtle/autoturtle.egg-info/requires.txt
[2.278s] writing top-level names to ../../build/autoturtle/autoturtle.egg-info/top_level.txt
[2.281s] reading manifest file '../../build/autoturtle/autoturtle.egg-info/SOURCES.txt'
[2.284s] writing manifest file '../../build/autoturtle/autoturtle.egg-info/SOURCES.txt'
[2.284s] running build
[2.284s] running build_py
[2.285s] running install
[2.286s] running install_lib
[2.290s] running install_data
[2.290s] running install_egg_info
[2.294s] removing '/home/ajak2k/Sriram_AjayShankar_ws/install/autoturtle/lib/python3.10/site-packages/autoturtle-0.3.0-py3.10.egg-info' (and everything under it)
[2.294s] Copying ../../build/autoturtle/autoturtle.egg-info to /home/ajak2k/Sriram_AjayShankar_ws/install/autoturtle/lib/python3.10/site-packages/autoturtle-0.3.0-py3.10.egg-info
[2.297s] running install_scripts
[2.348s] Installing my_teleop_node script to /home/ajak2k/Sriram_AjayShankar_ws/install/autoturtle/lib/autoturtle
[2.348s] Installing swim_node script to /home/ajak2k/Sriram_AjayShankar_ws/install/autoturtle/lib/autoturtle
[2.349s] Installing swim_to_goal script to /home/ajak2k/Sriram_AjayShankar_ws/install/autoturtle/lib/autoturtle
[2.350s] writing list of installed files to '/home/ajak2k/Sriram_AjayShankar_ws/build/autoturtle/install.log'
[2.389s] Invoked command in '/home/ajak2k/Sriram_AjayShankar_ws/src/autoturtle' returned '0': PYTHONPATH=/home/ajak2k/Sriram_AjayShankar_ws/build/autoturtle/prefix_override:/home/ajak2k/Sriram_AjayShankar_ws/install/autoturtle/lib/python3.10/site-packages:${PYTHONPATH} /usr/bin/python3 -W ignore:setup.py install is deprecated setup.py egg_info --egg-base ../../build/autoturtle build --build-base /home/ajak2k/Sriram_AjayShankar_ws/build/autoturtle/build install --record /home/ajak2k/Sriram_AjayShankar_ws/build/autoturtle/install.log --single-version-externally-managed install_data
