[1.535s] Invoking command in '/home/ajak2k/Sriram_AjayShankar_ws/src/autoturtle': PYTHONPATH=/home/ajak2k/Sriram_AjayShankar_ws/build/autoturtle/prefix_override:/home/ajak2k/Sriram_AjayShankar_ws/install/autoturtle/lib/python3.10/site-packages:${PYTHONPATH} /usr/bin/python3 -W ignore:setup.py install is deprecated setup.py egg_info --egg-base ../../build/autoturtle build --build-base /home/ajak2k/Sriram_AjayShankar_ws/build/autoturtle/build install --record /home/ajak2k/Sriram_AjayShankar_ws/build/autoturtle/install.log --single-version-externally-managed install_data
[1.990s] running egg_info
[1.991s] writing ../../build/autoturtle/autoturtle.egg-info/PKG-INFO
[1.991s] writing dependency_links to ../../build/autoturtle/autoturtle.egg-info/dependency_links.txt
[1.992s] writing entry points to ../../build/autoturtle/autoturtle.egg-info/entry_points.txt
[1.992s] writing requirements to ../../build/autoturtle/autoturtle.egg-info/requires.txt
[1.992s] writing top-level names to ../../build/autoturtle/autoturtle.egg-info/top_level.txt
[1.994s] reading manifest file '../../build/autoturtle/autoturtle.egg-info/SOURCES.txt'
[1.995s] writing manifest file '../../build/autoturtle/autoturtle.egg-info/SOURCES.txt'
[1.996s] running build
[1.996s] running build_py
[1.996s] running install
[1.997s] running install_lib
[1.998s] running install_data
[1.999s] running install_egg_info
[2.001s] removing '/home/ajak2k/Sriram_AjayShankar_ws/install/autoturtle/lib/python3.10/site-packages/autoturtle-0.0.0-py3.10.egg-info' (and everything under it)
[2.001s] Copying ../../build/autoturtle/autoturtle.egg-info to /home/ajak2k/Sriram_AjayShankar_ws/install/autoturtle/lib/python3.10/site-packages/autoturtle-0.0.0-py3.10.egg-info
[2.003s] running install_scripts
[2.031s] Installing my_teleop_node script to /home/ajak2k/Sriram_AjayShankar_ws/install/autoturtle/lib/autoturtle
[2.031s] Installing swim_node script to /home/ajak2k/Sriram_AjayShankar_ws/install/autoturtle/lib/autoturtle
[2.031s] Installing swim_to_goal script to /home/ajak2k/Sriram_AjayShankar_ws/install/autoturtle/lib/autoturtle
[2.032s] writing list of installed files to '/home/ajak2k/Sriram_AjayShankar_ws/build/autoturtle/install.log'
[2.067s] Invoked command in '/home/ajak2k/Sriram_AjayShankar_ws/src/autoturtle' returned '0': PYTHONPATH=/home/ajak2k/Sriram_AjayShankar_ws/build/autoturtle/prefix_override:/home/ajak2k/Sriram_AjayShankar_ws/install/autoturtle/lib/python3.10/site-packages:${PYTHONPATH} /usr/bin/python3 -W ignore:setup.py install is deprecated setup.py egg_info --egg-base ../../build/autoturtle build --build-base /home/ajak2k/Sriram_AjayShankar_ws/build/autoturtle/build install --record /home/ajak2k/Sriram_AjayShankar_ws/build/autoturtle/install.log --single-version-externally-managed install_data
