[6.522s] Invoking command in '/home/ajak2k/Sriram_AjayShankar_ws/src/autoturtle': PYTHONPATH=/home/ajak2k/Sriram_AjayShankar_ws/build/autoturtle/prefix_override:/home/ajak2k/Sriram_AjayShankar_ws/install/autoturtle/lib/python3.10/site-packages:${PYTHONPATH} /usr/bin/python3 -W ignore:setup.py install is deprecated setup.py egg_info --egg-base ../../build/autoturtle build --build-base /home/ajak2k/Sriram_AjayShankar_ws/build/autoturtle/build install --record /home/ajak2k/Sriram_AjayShankar_ws/build/autoturtle/install.log --single-version-externally-managed install_data
[8.103s] running egg_info
[8.107s] writing ../../build/autoturtle/autoturtle.egg-info/PKG-INFO
[8.110s] writing dependency_links to ../../build/autoturtle/autoturtle.egg-info/dependency_links.txt
[8.111s] writing entry points to ../../build/autoturtle/autoturtle.egg-info/entry_points.txt
[8.113s] writing requirements to ../../build/autoturtle/autoturtle.egg-info/requires.txt
[8.115s] writing top-level names to ../../build/autoturtle/autoturtle.egg-info/top_level.txt
[8.131s] reading manifest file '../../build/autoturtle/autoturtle.egg-info/SOURCES.txt'
[8.136s] writing manifest file '../../build/autoturtle/autoturtle.egg-info/SOURCES.txt'
[8.137s] running build
[8.138s] running build_py
[8.140s] running install
[8.142s] running install_lib
[8.150s] running install_data
[8.150s] running install_egg_info
[8.158s] removing '/home/ajak2k/Sriram_AjayShankar_ws/install/autoturtle/lib/python3.10/site-packages/autoturtle-0.3.0-py3.10.egg-info' (and everything under it)
[8.159s] Copying ../../build/autoturtle/autoturtle.egg-info to /home/ajak2k/Sriram_AjayShankar_ws/install/autoturtle/lib/python3.10/site-packages/autoturtle-0.3.0-py3.10.egg-info
[8.162s] running install_scripts
[8.278s] Installing my_teleop_node script to /home/ajak2k/Sriram_AjayShankar_ws/install/autoturtle/lib/autoturtle
[8.281s] Installing swim_node script to /home/ajak2k/Sriram_AjayShankar_ws/install/autoturtle/lib/autoturtle
[8.282s] Installing swim_to_goal script to /home/ajak2k/Sriram_AjayShankar_ws/install/autoturtle/lib/autoturtle
[8.283s] writing list of installed files to '/home/ajak2k/Sriram_AjayShankar_ws/build/autoturtle/install.log'
[8.389s] Invoked command in '/home/ajak2k/Sriram_AjayShankar_ws/src/autoturtle' returned '0': PYTHONPATH=/home/ajak2k/Sriram_AjayShankar_ws/build/autoturtle/prefix_override:/home/ajak2k/Sriram_AjayShankar_ws/install/autoturtle/lib/python3.10/site-packages:${PYTHONPATH} /usr/bin/python3 -W ignore:setup.py install is deprecated setup.py egg_info --egg-base ../../build/autoturtle build --build-base /home/ajak2k/Sriram_AjayShankar_ws/build/autoturtle/build install --record /home/ajak2k/Sriram_AjayShankar_ws/build/autoturtle/install.log --single-version-externally-managed install_data
