[2.552s] Invoking command in '/home/ajak2k/Sriram_AjayShankar_ws/turtlebot': PYTHONPATH=/home/ajak2k/Sriram_AjayShankar_ws/build/turtlebot/prefix_override:/home/ajak2k/Sriram_AjayShankar_ws/install/turtlebot/lib/python3.10/site-packages:${PYTHONPATH} /usr/bin/python3 -W ignore:setup.py install is deprecated setup.py egg_info --egg-base ../build/turtlebot build --build-base /home/ajak2k/Sriram_AjayShankar_ws/build/turtlebot/build install --record /home/ajak2k/Sriram_AjayShankar_ws/build/turtlebot/install.log --single-version-externally-managed install_data
[3.222s] running egg_info
[3.225s] writing ../build/turtlebot/turtlebot.egg-info/PKG-INFO
[3.225s] writing dependency_links to ../build/turtlebot/turtlebot.egg-info/dependency_links.txt
[3.226s] writing entry points to ../build/turtlebot/turtlebot.egg-info/entry_points.txt
[3.226s] writing requirements to ../build/turtlebot/turtlebot.egg-info/requires.txt
[3.226s] writing top-level names to ../build/turtlebot/turtlebot.egg-info/top_level.txt
[3.230s] reading manifest file '../build/turtlebot/turtlebot.egg-info/SOURCES.txt'
[3.232s] writing manifest file '../build/turtlebot/turtlebot.egg-info/SOURCES.txt'
[3.233s] running build
[3.233s] running build_py
[3.233s] running install
[3.234s] running install_lib
[3.237s] running install_data
[3.237s] running install_egg_info
[3.240s] removing '/home/ajak2k/Sriram_AjayShankar_ws/install/turtlebot/lib/python3.10/site-packages/turtlebot-0.2.0-py3.10.egg-info' (and everything under it)
[3.241s] Copying ../build/turtlebot/turtlebot.egg-info to /home/ajak2k/Sriram_AjayShankar_ws/install/turtlebot/lib/python3.10/site-packages/turtlebot-0.2.0-py3.10.egg-info
[3.243s] running install_scripts
[3.282s] Installing motion_planner script to /home/ajak2k/Sriram_AjayShankar_ws/install/turtlebot/lib/turtlebot
[3.282s] Installing pid_controller script to /home/ajak2k/Sriram_AjayShankar_ws/install/turtlebot/lib/turtlebot
[3.283s] writing list of installed files to '/home/ajak2k/Sriram_AjayShankar_ws/build/turtlebot/install.log'
[3.347s] Invoked command in '/home/ajak2k/Sriram_AjayShankar_ws/turtlebot' returned '0': PYTHONPATH=/home/ajak2k/Sriram_AjayShankar_ws/build/turtlebot/prefix_override:/home/ajak2k/Sriram_AjayShankar_ws/install/turtlebot/lib/python3.10/site-packages:${PYTHONPATH} /usr/bin/python3 -W ignore:setup.py install is deprecated setup.py egg_info --egg-base ../build/turtlebot build --build-base /home/ajak2k/Sriram_AjayShankar_ws/build/turtlebot/build install --record /home/ajak2k/Sriram_AjayShankar_ws/build/turtlebot/install.log --single-version-externally-managed install_data
