[1.314s] Invoking command in '/home/ajak2k/Sriram_AjayShankar_ws/src/autoturtle': PYTHONPATH=/home/ajak2k/Sriram_AjayShankar_ws/build/autoturtle/prefix_override:/home/ajak2k/Sriram_AjayShankar_ws/install/autoturtle/lib/python3.10/site-packages:${PYTHONPATH} /usr/bin/python3 -W ignore:setup.py install is deprecated setup.py egg_info --egg-base ../../build/autoturtle build --build-base /home/ajak2k/Sriram_AjayShankar_ws/build/autoturtle/build install --record /home/ajak2k/Sriram_AjayShankar_ws/build/autoturtle/install.log --single-version-externally-managed install_data
[1.610s] running egg_info
[1.611s] creating ../../build/autoturtle/autoturtle.egg-info
[1.611s] writing ../../build/autoturtle/autoturtle.egg-info/PKG-INFO
[1.612s] writing dependency_links to ../../build/autoturtle/autoturtle.egg-info/dependency_links.txt
[1.612s] writing entry points to ../../build/autoturtle/autoturtle.egg-info/entry_points.txt
[1.612s] writing requirements to ../../build/autoturtle/autoturtle.egg-info/requires.txt
[1.614s] writing top-level names to ../../build/autoturtle/autoturtle.egg-info/top_level.txt
[1.614s] writing manifest file '../../build/autoturtle/autoturtle.egg-info/SOURCES.txt'
[1.616s] reading manifest file '../../build/autoturtle/autoturtle.egg-info/SOURCES.txt'
[1.618s] writing manifest file '../../build/autoturtle/autoturtle.egg-info/SOURCES.txt'
[1.618s] running build
[1.618s] running build_py
[1.619s] creating /home/ajak2k/Sriram_AjayShankar_ws/build/autoturtle/build
[1.619s] creating /home/ajak2k/Sriram_AjayShankar_ws/build/autoturtle/build/lib
[1.620s] creating /home/ajak2k/Sriram_AjayShankar_ws/build/autoturtle/build/lib/autoturtle
[1.620s] copying autoturtle/my_teleop_node.py -> /home/ajak2k/Sriram_AjayShankar_ws/build/autoturtle/build/lib/autoturtle
[1.620s] copying autoturtle/__init__.py -> /home/ajak2k/Sriram_AjayShankar_ws/build/autoturtle/build/lib/autoturtle
[1.620s] copying autoturtle/swim_to_goal.py -> /home/ajak2k/Sriram_AjayShankar_ws/build/autoturtle/build/lib/autoturtle
[1.621s] copying autoturtle/swim_node.py -> /home/ajak2k/Sriram_AjayShankar_ws/build/autoturtle/build/lib/autoturtle
[1.621s] running install
[1.621s] running install_lib
[1.622s] creating /home/ajak2k/Sriram_AjayShankar_ws/install/autoturtle/lib/python3.10/site-packages/autoturtle
[1.622s] copying /home/ajak2k/Sriram_AjayShankar_ws/build/autoturtle/build/lib/autoturtle/my_teleop_node.py -> /home/ajak2k/Sriram_AjayShankar_ws/install/autoturtle/lib/python3.10/site-packages/autoturtle
[1.622s] copying /home/ajak2k/Sriram_AjayShankar_ws/build/autoturtle/build/lib/autoturtle/__init__.py -> /home/ajak2k/Sriram_AjayShankar_ws/install/autoturtle/lib/python3.10/site-packages/autoturtle
[1.622s] copying /home/ajak2k/Sriram_AjayShankar_ws/build/autoturtle/build/lib/autoturtle/swim_to_goal.py -> /home/ajak2k/Sriram_AjayShankar_ws/install/autoturtle/lib/python3.10/site-packages/autoturtle
[1.622s] copying /home/ajak2k/Sriram_AjayShankar_ws/build/autoturtle/build/lib/autoturtle/swim_node.py -> /home/ajak2k/Sriram_AjayShankar_ws/install/autoturtle/lib/python3.10/site-packages/autoturtle
[1.623s] byte-compiling /home/ajak2k/Sriram_AjayShankar_ws/install/autoturtle/lib/python3.10/site-packages/autoturtle/my_teleop_node.py to my_teleop_node.cpython-310.pyc
[1.623s] byte-compiling /home/ajak2k/Sriram_AjayShankar_ws/install/autoturtle/lib/python3.10/site-packages/autoturtle/__init__.py to __init__.cpython-310.pyc
[1.623s] byte-compiling /home/ajak2k/Sriram_AjayShankar_ws/install/autoturtle/lib/python3.10/site-packages/autoturtle/swim_to_goal.py to swim_to_goal.cpython-310.pyc
[1.624s] byte-compiling /home/ajak2k/Sriram_AjayShankar_ws/install/autoturtle/lib/python3.10/site-packages/autoturtle/swim_node.py to swim_node.cpython-310.pyc
[1.624s] running install_data
[1.624s] creating /home/ajak2k/Sriram_AjayShankar_ws/install/autoturtle/share/ament_index
[1.624s] creating /home/ajak2k/Sriram_AjayShankar_ws/install/autoturtle/share/ament_index/resource_index
[1.624s] creating /home/ajak2k/Sriram_AjayShankar_ws/install/autoturtle/share/ament_index/resource_index/packages
[1.625s] copying resource/autoturtle -> /home/ajak2k/Sriram_AjayShankar_ws/install/autoturtle/share/ament_index/resource_index/packages
[1.625s] copying package.xml -> /home/ajak2k/Sriram_AjayShankar_ws/install/autoturtle/share/autoturtle
[1.625s] running install_egg_info
[1.626s] Copying ../../build/autoturtle/autoturtle.egg-info to /home/ajak2k/Sriram_AjayShankar_ws/install/autoturtle/lib/python3.10/site-packages/autoturtle-0.3.0-py3.10.egg-info
[1.627s] running install_scripts
[1.649s] Installing my_teleop_node script to /home/ajak2k/Sriram_AjayShankar_ws/install/autoturtle/lib/autoturtle
[1.649s] Installing swim_node script to /home/ajak2k/Sriram_AjayShankar_ws/install/autoturtle/lib/autoturtle
[1.650s] Installing swim_to_goal script to /home/ajak2k/Sriram_AjayShankar_ws/install/autoturtle/lib/autoturtle
[1.650s] writing list of installed files to '/home/ajak2k/Sriram_AjayShankar_ws/build/autoturtle/install.log'
[1.682s] Invoked command in '/home/ajak2k/Sriram_AjayShankar_ws/src/autoturtle' returned '0': PYTHONPATH=/home/ajak2k/Sriram_AjayShankar_ws/build/autoturtle/prefix_override:/home/ajak2k/Sriram_AjayShankar_ws/install/autoturtle/lib/python3.10/site-packages:${PYTHONPATH} /usr/bin/python3 -W ignore:setup.py install is deprecated setup.py egg_info --egg-base ../../build/autoturtle build --build-base /home/ajak2k/Sriram_AjayShankar_ws/build/autoturtle/build install --record /home/ajak2k/Sriram_AjayShankar_ws/build/autoturtle/install.log --single-version-externally-managed install_data
