[0.469s] Invoking command in '/home/ajak2k/Sriram_AjayShankar_ws/build/turtlebot': CMAKE_PREFIX_PATH=${CMAKE_PREFIX_PATH}:/home/ajak2k/Sriram_AjayShankar_ws/install/autoturtle:/home/ajak2k/turtlebot3_ws/install/turtlebot3_teleop:/home/ajak2k/turtlebot3_ws/install/turtlebot3_example:/opt/ros/humble /usr/bin/cmake /home/ajak2k/Sriram_AjayShankar_ws/src/turtlebot -DCMAKE_INSTALL_PREFIX=/home/ajak2k/Sriram_AjayShankar_ws/install/turtlebot
[0.839s] -- The C compiler identification is GNU 11.4.0
[1.866s] -- The CXX compiler identification is GNU 11.4.0
[2.407s] -- Detecting C compiler ABI info
[2.689s] -- Detecting C compiler ABI info - done
[2.700s] -- Check for working C compiler: /usr/bin/cc - skipped
[2.705s] -- Detecting C compile features
[2.706s] -- Detecting C compile features - done
[2.713s] -- Detecting CXX compiler ABI info
[3.015s] -- Detecting CXX compiler ABI info - done
[3.026s] -- Check for working CXX compiler: /usr/bin/c++ - skipped
[3.027s] -- Detecting CXX compile features
[3.027s] -- Detecting CXX compile features - done
[3.049s] -- Found ament_cmake: 1.3.8 (/home/ajak2k/ros2_humble/ros2/share/ament_cmake/cmake)
[3.304s] -- Found Python3: /usr/bin/python3 (found version "3.10.12") found components: Interpreter 
[3.509s] -- Found ament_lint_auto: 0.12.10 (/home/ajak2k/ros2_humble/ros2/share/ament_lint_auto/cmake)
[3.659s] -- Added test 'lint_cmake' to check CMake code style
[3.663s] -- Added test 'xmllint' to check XML markup files
[3.667s] -- Configuring done
[3.672s] -- Generating done
[3.673s] -- Build files have been written to: /home/ajak2k/Sriram_AjayShankar_ws/build/turtlebot
[3.679s] Invoked command in '/home/ajak2k/Sriram_AjayShankar_ws/build/turtlebot' returned '0': CMAKE_PREFIX_PATH=${CMAKE_PREFIX_PATH}:/home/ajak2k/Sriram_AjayShankar_ws/install/autoturtle:/home/ajak2k/turtlebot3_ws/install/turtlebot3_teleop:/home/ajak2k/turtlebot3_ws/install/turtlebot3_example:/opt/ros/humble /usr/bin/cmake /home/ajak2k/Sriram_AjayShankar_ws/src/turtlebot -DCMAKE_INSTALL_PREFIX=/home/ajak2k/Sriram_AjayShankar_ws/install/turtlebot
[3.682s] Invoking command in '/home/ajak2k/Sriram_AjayShankar_ws/build/turtlebot': CMAKE_PREFIX_PATH=${CMAKE_PREFIX_PATH}:/home/ajak2k/Sriram_AjayShankar_ws/install/autoturtle:/home/ajak2k/turtlebot3_ws/install/turtlebot3_teleop:/home/ajak2k/turtlebot3_ws/install/turtlebot3_example:/opt/ros/humble /usr/bin/cmake --build /home/ajak2k/Sriram_AjayShankar_ws/build/turtlebot -- -j8 -l8
[3.731s] Invoked command in '/home/ajak2k/Sriram_AjayShankar_ws/build/turtlebot' returned '0': CMAKE_PREFIX_PATH=${CMAKE_PREFIX_PATH}:/home/ajak2k/Sriram_AjayShankar_ws/install/autoturtle:/home/ajak2k/turtlebot3_ws/install/turtlebot3_teleop:/home/ajak2k/turtlebot3_ws/install/turtlebot3_example:/opt/ros/humble /usr/bin/cmake --build /home/ajak2k/Sriram_AjayShankar_ws/build/turtlebot -- -j8 -l8
[3.776s] Invoking command in '/home/ajak2k/Sriram_AjayShankar_ws/build/turtlebot': CMAKE_PREFIX_PATH=${CMAKE_PREFIX_PATH}:/home/ajak2k/Sriram_AjayShankar_ws/install/autoturtle:/home/ajak2k/turtlebot3_ws/install/turtlebot3_teleop:/home/ajak2k/turtlebot3_ws/install/turtlebot3_example:/opt/ros/humble /usr/bin/cmake --install /home/ajak2k/Sriram_AjayShankar_ws/build/turtlebot
[3.784s] -- Install configuration: ""
[3.785s] -- Installing: /home/ajak2k/Sriram_AjayShankar_ws/install/turtlebot/share/ament_index/resource_index/package_run_dependencies/turtlebot
[3.786s] -- Installing: /home/ajak2k/Sriram_AjayShankar_ws/install/turtlebot/share/ament_index/resource_index/parent_prefix_path/turtlebot
[3.786s] -- Installing: /home/ajak2k/Sriram_AjayShankar_ws/install/turtlebot/share/turtlebot/environment/ament_prefix_path.sh
[3.787s] -- Installing: /home/ajak2k/Sriram_AjayShankar_ws/install/turtlebot/share/turtlebot/environment/ament_prefix_path.dsv
[3.787s] -- Installing: /home/ajak2k/Sriram_AjayShankar_ws/install/turtlebot/share/turtlebot/environment/path.sh
[3.787s] -- Installing: /home/ajak2k/Sriram_AjayShankar_ws/install/turtlebot/share/turtlebot/environment/path.dsv
[3.787s] -- Installing: /home/ajak2k/Sriram_AjayShankar_ws/install/turtlebot/share/turtlebot/local_setup.bash
[3.788s] -- Installing: /home/ajak2k/Sriram_AjayShankar_ws/install/turtlebot/share/turtlebot/local_setup.sh
[3.788s] -- Installing: /home/ajak2k/Sriram_AjayShankar_ws/install/turtlebot/share/turtlebot/local_setup.zsh
[3.788s] -- Installing: /home/ajak2k/Sriram_AjayShankar_ws/install/turtlebot/share/turtlebot/local_setup.dsv
[3.789s] -- Installing: /home/ajak2k/Sriram_AjayShankar_ws/install/turtlebot/share/turtlebot/package.dsv
[3.789s] -- Installing: /home/ajak2k/Sriram_AjayShankar_ws/install/turtlebot/share/ament_index/resource_index/packages/turtlebot
[3.789s] -- Installing: /home/ajak2k/Sriram_AjayShankar_ws/install/turtlebot/share/turtlebot/cmake/turtlebotConfig.cmake
[3.789s] -- Installing: /home/ajak2k/Sriram_AjayShankar_ws/install/turtlebot/share/turtlebot/cmake/turtlebotConfig-version.cmake
[3.789s] -- Installing: /home/ajak2k/Sriram_AjayShankar_ws/install/turtlebot/share/turtlebot/package.xml
[3.793s] Invoked command in '/home/ajak2k/Sriram_AjayShankar_ws/build/turtlebot' returned '0': CMAKE_PREFIX_PATH=${CMAKE_PREFIX_PATH}:/home/ajak2k/Sriram_AjayShankar_ws/install/autoturtle:/home/ajak2k/turtlebot3_ws/install/turtlebot3_teleop:/home/ajak2k/turtlebot3_ws/install/turtlebot3_example:/opt/ros/humble /usr/bin/cmake --install /home/ajak2k/Sriram_AjayShankar_ws/build/turtlebot
