[3.036s] Invoking command in '/home/ajak2k/Sriram_AjayShankar_ws/src/autoturtle': PYTHONPATH=/home/ajak2k/Sriram_AjayShankar_ws/build/autoturtle/prefix_override:/home/ajak2k/Sriram_AjayShankar_ws/install/autoturtle/lib/python3.10/site-packages:${PYTHONPATH} /usr/bin/python3 -W ignore:setup.py install is deprecated setup.py egg_info --egg-base ../../build/autoturtle build --build-base /home/ajak2k/Sriram_AjayShankar_ws/build/autoturtle/build install --record /home/ajak2k/Sriram_AjayShankar_ws/build/autoturtle/install.log --single-version-externally-managed install_data
[3.896s] running egg_info
[3.898s] writing ../../build/autoturtle/autoturtle.egg-info/PKG-INFO
[3.898s] writing dependency_links to ../../build/autoturtle/autoturtle.egg-info/dependency_links.txt
[3.899s] writing entry points to ../../build/autoturtle/autoturtle.egg-info/entry_points.txt
[3.899s] writing requirements to ../../build/autoturtle/autoturtle.egg-info/requires.txt
[3.900s] writing top-level names to ../../build/autoturtle/autoturtle.egg-info/top_level.txt
[3.905s] reading manifest file '../../build/autoturtle/autoturtle.egg-info/SOURCES.txt'
[3.907s] writing manifest file '../../build/autoturtle/autoturtle.egg-info/SOURCES.txt'
[3.907s] running build
[3.907s] running build_py
[3.908s] running install
[3.909s] running install_lib
[3.915s] running install_data
[3.916s] running install_egg_info
[3.920s] removing '/home/ajak2k/Sriram_AjayShankar_ws/install/autoturtle/lib/python3.10/site-packages/autoturtle-0.3.0-py3.10.egg-info' (and everything under it)
[3.922s] Copying ../../build/autoturtle/autoturtle.egg-info to /home/ajak2k/Sriram_AjayShankar_ws/install/autoturtle/lib/python3.10/site-packages/autoturtle-0.3.0-py3.10.egg-info
[3.928s] running install_scripts
[3.984s] Installing my_teleop_node script to /home/ajak2k/Sriram_AjayShankar_ws/install/autoturtle/lib/autoturtle
[3.984s] Installing swim_node script to /home/ajak2k/Sriram_AjayShankar_ws/install/autoturtle/lib/autoturtle
[3.985s] Installing swim_to_goal script to /home/ajak2k/Sriram_AjayShankar_ws/install/autoturtle/lib/autoturtle
[3.986s] writing list of installed files to '/home/ajak2k/Sriram_AjayShankar_ws/build/autoturtle/install.log'
[4.049s] Invoked command in '/home/ajak2k/Sriram_AjayShankar_ws/src/autoturtle' returned '0': PYTHONPATH=/home/ajak2k/Sriram_AjayShankar_ws/build/autoturtle/prefix_override:/home/ajak2k/Sriram_AjayShankar_ws/install/autoturtle/lib/python3.10/site-packages:${PYTHONPATH} /usr/bin/python3 -W ignore:setup.py install is deprecated setup.py egg_info --egg-base ../../build/autoturtle build --build-base /home/ajak2k/Sriram_AjayShankar_ws/build/autoturtle/build install --record /home/ajak2k/Sriram_AjayShankar_ws/build/autoturtle/install.log --single-version-externally-managed install_data
