[7.017s] Invoking command in '/home/ajak2k/Sriram_AjayShankar_ws/src/turtlebot': PYTHONPATH=/home/ajak2k/Sriram_AjayShankar_ws/build/turtlebot/prefix_override:/home/ajak2k/Sriram_AjayShankar_ws/install/turtlebot/lib/python3.10/site-packages:${PYTHONPATH} /usr/bin/python3 -W ignore:setup.py install is deprecated setup.py egg_info --egg-base ../../build/turtlebot build --build-base /home/ajak2k/Sriram_AjayShankar_ws/build/turtlebot/build install --record /home/ajak2k/Sriram_AjayShankar_ws/build/turtlebot/install.log --single-version-externally-managed install_data
[8.640s] running egg_info
[8.642s] writing ../../build/turtlebot/turtlebot.egg-info/PKG-INFO
[8.643s] writing dependency_links to ../../build/turtlebot/turtlebot.egg-info/dependency_links.txt
[8.645s] writing entry points to ../../build/turtlebot/turtlebot.egg-info/entry_points.txt
[8.646s] writing requirements to ../../build/turtlebot/turtlebot.egg-info/requires.txt
[8.646s] writing top-level names to ../../build/turtlebot/turtlebot.egg-info/top_level.txt
[8.652s] reading manifest file '../../build/turtlebot/turtlebot.egg-info/SOURCES.txt'
[8.655s] writing manifest file '../../build/turtlebot/turtlebot.egg-info/SOURCES.txt'
[8.656s] running build
[8.657s] running build_py
[8.662s] running install
[8.663s] running install_lib
[8.669s] running install_data
[8.671s] running install_egg_info
[8.684s] removing '/home/ajak2k/Sriram_AjayShankar_ws/install/turtlebot/lib/python3.10/site-packages/turtlebot-0.2.0-py3.10.egg-info' (and everything under it)
[8.686s] Copying ../../build/turtlebot/turtlebot.egg-info to /home/ajak2k/Sriram_AjayShankar_ws/install/turtlebot/lib/python3.10/site-packages/turtlebot-0.2.0-py3.10.egg-info
[8.700s] running install_scripts
[8.834s] Installing motion_planner script to /home/ajak2k/Sriram_AjayShankar_ws/install/turtlebot/lib/turtlebot
[8.841s] Installing pid_controller script to /home/ajak2k/Sriram_AjayShankar_ws/install/turtlebot/lib/turtlebot
[8.843s] writing list of installed files to '/home/ajak2k/Sriram_AjayShankar_ws/build/turtlebot/install.log'
[8.962s] Invoked command in '/home/ajak2k/Sriram_AjayShankar_ws/src/turtlebot' returned '0': PYTHONPATH=/home/ajak2k/Sriram_AjayShankar_ws/build/turtlebot/prefix_override:/home/ajak2k/Sriram_AjayShankar_ws/install/turtlebot/lib/python3.10/site-packages:${PYTHONPATH} /usr/bin/python3 -W ignore:setup.py install is deprecated setup.py egg_info --egg-base ../../build/turtlebot build --build-base /home/ajak2k/Sriram_AjayShankar_ws/build/turtlebot/build install --record /home/ajak2k/Sriram_AjayShankar_ws/build/turtlebot/install.log --single-version-externally-managed install_data
