[2.208s] Invoking command in '/home/ajak2k/Sriram_AjayShankar_ws/src/turtlebot': PYTHONPATH=/home/ajak2k/Sriram_AjayShankar_ws/build/turtlebot/prefix_override:/home/ajak2k/Sriram_AjayShankar_ws/install/turtlebot/lib/python3.10/site-packages:${PYTHONPATH} /usr/bin/python3 -W ignore:setup.py install is deprecated setup.py egg_info --egg-base ../../build/turtlebot build --build-base /home/ajak2k/Sriram_AjayShankar_ws/build/turtlebot/build install --record /home/ajak2k/Sriram_AjayShankar_ws/build/turtlebot/install.log --single-version-externally-managed install_data
[3.050s] running egg_info
[3.052s] writing ../../build/turtlebot/turtlebot.egg-info/PKG-INFO
[3.053s] writing dependency_links to ../../build/turtlebot/turtlebot.egg-info/dependency_links.txt
[3.053s] writing entry points to ../../build/turtlebot/turtlebot.egg-info/entry_points.txt
[3.054s] writing requirements to ../../build/turtlebot/turtlebot.egg-info/requires.txt
[3.054s] writing top-level names to ../../build/turtlebot/turtlebot.egg-info/top_level.txt
[3.059s] reading manifest file '../../build/turtlebot/turtlebot.egg-info/SOURCES.txt'
[3.062s] writing manifest file '../../build/turtlebot/turtlebot.egg-info/SOURCES.txt'
[3.063s] running build
[3.063s] running build_py
[3.064s] copying turtlebot/pid_controller.py -> /home/ajak2k/Sriram_AjayShankar_ws/build/turtlebot/build/lib/turtlebot
[3.065s] running install
[3.066s] running install_lib
[3.069s] copying /home/ajak2k/Sriram_AjayShankar_ws/build/turtlebot/build/lib/turtlebot/pid_controller.py -> /home/ajak2k/Sriram_AjayShankar_ws/install/turtlebot/lib/python3.10/site-packages/turtlebot
[3.071s] byte-compiling /home/ajak2k/Sriram_AjayShankar_ws/install/turtlebot/lib/python3.10/site-packages/turtlebot/pid_controller.py to pid_controller.cpython-310.pyc
[3.075s] running install_data
[3.076s] running install_egg_info
[3.079s] removing '/home/ajak2k/Sriram_AjayShankar_ws/install/turtlebot/lib/python3.10/site-packages/turtlebot-0.2.0-py3.10.egg-info' (and everything under it)
[3.080s] Copying ../../build/turtlebot/turtlebot.egg-info to /home/ajak2k/Sriram_AjayShankar_ws/install/turtlebot/lib/python3.10/site-packages/turtlebot-0.2.0-py3.10.egg-info
[3.083s] running install_scripts
[3.156s] Installing motion_planner script to /home/ajak2k/Sriram_AjayShankar_ws/install/turtlebot/lib/turtlebot
[3.156s] Installing pid_controller script to /home/ajak2k/Sriram_AjayShankar_ws/install/turtlebot/lib/turtlebot
[3.157s] writing list of installed files to '/home/ajak2k/Sriram_AjayShankar_ws/build/turtlebot/install.log'
[3.222s] Invoked command in '/home/ajak2k/Sriram_AjayShankar_ws/src/turtlebot' returned '0': PYTHONPATH=/home/ajak2k/Sriram_AjayShankar_ws/build/turtlebot/prefix_override:/home/ajak2k/Sriram_AjayShankar_ws/install/turtlebot/lib/python3.10/site-packages:${PYTHONPATH} /usr/bin/python3 -W ignore:setup.py install is deprecated setup.py egg_info --egg-base ../../build/turtlebot build --build-base /home/ajak2k/Sriram_AjayShankar_ws/build/turtlebot/build install --record /home/ajak2k/Sriram_AjayShankar_ws/build/turtlebot/install.log --single-version-externally-managed install_data
