running egg_info
creating ../../build/autoturtle/autoturtle.egg-info
writing ../../build/autoturtle/autoturtle.egg-info/PKG-INFO
writing dependency_links to ../../build/autoturtle/autoturtle.egg-info/dependency_links.txt
writing entry points to ../../build/autoturtle/autoturtle.egg-info/entry_points.txt
writing requirements to ../../build/autoturtle/autoturtle.egg-info/requires.txt
writing top-level names to ../../build/autoturtle/autoturtle.egg-info/top_level.txt
writing manifest file '../../build/autoturtle/autoturtle.egg-info/SOURCES.txt'
reading manifest file '../../build/autoturtle/autoturtle.egg-info/SOURCES.txt'
writing manifest file '../../build/autoturtle/autoturtle.egg-info/SOURCES.txt'
running build
running build_py
creating /home/ajak2k/Sriram_AjayShankar_ws/build/autoturtle/build
creating /home/ajak2k/Sriram_AjayShankar_ws/build/autoturtle/build/lib
creating /home/ajak2k/Sriram_AjayShankar_ws/build/autoturtle/build/lib/autoturtle
copying autoturtle/my_teleop_node.py -> /home/ajak2k/Sriram_AjayShankar_ws/build/autoturtle/build/lib/autoturtle
copying autoturtle/__init__.py -> /home/ajak2k/Sriram_AjayShankar_ws/build/autoturtle/build/lib/autoturtle
running install
running install_lib
creating /home/ajak2k/Sriram_AjayShankar_ws/install/autoturtle/lib/python3.10/site-packages/autoturtle
copying /home/ajak2k/Sriram_AjayShankar_ws/build/autoturtle/build/lib/autoturtle/my_teleop_node.py -> /home/ajak2k/Sriram_AjayShankar_ws/install/autoturtle/lib/python3.10/site-packages/autoturtle
copying /home/ajak2k/Sriram_AjayShankar_ws/build/autoturtle/build/lib/autoturtle/__init__.py -> /home/ajak2k/Sriram_AjayShankar_ws/install/autoturtle/lib/python3.10/site-packages/autoturtle
byte-compiling /home/ajak2k/Sriram_AjayShankar_ws/install/autoturtle/lib/python3.10/site-packages/autoturtle/my_teleop_node.py to my_teleop_node.cpython-310.pyc
byte-compiling /home/ajak2k/Sriram_AjayShankar_ws/install/autoturtle/lib/python3.10/site-packages/autoturtle/__init__.py to __init__.cpython-310.pyc
running install_data
creating /home/ajak2k/Sriram_AjayShankar_ws/install/autoturtle/share/ament_index
creating /home/ajak2k/Sriram_AjayShankar_ws/install/autoturtle/share/ament_index/resource_index
creating /home/ajak2k/Sriram_AjayShankar_ws/install/autoturtle/share/ament_index/resource_index/packages
copying resource/autoturtle -> /home/ajak2k/Sriram_AjayShankar_ws/install/autoturtle/share/ament_index/resource_index/packages
copying package.xml -> /home/ajak2k/Sriram_AjayShankar_ws/install/autoturtle/share/autoturtle
running install_egg_info
Copying ../../build/autoturtle/autoturtle.egg-info to /home/ajak2k/Sriram_AjayShankar_ws/install/autoturtle/lib/python3.10/site-packages/autoturtle-0.0.0-py3.10.egg-info
running install_scripts
Installing my_teletop_node script to /home/ajak2k/Sriram_AjayShankar_ws/install/autoturtle/lib/autoturtle
writing list of installed files to '/home/ajak2k/Sriram_AjayShankar_ws/build/autoturtle/install.log'
