[0.653s] Invoking command in '/home/ajak2k/Sriram_AjayShankar_ws/src/autoturtle': PYTHONPATH=/home/ajak2k/Sriram_AjayShankar_ws/build/autoturtle/prefix_override:/home/ajak2k/Sriram_AjayShankar_ws/install/autoturtle/lib/python3.10/site-packages:${PYTHONPATH} /usr/bin/python3 -W ignore:setup.py install is deprecated setup.py egg_info --egg-base ../../build/autoturtle build --build-base /home/ajak2k/Sriram_AjayShankar_ws/build/autoturtle/build install --record /home/ajak2k/Sriram_AjayShankar_ws/build/autoturtle/install.log --single-version-externally-managed install_data
[0.849s] running egg_info
[0.849s] creating ../../build/autoturtle/autoturtle.egg-info
[0.850s] writing ../../build/autoturtle/autoturtle.egg-info/PKG-INFO
[0.850s] writing dependency_links to ../../build/autoturtle/autoturtle.egg-info/dependency_links.txt
[0.850s] writing entry points to ../../build/autoturtle/autoturtle.egg-info/entry_points.txt
[0.850s] writing requirements to ../../build/autoturtle/autoturtle.egg-info/requires.txt
[0.850s] writing top-level names to ../../build/autoturtle/autoturtle.egg-info/top_level.txt
[0.851s] writing manifest file '../../build/autoturtle/autoturtle.egg-info/SOURCES.txt'
[0.853s] reading manifest file '../../build/autoturtle/autoturtle.egg-info/SOURCES.txt'
[0.854s] writing manifest file '../../build/autoturtle/autoturtle.egg-info/SOURCES.txt'
[0.854s] running build
[0.854s] running build_py
[0.855s] creating /home/ajak2k/Sriram_AjayShankar_ws/build/autoturtle/build
[0.855s] creating /home/ajak2k/Sriram_AjayShankar_ws/build/autoturtle/build/lib
[0.855s] creating /home/ajak2k/Sriram_AjayShankar_ws/build/autoturtle/build/lib/autoturtle
[0.855s] copying autoturtle/my_teleop_node.py -> /home/ajak2k/Sriram_AjayShankar_ws/build/autoturtle/build/lib/autoturtle
[0.855s] copying autoturtle/__init__.py -> /home/ajak2k/Sriram_AjayShankar_ws/build/autoturtle/build/lib/autoturtle
[0.856s] running install
[0.856s] running install_lib
[0.857s] creating /home/ajak2k/Sriram_AjayShankar_ws/install/autoturtle/lib/python3.10/site-packages/autoturtle
[0.857s] copying /home/ajak2k/Sriram_AjayShankar_ws/build/autoturtle/build/lib/autoturtle/my_teleop_node.py -> /home/ajak2k/Sriram_AjayShankar_ws/install/autoturtle/lib/python3.10/site-packages/autoturtle
[0.857s] copying /home/ajak2k/Sriram_AjayShankar_ws/build/autoturtle/build/lib/autoturtle/__init__.py -> /home/ajak2k/Sriram_AjayShankar_ws/install/autoturtle/lib/python3.10/site-packages/autoturtle
[0.858s] byte-compiling /home/ajak2k/Sriram_AjayShankar_ws/install/autoturtle/lib/python3.10/site-packages/autoturtle/my_teleop_node.py to my_teleop_node.cpython-310.pyc
[0.859s] byte-compiling /home/ajak2k/Sriram_AjayShankar_ws/install/autoturtle/lib/python3.10/site-packages/autoturtle/__init__.py to __init__.cpython-310.pyc
[0.859s] running install_data
[0.859s] creating /home/ajak2k/Sriram_AjayShankar_ws/install/autoturtle/share/ament_index
[0.859s] creating /home/ajak2k/Sriram_AjayShankar_ws/install/autoturtle/share/ament_index/resource_index
[0.859s] creating /home/ajak2k/Sriram_AjayShankar_ws/install/autoturtle/share/ament_index/resource_index/packages
[0.859s] copying resource/autoturtle -> /home/ajak2k/Sriram_AjayShankar_ws/install/autoturtle/share/ament_index/resource_index/packages
[0.859s] copying package.xml -> /home/ajak2k/Sriram_AjayShankar_ws/install/autoturtle/share/autoturtle
[0.860s] running install_egg_info
[0.861s] Copying ../../build/autoturtle/autoturtle.egg-info to /home/ajak2k/Sriram_AjayShankar_ws/install/autoturtle/lib/python3.10/site-packages/autoturtle-0.0.0-py3.10.egg-info
[0.862s] running install_scripts
[0.881s] Installing my_teletop_node script to /home/ajak2k/Sriram_AjayShankar_ws/install/autoturtle/lib/autoturtle
[0.881s] writing list of installed files to '/home/ajak2k/Sriram_AjayShankar_ws/build/autoturtle/install.log'
[0.901s] Invoked command in '/home/ajak2k/Sriram_AjayShankar_ws/src/autoturtle' returned '0': PYTHONPATH=/home/ajak2k/Sriram_AjayShankar_ws/build/autoturtle/prefix_override:/home/ajak2k/Sriram_AjayShankar_ws/install/autoturtle/lib/python3.10/site-packages:${PYTHONPATH} /usr/bin/python3 -W ignore:setup.py install is deprecated setup.py egg_info --egg-base ../../build/autoturtle build --build-base /home/ajak2k/Sriram_AjayShankar_ws/build/autoturtle/build install --record /home/ajak2k/Sriram_AjayShankar_ws/build/autoturtle/install.log --single-version-externally-managed install_data
