[2.332s] Invoking command in '/home/ajak2k/Sriram_AjayShankar_ws/src/autoturtle': PYTHONPATH=/home/ajak2k/Sriram_AjayShankar_ws/build/autoturtle/prefix_override:/home/ajak2k/Sriram_AjayShankar_ws/install/autoturtle/lib/python3.10/site-packages:${PYTHONPATH} /usr/bin/python3 -W ignore:setup.py install is deprecated setup.py egg_info --egg-base ../../build/autoturtle build --build-base /home/ajak2k/Sriram_AjayShankar_ws/build/autoturtle/build install --record /home/ajak2k/Sriram_AjayShankar_ws/build/autoturtle/install.log --single-version-externally-managed install_data
[2.889s] running egg_info
[2.890s] creating ../../build/autoturtle/autoturtle.egg-info
[2.892s] writing ../../build/autoturtle/autoturtle.egg-info/PKG-INFO
[2.892s] writing dependency_links to ../../build/autoturtle/autoturtle.egg-info/dependency_links.txt
[2.893s] writing entry points to ../../build/autoturtle/autoturtle.egg-info/entry_points.txt
[2.893s] writing requirements to ../../build/autoturtle/autoturtle.egg-info/requires.txt
[2.894s] writing top-level names to ../../build/autoturtle/autoturtle.egg-info/top_level.txt
[2.894s] writing manifest file '../../build/autoturtle/autoturtle.egg-info/SOURCES.txt'
[2.898s] reading manifest file '../../build/autoturtle/autoturtle.egg-info/SOURCES.txt'
[2.902s] writing manifest file '../../build/autoturtle/autoturtle.egg-info/SOURCES.txt'
[2.902s] running build
[2.902s] running build_py
[2.903s] creating /home/ajak2k/Sriram_AjayShankar_ws/build/autoturtle/build
[2.903s] creating /home/ajak2k/Sriram_AjayShankar_ws/build/autoturtle/build/lib
[2.904s] creating /home/ajak2k/Sriram_AjayShankar_ws/build/autoturtle/build/lib/autoturtle
[2.904s] copying autoturtle/my_teleop_node.py -> /home/ajak2k/Sriram_AjayShankar_ws/build/autoturtle/build/lib/autoturtle
[2.905s] copying autoturtle/__init__.py -> /home/ajak2k/Sriram_AjayShankar_ws/build/autoturtle/build/lib/autoturtle
[2.908s] copying autoturtle/swim_to_goal.py -> /home/ajak2k/Sriram_AjayShankar_ws/build/autoturtle/build/lib/autoturtle
[2.908s] copying autoturtle/swim_node.py -> /home/ajak2k/Sriram_AjayShankar_ws/build/autoturtle/build/lib/autoturtle
[2.909s] running install
[2.910s] running install_lib
[2.913s] creating /home/ajak2k/Sriram_AjayShankar_ws/install/autoturtle/lib/python3.10/site-packages/autoturtle
[2.913s] copying /home/ajak2k/Sriram_AjayShankar_ws/build/autoturtle/build/lib/autoturtle/my_teleop_node.py -> /home/ajak2k/Sriram_AjayShankar_ws/install/autoturtle/lib/python3.10/site-packages/autoturtle
[2.913s] copying /home/ajak2k/Sriram_AjayShankar_ws/build/autoturtle/build/lib/autoturtle/__init__.py -> /home/ajak2k/Sriram_AjayShankar_ws/install/autoturtle/lib/python3.10/site-packages/autoturtle
[2.913s] copying /home/ajak2k/Sriram_AjayShankar_ws/build/autoturtle/build/lib/autoturtle/swim_to_goal.py -> /home/ajak2k/Sriram_AjayShankar_ws/install/autoturtle/lib/python3.10/site-packages/autoturtle
[2.913s] copying /home/ajak2k/Sriram_AjayShankar_ws/build/autoturtle/build/lib/autoturtle/swim_node.py -> /home/ajak2k/Sriram_AjayShankar_ws/install/autoturtle/lib/python3.10/site-packages/autoturtle
[2.913s] byte-compiling /home/ajak2k/Sriram_AjayShankar_ws/install/autoturtle/lib/python3.10/site-packages/autoturtle/my_teleop_node.py to my_teleop_node.cpython-310.pyc
[2.914s] byte-compiling /home/ajak2k/Sriram_AjayShankar_ws/install/autoturtle/lib/python3.10/site-packages/autoturtle/__init__.py to __init__.cpython-310.pyc
[2.915s] byte-compiling /home/ajak2k/Sriram_AjayShankar_ws/install/autoturtle/lib/python3.10/site-packages/autoturtle/swim_to_goal.py to swim_to_goal.cpython-310.pyc
[2.920s] byte-compiling /home/ajak2k/Sriram_AjayShankar_ws/install/autoturtle/lib/python3.10/site-packages/autoturtle/swim_node.py to swim_node.cpython-310.pyc
[2.921s] running install_data
[2.922s] creating /home/ajak2k/Sriram_AjayShankar_ws/install/autoturtle/share/ament_index
[2.923s] creating /home/ajak2k/Sriram_AjayShankar_ws/install/autoturtle/share/ament_index/resource_index
[2.924s] creating /home/ajak2k/Sriram_AjayShankar_ws/install/autoturtle/share/ament_index/resource_index/packages
[2.924s] copying resource/autoturtle -> /home/ajak2k/Sriram_AjayShankar_ws/install/autoturtle/share/ament_index/resource_index/packages
[2.924s] copying package.xml -> /home/ajak2k/Sriram_AjayShankar_ws/install/autoturtle/share/autoturtle
[2.926s] running install_egg_info
[2.928s] Copying ../../build/autoturtle/autoturtle.egg-info to /home/ajak2k/Sriram_AjayShankar_ws/install/autoturtle/lib/python3.10/site-packages/autoturtle-0.3.0-py3.10.egg-info
[2.933s] running install_scripts
[2.992s] Installing my_teleop_node script to /home/ajak2k/Sriram_AjayShankar_ws/install/autoturtle/lib/autoturtle
[2.993s] Installing swim_node script to /home/ajak2k/Sriram_AjayShankar_ws/install/autoturtle/lib/autoturtle
[2.994s] Installing swim_to_goal script to /home/ajak2k/Sriram_AjayShankar_ws/install/autoturtle/lib/autoturtle
[2.995s] writing list of installed files to '/home/ajak2k/Sriram_AjayShankar_ws/build/autoturtle/install.log'
[3.053s] Invoked command in '/home/ajak2k/Sriram_AjayShankar_ws/src/autoturtle' returned '0': PYTHONPATH=/home/ajak2k/Sriram_AjayShankar_ws/build/autoturtle/prefix_override:/home/ajak2k/Sriram_AjayShankar_ws/install/autoturtle/lib/python3.10/site-packages:${PYTHONPATH} /usr/bin/python3 -W ignore:setup.py install is deprecated setup.py egg_info --egg-base ../../build/autoturtle build --build-base /home/ajak2k/Sriram_AjayShankar_ws/build/autoturtle/build install --record /home/ajak2k/Sriram_AjayShankar_ws/build/autoturtle/install.log --single-version-externally-managed install_data
