[4.912s] Invoking command in '/home/ajak2k/Sriram_AjayShankar_ws/src/turtlebot': PYTHONPATH=/home/ajak2k/Sriram_AjayShankar_ws/build/turtlebot/prefix_override:/home/ajak2k/Sriram_AjayShankar_ws/install/turtlebot/lib/python3.10/site-packages:${PYTHONPATH} /usr/bin/python3 -W ignore:setup.py install is deprecated setup.py egg_info --egg-base ../../build/turtlebot build --build-base /home/ajak2k/Sriram_AjayShankar_ws/build/turtlebot/build install --record /home/ajak2k/Sriram_AjayShankar_ws/build/turtlebot/install.log --single-version-externally-managed install_data
[6.383s] running egg_info
[6.387s] writing ../../build/turtlebot/turtlebot.egg-info/PKG-INFO
[6.388s] writing dependency_links to ../../build/turtlebot/turtlebot.egg-info/dependency_links.txt
[6.389s] writing entry points to ../../build/turtlebot/turtlebot.egg-info/entry_points.txt
[6.390s] writing requirements to ../../build/turtlebot/turtlebot.egg-info/requires.txt
[6.390s] writing top-level names to ../../build/turtlebot/turtlebot.egg-info/top_level.txt
[6.397s] reading manifest file '../../build/turtlebot/turtlebot.egg-info/SOURCES.txt'
[6.400s] writing manifest file '../../build/turtlebot/turtlebot.egg-info/SOURCES.txt'
[6.402s] running build
[6.402s] running build_py
[6.403s] running install
[6.404s] running install_lib
[6.414s] running install_data
[6.415s] running install_egg_info
[6.421s] removing '/home/ajak2k/Sriram_AjayShankar_ws/install/turtlebot/lib/python3.10/site-packages/turtlebot-0.2.0-py3.10.egg-info' (and everything under it)
[6.423s] Copying ../../build/turtlebot/turtlebot.egg-info to /home/ajak2k/Sriram_AjayShankar_ws/install/turtlebot/lib/python3.10/site-packages/turtlebot-0.2.0-py3.10.egg-info
[6.436s] running install_scripts
[6.541s] Installing motion_planner script to /home/ajak2k/Sriram_AjayShankar_ws/install/turtlebot/lib/turtlebot
[6.541s] Installing pid_controller script to /home/ajak2k/Sriram_AjayShankar_ws/install/turtlebot/lib/turtlebot
[6.543s] writing list of installed files to '/home/ajak2k/Sriram_AjayShankar_ws/build/turtlebot/install.log'
[6.616s] Invoked command in '/home/ajak2k/Sriram_AjayShankar_ws/src/turtlebot' returned '0': PYTHONPATH=/home/ajak2k/Sriram_AjayShankar_ws/build/turtlebot/prefix_override:/home/ajak2k/Sriram_AjayShankar_ws/install/turtlebot/lib/python3.10/site-packages:${PYTHONPATH} /usr/bin/python3 -W ignore:setup.py install is deprecated setup.py egg_info --egg-base ../../build/turtlebot build --build-base /home/ajak2k/Sriram_AjayShankar_ws/build/turtlebot/build install --record /home/ajak2k/Sriram_AjayShankar_ws/build/turtlebot/install.log --single-version-externally-managed install_data
