[2.674s] Invoking command in '/home/ajak2k/Sriram_AjayShankar_ws/src/turtlebot': PYTHONPATH=/home/ajak2k/Sriram_AjayShankar_ws/build/turtlebot/prefix_override:/home/ajak2k/Sriram_AjayShankar_ws/install/turtlebot/lib/python3.10/site-packages:${PYTHONPATH} /usr/bin/python3 -W ignore:setup.py install is deprecated setup.py egg_info --egg-base ../../build/turtlebot build --build-base /home/ajak2k/Sriram_AjayShankar_ws/build/turtlebot/build install --record /home/ajak2k/Sriram_AjayShankar_ws/build/turtlebot/install.log --single-version-externally-managed install_data
[3.887s] running egg_info
[3.890s] writing ../../build/turtlebot/turtlebot.egg-info/PKG-INFO
[3.892s] writing dependency_links to ../../build/turtlebot/turtlebot.egg-info/dependency_links.txt
[3.893s] writing entry points to ../../build/turtlebot/turtlebot.egg-info/entry_points.txt
[3.894s] writing requirements to ../../build/turtlebot/turtlebot.egg-info/requires.txt
[3.895s] writing top-level names to ../../build/turtlebot/turtlebot.egg-info/top_level.txt
[3.903s] reading manifest file '../../build/turtlebot/turtlebot.egg-info/SOURCES.txt'
[3.906s] writing manifest file '../../build/turtlebot/turtlebot.egg-info/SOURCES.txt'
[3.906s] running build
[3.908s] running build_py
[3.909s] running install
[3.913s] running install_lib
[3.919s] running install_data
[3.919s] running install_egg_info
[3.931s] removing '/home/ajak2k/Sriram_AjayShankar_ws/install/turtlebot/lib/python3.10/site-packages/turtlebot-0.2.0-py3.10.egg-info' (and everything under it)
[3.935s] Copying ../../build/turtlebot/turtlebot.egg-info to /home/ajak2k/Sriram_AjayShankar_ws/install/turtlebot/lib/python3.10/site-packages/turtlebot-0.2.0-py3.10.egg-info
[3.941s] running install_scripts
[4.050s] Installing motion_planner script to /home/ajak2k/Sriram_AjayShankar_ws/install/turtlebot/lib/turtlebot
[4.051s] Installing pid_controller script to /home/ajak2k/Sriram_AjayShankar_ws/install/turtlebot/lib/turtlebot
[4.052s] writing list of installed files to '/home/ajak2k/Sriram_AjayShankar_ws/build/turtlebot/install.log'
[4.144s] Invoked command in '/home/ajak2k/Sriram_AjayShankar_ws/src/turtlebot' returned '0': PYTHONPATH=/home/ajak2k/Sriram_AjayShankar_ws/build/turtlebot/prefix_override:/home/ajak2k/Sriram_AjayShankar_ws/install/turtlebot/lib/python3.10/site-packages:${PYTHONPATH} /usr/bin/python3 -W ignore:setup.py install is deprecated setup.py egg_info --egg-base ../../build/turtlebot build --build-base /home/ajak2k/Sriram_AjayShankar_ws/build/turtlebot/build install --record /home/ajak2k/Sriram_AjayShankar_ws/build/turtlebot/install.log --single-version-externally-managed install_data
