[3.460s] Invoking command in '/home/ajak2k/Sriram_AjayShankar_ws/src/turtlebot': PYTHONPATH=/home/ajak2k/Sriram_AjayShankar_ws/build/turtlebot/prefix_override:/home/ajak2k/Sriram_AjayShankar_ws/install/turtlebot/lib/python3.10/site-packages:${PYTHONPATH} /usr/bin/python3 -W ignore:setup.py install is deprecated setup.py egg_info --egg-base ../../build/turtlebot build --build-base /home/ajak2k/Sriram_AjayShankar_ws/build/turtlebot/build install --record /home/ajak2k/Sriram_AjayShankar_ws/build/turtlebot/install.log --single-version-externally-managed install_data
[4.593s] running egg_info
[4.597s] writing ../../build/turtlebot/turtlebot.egg-info/PKG-INFO
[4.598s] writing dependency_links to ../../build/turtlebot/turtlebot.egg-info/dependency_links.txt
[4.599s] writing entry points to ../../build/turtlebot/turtlebot.egg-info/entry_points.txt
[4.600s] writing requirements to ../../build/turtlebot/turtlebot.egg-info/requires.txt
[4.600s] writing top-level names to ../../build/turtlebot/turtlebot.egg-info/top_level.txt
[4.610s] reading manifest file '../../build/turtlebot/turtlebot.egg-info/SOURCES.txt'
[4.614s] writing manifest file '../../build/turtlebot/turtlebot.egg-info/SOURCES.txt'
[4.614s] running build
[4.615s] running build_py
[4.616s] copying turtlebot/rrt_node.py -> /home/ajak2k/Sriram_AjayShankar_ws/build/turtlebot/build/lib/turtlebot
[4.618s] running install
[4.620s] running install_lib
[4.623s] copying /home/ajak2k/Sriram_AjayShankar_ws/build/turtlebot/build/lib/turtlebot/rrt_node.py -> /home/ajak2k/Sriram_AjayShankar_ws/install/turtlebot/lib/python3.10/site-packages/turtlebot
[4.627s] byte-compiling /home/ajak2k/Sriram_AjayShankar_ws/install/turtlebot/lib/python3.10/site-packages/turtlebot/rrt_node.py to rrt_node.cpython-310.pyc
[4.636s] running install_data
[4.636s] running install_egg_info
[4.643s] removing '/home/ajak2k/Sriram_AjayShankar_ws/install/turtlebot/lib/python3.10/site-packages/turtlebot-0.4.0-py3.10.egg-info' (and everything under it)
[4.645s] Copying ../../build/turtlebot/turtlebot.egg-info to /home/ajak2k/Sriram_AjayShankar_ws/install/turtlebot/lib/python3.10/site-packages/turtlebot-0.4.0-py3.10.egg-info
[4.650s] running install_scripts
[4.736s] Installing map_reader_template script to /home/ajak2k/Sriram_AjayShankar_ws/install/turtlebot/lib/turtlebot
[4.737s] Installing motion_planner script to /home/ajak2k/Sriram_AjayShankar_ws/install/turtlebot/lib/turtlebot
[4.738s] Installing pid_controller script to /home/ajak2k/Sriram_AjayShankar_ws/install/turtlebot/lib/turtlebot
[4.739s] Installing rrt script to /home/ajak2k/Sriram_AjayShankar_ws/install/turtlebot/lib/turtlebot
[4.741s] Installing rrt_node script to /home/ajak2k/Sriram_AjayShankar_ws/install/turtlebot/lib/turtlebot
[4.741s] writing list of installed files to '/home/ajak2k/Sriram_AjayShankar_ws/build/turtlebot/install.log'
[4.826s] Invoked command in '/home/ajak2k/Sriram_AjayShankar_ws/src/turtlebot' returned '0': PYTHONPATH=/home/ajak2k/Sriram_AjayShankar_ws/build/turtlebot/prefix_override:/home/ajak2k/Sriram_AjayShankar_ws/install/turtlebot/lib/python3.10/site-packages:${PYTHONPATH} /usr/bin/python3 -W ignore:setup.py install is deprecated setup.py egg_info --egg-base ../../build/turtlebot build --build-base /home/ajak2k/Sriram_AjayShankar_ws/build/turtlebot/build install --record /home/ajak2k/Sriram_AjayShankar_ws/build/turtlebot/install.log --single-version-externally-managed install_data
