[0.903s] Invoking command in '/home/ajak2k/Sriram_AjayShankar_ws/src/autoturtle': PYTHONPATH=/home/ajak2k/Sriram_AjayShankar_ws/build/autoturtle/prefix_override:/home/ajak2k/Sriram_AjayShankar_ws/install/autoturtle/lib/python3.10/site-packages:${PYTHONPATH} /usr/bin/python3 -W ignore:setup.py install is deprecated setup.py egg_info --egg-base ../../build/autoturtle build --build-base /home/ajak2k/Sriram_AjayShankar_ws/build/autoturtle/build install --record /home/ajak2k/Sriram_AjayShankar_ws/build/autoturtle/install.log --single-version-externally-managed install_data
[1.224s] running egg_info
[1.225s] writing ../../build/autoturtle/autoturtle.egg-info/PKG-INFO
[1.225s] writing dependency_links to ../../build/autoturtle/autoturtle.egg-info/dependency_links.txt
[1.226s] writing entry points to ../../build/autoturtle/autoturtle.egg-info/entry_points.txt
[1.226s] writing requirements to ../../build/autoturtle/autoturtle.egg-info/requires.txt
[1.226s] writing top-level names to ../../build/autoturtle/autoturtle.egg-info/top_level.txt
[1.228s] reading manifest file '../../build/autoturtle/autoturtle.egg-info/SOURCES.txt'
[1.229s] writing manifest file '../../build/autoturtle/autoturtle.egg-info/SOURCES.txt'
[1.229s] running build
[1.230s] running build_py
[1.230s] copying autoturtle/swim_node.py -> /home/ajak2k/Sriram_AjayShankar_ws/build/autoturtle/build/lib/autoturtle
[1.230s] running install
[1.231s] running install_lib
[1.232s] copying /home/ajak2k/Sriram_AjayShankar_ws/build/autoturtle/build/lib/autoturtle/swim_node.py -> /home/ajak2k/Sriram_AjayShankar_ws/install/autoturtle/lib/python3.10/site-packages/autoturtle
[1.233s] byte-compiling /home/ajak2k/Sriram_AjayShankar_ws/install/autoturtle/lib/python3.10/site-packages/autoturtle/swim_node.py to swim_node.cpython-310.pyc
[1.234s] running install_data
[1.235s] running install_egg_info
[1.238s] removing '/home/ajak2k/Sriram_AjayShankar_ws/install/autoturtle/lib/python3.10/site-packages/autoturtle-0.0.0-py3.10.egg-info' (and everything under it)
[1.238s] Copying ../../build/autoturtle/autoturtle.egg-info to /home/ajak2k/Sriram_AjayShankar_ws/install/autoturtle/lib/python3.10/site-packages/autoturtle-0.0.0-py3.10.egg-info
[1.240s] running install_scripts
[1.269s] Installing my_teleop_node script to /home/ajak2k/Sriram_AjayShankar_ws/install/autoturtle/lib/autoturtle
[1.269s] Installing swim_node script to /home/ajak2k/Sriram_AjayShankar_ws/install/autoturtle/lib/autoturtle
[1.269s] Installing swim_to_goal script to /home/ajak2k/Sriram_AjayShankar_ws/install/autoturtle/lib/autoturtle
[1.269s] writing list of installed files to '/home/ajak2k/Sriram_AjayShankar_ws/build/autoturtle/install.log'
[1.298s] Invoked command in '/home/ajak2k/Sriram_AjayShankar_ws/src/autoturtle' returned '0': PYTHONPATH=/home/ajak2k/Sriram_AjayShankar_ws/build/autoturtle/prefix_override:/home/ajak2k/Sriram_AjayShankar_ws/install/autoturtle/lib/python3.10/site-packages:${PYTHONPATH} /usr/bin/python3 -W ignore:setup.py install is deprecated setup.py egg_info --egg-base ../../build/autoturtle build --build-base /home/ajak2k/Sriram_AjayShankar_ws/build/autoturtle/build install --record /home/ajak2k/Sriram_AjayShankar_ws/build/autoturtle/install.log --single-version-externally-managed install_data
