[3.606s] Invoking command in '/home/ajak2k/Sriram_AjayShankar_ws/src/turtlebot': PYTHONPATH=/home/ajak2k/Sriram_AjayShankar_ws/build/turtlebot/prefix_override:/home/ajak2k/Sriram_AjayShankar_ws/install/turtlebot/lib/python3.10/site-packages:${PYTHONPATH} /usr/bin/python3 -W ignore:setup.py install is deprecated setup.py egg_info --egg-base ../../build/turtlebot build --build-base /home/ajak2k/Sriram_AjayShankar_ws/build/turtlebot/build install --record /home/ajak2k/Sriram_AjayShankar_ws/build/turtlebot/install.log --single-version-externally-managed install_data
[4.713s] running egg_info
[4.715s] writing ../../build/turtlebot/turtlebot.egg-info/PKG-INFO
[4.716s] writing dependency_links to ../../build/turtlebot/turtlebot.egg-info/dependency_links.txt
[4.717s] writing entry points to ../../build/turtlebot/turtlebot.egg-info/entry_points.txt
[4.717s] writing requirements to ../../build/turtlebot/turtlebot.egg-info/requires.txt
[4.718s] writing top-level names to ../../build/turtlebot/turtlebot.egg-info/top_level.txt
[4.723s] reading manifest file '../../build/turtlebot/turtlebot.egg-info/SOURCES.txt'
[4.725s] writing manifest file '../../build/turtlebot/turtlebot.egg-info/SOURCES.txt'
[4.725s] running build
[4.725s] running build_py
[4.726s] running install
[4.726s] running install_lib
[4.729s] running install_data
[4.729s] running install_egg_info
[4.735s] removing '/home/ajak2k/Sriram_AjayShankar_ws/install/turtlebot/lib/python3.10/site-packages/turtlebot-0.2.0-py3.10.egg-info' (and everything under it)
[4.736s] Copying ../../build/turtlebot/turtlebot.egg-info to /home/ajak2k/Sriram_AjayShankar_ws/install/turtlebot/lib/python3.10/site-packages/turtlebot-0.2.0-py3.10.egg-info
[4.738s] running install_scripts
[4.801s] Installing motion_planner script to /home/ajak2k/Sriram_AjayShankar_ws/install/turtlebot/lib/turtlebot
[4.801s] Installing pid_controller script to /home/ajak2k/Sriram_AjayShankar_ws/install/turtlebot/lib/turtlebot
[4.802s] writing list of installed files to '/home/ajak2k/Sriram_AjayShankar_ws/build/turtlebot/install.log'
[4.908s] Invoked command in '/home/ajak2k/Sriram_AjayShankar_ws/src/turtlebot' returned '0': PYTHONPATH=/home/ajak2k/Sriram_AjayShankar_ws/build/turtlebot/prefix_override:/home/ajak2k/Sriram_AjayShankar_ws/install/turtlebot/lib/python3.10/site-packages:${PYTHONPATH} /usr/bin/python3 -W ignore:setup.py install is deprecated setup.py egg_info --egg-base ../../build/turtlebot build --build-base /home/ajak2k/Sriram_AjayShankar_ws/build/turtlebot/build install --record /home/ajak2k/Sriram_AjayShankar_ws/build/turtlebot/install.log --single-version-externally-managed install_data
