[0.882s] Invoking command in '/home/ajak2k/Sriram_AjayShankar_ws/src/autoturtle': PYTHONPATH=/home/ajak2k/Sriram_AjayShankar_ws/build/autoturtle/prefix_override:/home/ajak2k/Sriram_AjayShankar_ws/install/autoturtle/lib/python3.10/site-packages:${PYTHONPATH} /usr/bin/python3 -W ignore:setup.py install is deprecated setup.py egg_info --egg-base ../../build/autoturtle build --build-base /home/ajak2k/Sriram_AjayShankar_ws/build/autoturtle/build install --record /home/ajak2k/Sriram_AjayShankar_ws/build/autoturtle/install.log --single-version-externally-managed install_data
[1.200s] running egg_info
[1.201s] writing ../../build/autoturtle/autoturtle.egg-info/PKG-INFO
[1.202s] writing dependency_links to ../../build/autoturtle/autoturtle.egg-info/dependency_links.txt
[1.202s] writing entry points to ../../build/autoturtle/autoturtle.egg-info/entry_points.txt
[1.202s] writing requirements to ../../build/autoturtle/autoturtle.egg-info/requires.txt
[1.202s] writing top-level names to ../../build/autoturtle/autoturtle.egg-info/top_level.txt
[1.204s] reading manifest file '../../build/autoturtle/autoturtle.egg-info/SOURCES.txt'
[1.206s] writing manifest file '../../build/autoturtle/autoturtle.egg-info/SOURCES.txt'
[1.206s] running build
[1.206s] running build_py
[1.206s] copying autoturtle/swim_to_goal.py -> /home/ajak2k/Sriram_AjayShankar_ws/build/autoturtle/build/lib/autoturtle
[1.207s] running install
[1.207s] running install_lib
[1.208s] copying /home/ajak2k/Sriram_AjayShankar_ws/build/autoturtle/build/lib/autoturtle/swim_to_goal.py -> /home/ajak2k/Sriram_AjayShankar_ws/install/autoturtle/lib/python3.10/site-packages/autoturtle
[1.209s] byte-compiling /home/ajak2k/Sriram_AjayShankar_ws/install/autoturtle/lib/python3.10/site-packages/autoturtle/swim_to_goal.py to swim_to_goal.cpython-310.pyc
[1.210s] running install_data
[1.210s] running install_egg_info
[1.213s] removing '/home/ajak2k/Sriram_AjayShankar_ws/install/autoturtle/lib/python3.10/site-packages/autoturtle-0.0.0-py3.10.egg-info' (and everything under it)
[1.213s] Copying ../../build/autoturtle/autoturtle.egg-info to /home/ajak2k/Sriram_AjayShankar_ws/install/autoturtle/lib/python3.10/site-packages/autoturtle-0.0.0-py3.10.egg-info
[1.215s] running install_scripts
[1.242s] Installing gtg script to /home/ajak2k/Sriram_AjayShankar_ws/install/autoturtle/lib/autoturtle
[1.243s] Installing my_teleop_node script to /home/ajak2k/Sriram_AjayShankar_ws/install/autoturtle/lib/autoturtle
[1.243s] Installing swim_to_goal script to /home/ajak2k/Sriram_AjayShankar_ws/install/autoturtle/lib/autoturtle
[1.244s] writing list of installed files to '/home/ajak2k/Sriram_AjayShankar_ws/build/autoturtle/install.log'
[1.279s] Invoked command in '/home/ajak2k/Sriram_AjayShankar_ws/src/autoturtle' returned '0': PYTHONPATH=/home/ajak2k/Sriram_AjayShankar_ws/build/autoturtle/prefix_override:/home/ajak2k/Sriram_AjayShankar_ws/install/autoturtle/lib/python3.10/site-packages:${PYTHONPATH} /usr/bin/python3 -W ignore:setup.py install is deprecated setup.py egg_info --egg-base ../../build/autoturtle build --build-base /home/ajak2k/Sriram_AjayShankar_ws/build/autoturtle/build install --record /home/ajak2k/Sriram_AjayShankar_ws/build/autoturtle/install.log --single-version-externally-managed install_data
