[2.276s] Invoking command in '/home/ajak2k/Sriram_AjayShankar_ws/src/autoturtle': PYTHONPATH=/home/ajak2k/Sriram_AjayShankar_ws/build/autoturtle/prefix_override:/home/ajak2k/Sriram_AjayShankar_ws/install/autoturtle/lib/python3.10/site-packages:${PYTHONPATH} /usr/bin/python3 -W ignore:setup.py install is deprecated setup.py egg_info --egg-base ../../build/autoturtle build --build-base /home/ajak2k/Sriram_AjayShankar_ws/build/autoturtle/build install --record /home/ajak2k/Sriram_AjayShankar_ws/build/autoturtle/install.log --single-version-externally-managed install_data
[2.785s] running egg_info
[2.787s] writing ../../build/autoturtle/autoturtle.egg-info/PKG-INFO
[2.787s] writing dependency_links to ../../build/autoturtle/autoturtle.egg-info/dependency_links.txt
[2.788s] writing entry points to ../../build/autoturtle/autoturtle.egg-info/entry_points.txt
[2.788s] writing requirements to ../../build/autoturtle/autoturtle.egg-info/requires.txt
[2.789s] writing top-level names to ../../build/autoturtle/autoturtle.egg-info/top_level.txt
[2.792s] reading manifest file '../../build/autoturtle/autoturtle.egg-info/SOURCES.txt'
[2.794s] writing manifest file '../../build/autoturtle/autoturtle.egg-info/SOURCES.txt'
[2.794s] running build
[2.794s] running build_py
[2.795s] copying autoturtle/swim_node.py -> /home/ajak2k/Sriram_AjayShankar_ws/build/autoturtle/build/lib/autoturtle
[2.795s] running install
[2.795s] running install_lib
[2.797s] copying /home/ajak2k/Sriram_AjayShankar_ws/build/autoturtle/build/lib/autoturtle/swim_node.py -> /home/ajak2k/Sriram_AjayShankar_ws/install/autoturtle/lib/python3.10/site-packages/autoturtle
[2.798s] byte-compiling /home/ajak2k/Sriram_AjayShankar_ws/install/autoturtle/lib/python3.10/site-packages/autoturtle/swim_node.py to swim_node.cpython-310.pyc
[2.799s] running install_data
[2.799s] running install_egg_info
[2.803s] removing '/home/ajak2k/Sriram_AjayShankar_ws/install/autoturtle/lib/python3.10/site-packages/autoturtle-0.0.0-py3.10.egg-info' (and everything under it)
[2.804s] Copying ../../build/autoturtle/autoturtle.egg-info to /home/ajak2k/Sriram_AjayShankar_ws/install/autoturtle/lib/python3.10/site-packages/autoturtle-0.0.0-py3.10.egg-info
[2.806s] running install_scripts
[2.851s] Installing my_teleop_node script to /home/ajak2k/Sriram_AjayShankar_ws/install/autoturtle/lib/autoturtle
[2.851s] Installing swim_node script to /home/ajak2k/Sriram_AjayShankar_ws/install/autoturtle/lib/autoturtle
[2.852s] Installing swim_to_goal script to /home/ajak2k/Sriram_AjayShankar_ws/install/autoturtle/lib/autoturtle
[2.852s] writing list of installed files to '/home/ajak2k/Sriram_AjayShankar_ws/build/autoturtle/install.log'
[2.903s] Invoked command in '/home/ajak2k/Sriram_AjayShankar_ws/src/autoturtle' returned '0': PYTHONPATH=/home/ajak2k/Sriram_AjayShankar_ws/build/autoturtle/prefix_override:/home/ajak2k/Sriram_AjayShankar_ws/install/autoturtle/lib/python3.10/site-packages:${PYTHONPATH} /usr/bin/python3 -W ignore:setup.py install is deprecated setup.py egg_info --egg-base ../../build/autoturtle build --build-base /home/ajak2k/Sriram_AjayShankar_ws/build/autoturtle/build install --record /home/ajak2k/Sriram_AjayShankar_ws/build/autoturtle/install.log --single-version-externally-managed install_data
