[0.448s] DEBUG:colcon:Command line arguments: ['/home/ajak2k/.local/bin/colcon', 'build']
[0.448s] DEBUG:colcon:Parsed command line arguments: Namespace(log_base=None, log_level=None, verb_name='build', build_base='build', install_base='install', merge_install=False, symlink_install=False, test_result_base=None, continue_on_error=False, executor='parallel', parallel_workers=8, event_handlers=None, ignore_user_meta=False, metas=['./colcon.meta'], base_paths=['.'], packages_ignore=None, packages_ignore_regex=None, paths=None, packages_up_to=None, packages_up_to_regex=None, packages_above=None, packages_above_and_dependencies=None, packages_above_depth=None, packages_select_by_dep=None, packages_skip_by_dep=None, packages_skip_up_to=None, packages_select_build_failed=False, packages_skip_build_finished=False, packages_select_test_failures=False, packages_skip_test_passed=False, packages_select=None, packages_skip=None, packages_select_regex=None, packages_skip_regex=None, packages_start=None, packages_end=None, allow_overriding=[], cmake_args=None, cmake_target=None, cmake_target_skip_unavailable=False, cmake_clean_cache=False, cmake_clean_first=False, cmake_force_configure=False, ament_cmake_args=None, catkin_cmake_args=None, catkin_skip_building_tests=False, mixin_files=None, mixin=None, verb_parser=<colcon_mixin.mixin.mixin_argument.MixinArgumentDecorator object at 0x7fa05f260eb0>, verb_extension=<colcon_core.verb.build.BuildVerb object at 0x7fa05f2608e0>, main=<bound method BuildVerb.main of <colcon_core.verb.build.BuildVerb object at 0x7fa05f2608e0>>, mixin_verb=('build',))
[0.854s] Level 1:colcon.colcon_core.package_discovery:discover_packages(colcon_meta) check parameters
[0.854s] Level 1:colcon.colcon_core.package_discovery:discover_packages(recursive) check parameters
[0.854s] Level 1:colcon.colcon_core.package_discovery:discover_packages(ignore) check parameters
[0.854s] Level 1:colcon.colcon_core.package_discovery:discover_packages(path) check parameters
[0.855s] Level 1:colcon.colcon_core.package_discovery:discover_packages(colcon_meta) discover
[0.855s] Level 1:colcon.colcon_core.package_discovery:discover_packages(recursive) discover
[0.855s] INFO:colcon.colcon_core.package_discovery:Crawling recursively for packages in '/home/ajak2k/Sriram_AjayShankar_ws'
[0.855s] Level 1:colcon.colcon_core.package_identification:_identify(.) by extensions ['ignore', 'ignore_ament_install']
[0.855s] Level 1:colcon.colcon_core.package_identification:_identify(.) by extension 'ignore'
[0.855s] Level 1:colcon.colcon_core.package_identification:_identify(.) by extension 'ignore_ament_install'
[0.855s] Level 1:colcon.colcon_core.package_identification:_identify(.) by extensions ['colcon_pkg']
[0.855s] Level 1:colcon.colcon_core.package_identification:_identify(.) by extension 'colcon_pkg'
[0.855s] Level 1:colcon.colcon_core.package_identification:_identify(.) by extensions ['colcon_meta']
[0.855s] Level 1:colcon.colcon_core.package_identification:_identify(.) by extension 'colcon_meta'
[0.855s] Level 1:colcon.colcon_core.package_identification:_identify(.) by extensions ['ros']
[0.856s] Level 1:colcon.colcon_core.package_identification:_identify(.) by extension 'ros'
[0.879s] Level 1:colcon.colcon_core.package_identification:_identify(.) by extensions ['cmake', 'python']
[0.879s] Level 1:colcon.colcon_core.package_identification:_identify(.) by extension 'cmake'
[0.879s] Level 1:colcon.colcon_core.package_identification:_identify(.) by extension 'python'
[0.879s] Level 1:colcon.colcon_core.package_identification:_identify(.) by extensions ['python_setup_py']
[0.879s] Level 1:colcon.colcon_core.package_identification:_identify(.) by extension 'python_setup_py'
[0.880s] Level 1:colcon.colcon_core.package_identification:_identify(build) by extensions ['ignore', 'ignore_ament_install']
[0.880s] Level 1:colcon.colcon_core.package_identification:_identify(build) by extension 'ignore'
[0.880s] Level 1:colcon.colcon_core.package_identification:_identify(build) ignored
[0.880s] Level 1:colcon.colcon_core.package_identification:_identify(install) by extensions ['ignore', 'ignore_ament_install']
[0.880s] Level 1:colcon.colcon_core.package_identification:_identify(install) by extension 'ignore'
[0.880s] Level 1:colcon.colcon_core.package_identification:_identify(install) ignored
[0.881s] Level 1:colcon.colcon_core.package_identification:_identify(log) by extensions ['ignore', 'ignore_ament_install']
[0.881s] Level 1:colcon.colcon_core.package_identification:_identify(log) by extension 'ignore'
[0.881s] Level 1:colcon.colcon_core.package_identification:_identify(log) ignored
[0.881s] Level 1:colcon.colcon_core.package_identification:_identify(src) by extensions ['ignore', 'ignore_ament_install']
[0.881s] Level 1:colcon.colcon_core.package_identification:_identify(src) by extension 'ignore'
[0.882s] Level 1:colcon.colcon_core.package_identification:_identify(src) by extension 'ignore_ament_install'
[0.882s] Level 1:colcon.colcon_core.package_identification:_identify(src) by extensions ['colcon_pkg']
[0.882s] Level 1:colcon.colcon_core.package_identification:_identify(src) by extension 'colcon_pkg'
[0.882s] Level 1:colcon.colcon_core.package_identification:_identify(src) by extensions ['colcon_meta']
[0.882s] Level 1:colcon.colcon_core.package_identification:_identify(src) by extension 'colcon_meta'
[0.882s] Level 1:colcon.colcon_core.package_identification:_identify(src) by extensions ['ros']
[0.882s] Level 1:colcon.colcon_core.package_identification:_identify(src) by extension 'ros'
[0.882s] Level 1:colcon.colcon_core.package_identification:_identify(src) by extensions ['cmake', 'python']
[0.882s] Level 1:colcon.colcon_core.package_identification:_identify(src) by extension 'cmake'
[0.882s] Level 1:colcon.colcon_core.package_identification:_identify(src) by extension 'python'
[0.882s] Level 1:colcon.colcon_core.package_identification:_identify(src) by extensions ['python_setup_py']
[0.882s] Level 1:colcon.colcon_core.package_identification:_identify(src) by extension 'python_setup_py'
[0.883s] Level 1:colcon.colcon_core.package_identification:_identify(src/autoturtle) by extensions ['ignore', 'ignore_ament_install']
[0.883s] Level 1:colcon.colcon_core.package_identification:_identify(src/autoturtle) by extension 'ignore'
[0.883s] Level 1:colcon.colcon_core.package_identification:_identify(src/autoturtle) by extension 'ignore_ament_install'
[0.883s] Level 1:colcon.colcon_core.package_identification:_identify(src/autoturtle) by extensions ['colcon_pkg']
[0.883s] Level 1:colcon.colcon_core.package_identification:_identify(src/autoturtle) by extension 'colcon_pkg'
[0.883s] Level 1:colcon.colcon_core.package_identification:_identify(src/autoturtle) by extensions ['colcon_meta']
[0.883s] Level 1:colcon.colcon_core.package_identification:_identify(src/autoturtle) by extension 'colcon_meta'
[0.883s] Level 1:colcon.colcon_core.package_identification:_identify(src/autoturtle) by extensions ['ros']
[0.884s] Level 1:colcon.colcon_core.package_identification:_identify(src/autoturtle) by extension 'ros'
[0.888s] DEBUG:colcon.colcon_core.package_identification:Package 'src/autoturtle' with type 'ros.ament_python' and name 'autoturtle'
[0.889s] Level 1:colcon.colcon_core.package_identification:_identify(src/turtlebot) by extensions ['ignore', 'ignore_ament_install']
[0.889s] Level 1:colcon.colcon_core.package_identification:_identify(src/turtlebot) by extension 'ignore'
[0.889s] Level 1:colcon.colcon_core.package_identification:_identify(src/turtlebot) by extension 'ignore_ament_install'
[0.889s] Level 1:colcon.colcon_core.package_identification:_identify(src/turtlebot) by extensions ['colcon_pkg']
[0.889s] Level 1:colcon.colcon_core.package_identification:_identify(src/turtlebot) by extension 'colcon_pkg'
[0.889s] Level 1:colcon.colcon_core.package_identification:_identify(src/turtlebot) by extensions ['colcon_meta']
[0.889s] Level 1:colcon.colcon_core.package_identification:_identify(src/turtlebot) by extension 'colcon_meta'
[0.889s] Level 1:colcon.colcon_core.package_identification:_identify(src/turtlebot) by extensions ['ros']
[0.890s] Level 1:colcon.colcon_core.package_identification:_identify(src/turtlebot) by extension 'ros'
[0.891s] DEBUG:colcon.colcon_core.package_identification:Package 'src/turtlebot' with type 'ros.ament_python' and name 'turtlebot'
[0.891s] Level 1:colcon.colcon_core.package_discovery:discover_packages(recursive) using defaults
[0.891s] Level 1:colcon.colcon_core.package_discovery:discover_packages(ignore) discover
[0.891s] Level 1:colcon.colcon_core.package_discovery:discover_packages(ignore) using defaults
[0.891s] Level 1:colcon.colcon_core.package_discovery:discover_packages(path) discover
[0.891s] Level 1:colcon.colcon_core.package_discovery:discover_packages(path) using defaults
[0.950s] Level 1:colcon.colcon_core.package_discovery:discover_packages(prefix_path) check parameters
[0.950s] Level 1:colcon.colcon_core.package_discovery:discover_packages(prefix_path) discover
[0.956s] DEBUG:colcon.colcon_installed_package_information.package_discovery:Found 2 installed packages in /home/ajak2k/Sriram_AjayShankar_ws/install
[0.958s] DEBUG:colcon.colcon_installed_package_information.package_discovery:Found 3 installed packages in /home/ajak2k/turtlebot3_ws/install
[0.975s] DEBUG:colcon.colcon_installed_package_information.package_discovery:Found 345 installed packages in /home/ajak2k/ros2_humble/ros2
[0.982s] DEBUG:colcon.colcon_installed_package_information.package_discovery:Found 391 installed packages in /opt/ros/humble
[1.009s] Level 1:colcon.colcon_core.package_discovery:discover_packages(prefix_path) using defaults
[1.180s] Level 5:colcon.colcon_core.verb:set package 'autoturtle' build argument 'cmake_args' from command line to 'None'
[1.181s] Level 5:colcon.colcon_core.verb:set package 'autoturtle' build argument 'cmake_target' from command line to 'None'
[1.181s] Level 5:colcon.colcon_core.verb:set package 'autoturtle' build argument 'cmake_target_skip_unavailable' from command line to 'False'
[1.181s] Level 5:colcon.colcon_core.verb:set package 'autoturtle' build argument 'cmake_clean_cache' from command line to 'False'
[1.181s] Level 5:colcon.colcon_core.verb:set package 'autoturtle' build argument 'cmake_clean_first' from command line to 'False'
[1.181s] Level 5:colcon.colcon_core.verb:set package 'autoturtle' build argument 'cmake_force_configure' from command line to 'False'
[1.181s] Level 5:colcon.colcon_core.verb:set package 'autoturtle' build argument 'ament_cmake_args' from command line to 'None'
[1.181s] Level 5:colcon.colcon_core.verb:set package 'autoturtle' build argument 'catkin_cmake_args' from command line to 'None'
[1.181s] Level 5:colcon.colcon_core.verb:set package 'autoturtle' build argument 'catkin_skip_building_tests' from command line to 'False'
[1.181s] DEBUG:colcon.colcon_core.verb:Building package 'autoturtle' with the following arguments: {'ament_cmake_args': None, 'build_base': '/home/ajak2k/Sriram_AjayShankar_ws/build/autoturtle', 'catkin_cmake_args': None, 'catkin_skip_building_tests': False, 'cmake_args': None, 'cmake_clean_cache': False, 'cmake_clean_first': False, 'cmake_force_configure': False, 'cmake_target': None, 'cmake_target_skip_unavailable': False, 'install_base': '/home/ajak2k/Sriram_AjayShankar_ws/install/autoturtle', 'merge_install': False, 'path': '/home/ajak2k/Sriram_AjayShankar_ws/src/autoturtle', 'symlink_install': False, 'test_result_base': None}
[1.182s] Level 5:colcon.colcon_core.verb:set package 'turtlebot' build argument 'cmake_args' from command line to 'None'
[1.183s] Level 5:colcon.colcon_core.verb:set package 'turtlebot' build argument 'cmake_target' from command line to 'None'
[1.183s] Level 5:colcon.colcon_core.verb:set package 'turtlebot' build argument 'cmake_target_skip_unavailable' from command line to 'False'
[1.183s] Level 5:colcon.colcon_core.verb:set package 'turtlebot' build argument 'cmake_clean_cache' from command line to 'False'
[1.183s] Level 5:colcon.colcon_core.verb:set package 'turtlebot' build argument 'cmake_clean_first' from command line to 'False'
[1.183s] Level 5:colcon.colcon_core.verb:set package 'turtlebot' build argument 'cmake_force_configure' from command line to 'False'
[1.183s] Level 5:colcon.colcon_core.verb:set package 'turtlebot' build argument 'ament_cmake_args' from command line to 'None'
[1.183s] Level 5:colcon.colcon_core.verb:set package 'turtlebot' build argument 'catkin_cmake_args' from command line to 'None'
[1.183s] Level 5:colcon.colcon_core.verb:set package 'turtlebot' build argument 'catkin_skip_building_tests' from command line to 'False'
[1.183s] DEBUG:colcon.colcon_core.verb:Building package 'turtlebot' with the following arguments: {'ament_cmake_args': None, 'build_base': '/home/ajak2k/Sriram_AjayShankar_ws/build/turtlebot', 'catkin_cmake_args': None, 'catkin_skip_building_tests': False, 'cmake_args': None, 'cmake_clean_cache': False, 'cmake_clean_first': False, 'cmake_force_configure': False, 'cmake_target': None, 'cmake_target_skip_unavailable': False, 'install_base': '/home/ajak2k/Sriram_AjayShankar_ws/install/turtlebot', 'merge_install': False, 'path': '/home/ajak2k/Sriram_AjayShankar_ws/src/turtlebot', 'symlink_install': False, 'test_result_base': None}
[1.184s] INFO:colcon.colcon_core.executor:Executing jobs using 'parallel' executor
[1.186s] DEBUG:colcon.colcon_parallel_executor.executor.parallel:run_until_complete
[1.186s] INFO:colcon.colcon_ros.task.ament_python.build:Building ROS package in '/home/ajak2k/Sriram_AjayShankar_ws/src/autoturtle' with build type 'ament_python'
[1.186s] Level 1:colcon.colcon_core.shell:create_environment_hook('autoturtle', 'ament_prefix_path')
[1.192s] INFO:colcon.colcon_core.plugin_system:Skipping extension 'colcon_core.shell.bat': Not used on non-Windows systems
[1.192s] INFO:colcon.colcon_core.shell:Creating environment hook '/home/ajak2k/Sriram_AjayShankar_ws/install/autoturtle/share/autoturtle/hook/ament_prefix_path.ps1'
[1.194s] INFO:colcon.colcon_core.shell:Creating environment descriptor '/home/ajak2k/Sriram_AjayShankar_ws/install/autoturtle/share/autoturtle/hook/ament_prefix_path.dsv'
[1.195s] INFO:colcon.colcon_core.shell:Creating environment hook '/home/ajak2k/Sriram_AjayShankar_ws/install/autoturtle/share/autoturtle/hook/ament_prefix_path.sh'
[1.197s] INFO:colcon.colcon_core.shell:Skip shell extension 'powershell' for command environment: Not usable outside of PowerShell
[1.197s] DEBUG:colcon.colcon_core.shell:Skip shell extension 'dsv' for command environment
[1.232s] INFO:colcon.colcon_ros.task.ament_python.build:Building ROS package in '/home/ajak2k/Sriram_AjayShankar_ws/src/turtlebot' with build type 'ament_python'
[1.233s] Level 1:colcon.colcon_core.shell:create_environment_hook('turtlebot', 'ament_prefix_path')
[1.234s] INFO:colcon.colcon_core.shell:Creating environment hook '/home/ajak2k/Sriram_AjayShankar_ws/install/turtlebot/share/turtlebot/hook/ament_prefix_path.ps1'
[1.235s] INFO:colcon.colcon_core.shell:Creating environment descriptor '/home/ajak2k/Sriram_AjayShankar_ws/install/turtlebot/share/turtlebot/hook/ament_prefix_path.dsv'
[1.236s] INFO:colcon.colcon_core.shell:Creating environment hook '/home/ajak2k/Sriram_AjayShankar_ws/install/turtlebot/share/turtlebot/hook/ament_prefix_path.sh'
[1.239s] INFO:colcon.colcon_core.shell:Skip shell extension 'powershell' for command environment: Not usable outside of PowerShell
[1.239s] DEBUG:colcon.colcon_core.shell:Skip shell extension 'dsv' for command environment
[2.316s] INFO:colcon.colcon_core.task.python.build:Building Python package in '/home/ajak2k/Sriram_AjayShankar_ws/src/autoturtle'
[2.317s] INFO:colcon.colcon_core.shell:Skip shell extension 'powershell' for command environment: Not usable outside of PowerShell
[2.317s] DEBUG:colcon.colcon_core.shell:Skip shell extension 'dsv' for command environment
[3.371s] INFO:colcon.colcon_core.task.python.build:Building Python package in '/home/ajak2k/Sriram_AjayShankar_ws/src/turtlebot'
[3.372s] INFO:colcon.colcon_core.shell:Skip shell extension 'powershell' for command environment: Not usable outside of PowerShell
[3.373s] DEBUG:colcon.colcon_core.shell:Skip shell extension 'dsv' for command environment
[5.285s] DEBUG:colcon.colcon_core.event_handler.log_command:Invoking command in '/home/ajak2k/Sriram_AjayShankar_ws/src/turtlebot': PYTHONPATH=/home/ajak2k/Sriram_AjayShankar_ws/build/turtlebot/prefix_override:/home/ajak2k/Sriram_AjayShankar_ws/install/turtlebot/lib/python3.10/site-packages:${PYTHONPATH} /usr/bin/python3 -W ignore:setup.py install is deprecated setup.py egg_info --egg-base ../../build/turtlebot build --build-base /home/ajak2k/Sriram_AjayShankar_ws/build/turtlebot/build install --record /home/ajak2k/Sriram_AjayShankar_ws/build/turtlebot/install.log --single-version-externally-managed install_data
[5.343s] DEBUG:colcon.colcon_core.event_handler.log_command:Invoking command in '/home/ajak2k/Sriram_AjayShankar_ws/src/autoturtle': PYTHONPATH=/home/ajak2k/Sriram_AjayShankar_ws/build/autoturtle/prefix_override:/home/ajak2k/Sriram_AjayShankar_ws/install/autoturtle/lib/python3.10/site-packages:${PYTHONPATH} /usr/bin/python3 -W ignore:setup.py install is deprecated setup.py egg_info --egg-base ../../build/autoturtle build --build-base /home/ajak2k/Sriram_AjayShankar_ws/build/autoturtle/build install --record /home/ajak2k/Sriram_AjayShankar_ws/build/autoturtle/install.log --single-version-externally-managed install_data
[6.402s] DEBUG:colcon.colcon_core.event_handler.log_command:Invoked command in '/home/ajak2k/Sriram_AjayShankar_ws/src/turtlebot' returned '0': PYTHONPATH=/home/ajak2k/Sriram_AjayShankar_ws/build/turtlebot/prefix_override:/home/ajak2k/Sriram_AjayShankar_ws/install/turtlebot/lib/python3.10/site-packages:${PYTHONPATH} /usr/bin/python3 -W ignore:setup.py install is deprecated setup.py egg_info --egg-base ../../build/turtlebot build --build-base /home/ajak2k/Sriram_AjayShankar_ws/build/turtlebot/build install --record /home/ajak2k/Sriram_AjayShankar_ws/build/turtlebot/install.log --single-version-externally-managed install_data
[6.407s] Level 1:colcon.colcon_core.environment:checking '/home/ajak2k/Sriram_AjayShankar_ws/install/turtlebot' for CMake module files
[6.408s] Level 1:colcon.colcon_core.environment:checking '/home/ajak2k/Sriram_AjayShankar_ws/install/turtlebot' for CMake config files
[6.411s] Level 1:colcon.colcon_core.environment:checking '/home/ajak2k/Sriram_AjayShankar_ws/install/turtlebot/lib'
[6.413s] Level 1:colcon.colcon_core.environment:checking '/home/ajak2k/Sriram_AjayShankar_ws/install/turtlebot/bin'
[6.413s] Level 1:colcon.colcon_core.environment:checking '/home/ajak2k/Sriram_AjayShankar_ws/install/turtlebot/lib/pkgconfig/turtlebot.pc'
[6.414s] Level 1:colcon.colcon_core.environment:checking '/home/ajak2k/Sriram_AjayShankar_ws/install/turtlebot/lib/python3.10/site-packages'
[6.414s] Level 1:colcon.colcon_core.shell:create_environment_hook('turtlebot', 'pythonpath')
[6.415s] INFO:colcon.colcon_core.shell:Creating environment hook '/home/ajak2k/Sriram_AjayShankar_ws/install/turtlebot/share/turtlebot/hook/pythonpath.ps1'
[6.416s] INFO:colcon.colcon_core.shell:Creating environment descriptor '/home/ajak2k/Sriram_AjayShankar_ws/install/turtlebot/share/turtlebot/hook/pythonpath.dsv'
[6.417s] INFO:colcon.colcon_core.shell:Creating environment hook '/home/ajak2k/Sriram_AjayShankar_ws/install/turtlebot/share/turtlebot/hook/pythonpath.sh'
[6.417s] Level 1:colcon.colcon_core.environment:checking '/home/ajak2k/Sriram_AjayShankar_ws/install/turtlebot/bin'
[6.418s] Level 1:colcon.colcon_core.environment:create_environment_scripts_only(turtlebot)
[6.419s] INFO:colcon.colcon_core.shell:Creating package script '/home/ajak2k/Sriram_AjayShankar_ws/install/turtlebot/share/turtlebot/package.ps1'
[6.420s] INFO:colcon.colcon_core.shell:Creating package descriptor '/home/ajak2k/Sriram_AjayShankar_ws/install/turtlebot/share/turtlebot/package.dsv'
[6.423s] INFO:colcon.colcon_core.shell:Creating package script '/home/ajak2k/Sriram_AjayShankar_ws/install/turtlebot/share/turtlebot/package.sh'
[6.426s] INFO:colcon.colcon_core.shell:Creating package script '/home/ajak2k/Sriram_AjayShankar_ws/install/turtlebot/share/turtlebot/package.bash'
[6.430s] INFO:colcon.colcon_core.shell:Creating package script '/home/ajak2k/Sriram_AjayShankar_ws/install/turtlebot/share/turtlebot/package.zsh'
[6.432s] Level 1:colcon.colcon_core.environment:create_file_with_runtime_dependencies(/home/ajak2k/Sriram_AjayShankar_ws/install/turtlebot/share/colcon-core/packages/turtlebot)
[6.437s] Level 1:colcon.colcon_core.environment:checking '/home/ajak2k/Sriram_AjayShankar_ws/install/autoturtle' for CMake module files
[6.438s] DEBUG:colcon.colcon_core.event_handler.log_command:Invoked command in '/home/ajak2k/Sriram_AjayShankar_ws/src/autoturtle' returned '0': PYTHONPATH=/home/ajak2k/Sriram_AjayShankar_ws/build/autoturtle/prefix_override:/home/ajak2k/Sriram_AjayShankar_ws/install/autoturtle/lib/python3.10/site-packages:${PYTHONPATH} /usr/bin/python3 -W ignore:setup.py install is deprecated setup.py egg_info --egg-base ../../build/autoturtle build --build-base /home/ajak2k/Sriram_AjayShankar_ws/build/autoturtle/build install --record /home/ajak2k/Sriram_AjayShankar_ws/build/autoturtle/install.log --single-version-externally-managed install_data
[6.439s] Level 1:colcon.colcon_core.environment:checking '/home/ajak2k/Sriram_AjayShankar_ws/install/autoturtle' for CMake config files
[6.440s] Level 1:colcon.colcon_core.environment:checking '/home/ajak2k/Sriram_AjayShankar_ws/install/autoturtle/lib'
[6.441s] Level 1:colcon.colcon_core.environment:checking '/home/ajak2k/Sriram_AjayShankar_ws/install/autoturtle/bin'
[6.441s] Level 1:colcon.colcon_core.environment:checking '/home/ajak2k/Sriram_AjayShankar_ws/install/autoturtle/lib/pkgconfig/autoturtle.pc'
[6.441s] Level 1:colcon.colcon_core.environment:checking '/home/ajak2k/Sriram_AjayShankar_ws/install/autoturtle/lib/python3.10/site-packages'
[6.441s] Level 1:colcon.colcon_core.shell:create_environment_hook('autoturtle', 'pythonpath')
[6.442s] INFO:colcon.colcon_core.shell:Creating environment hook '/home/ajak2k/Sriram_AjayShankar_ws/install/autoturtle/share/autoturtle/hook/pythonpath.ps1'
[6.443s] INFO:colcon.colcon_core.shell:Creating environment descriptor '/home/ajak2k/Sriram_AjayShankar_ws/install/autoturtle/share/autoturtle/hook/pythonpath.dsv'
[6.444s] INFO:colcon.colcon_core.shell:Creating environment hook '/home/ajak2k/Sriram_AjayShankar_ws/install/autoturtle/share/autoturtle/hook/pythonpath.sh'
[6.445s] Level 1:colcon.colcon_core.environment:checking '/home/ajak2k/Sriram_AjayShankar_ws/install/autoturtle/bin'
[6.445s] Level 1:colcon.colcon_core.environment:create_environment_scripts_only(autoturtle)
[6.446s] INFO:colcon.colcon_core.shell:Creating package script '/home/ajak2k/Sriram_AjayShankar_ws/install/autoturtle/share/autoturtle/package.ps1'
[6.448s] INFO:colcon.colcon_core.shell:Creating package descriptor '/home/ajak2k/Sriram_AjayShankar_ws/install/autoturtle/share/autoturtle/package.dsv'
[6.449s] INFO:colcon.colcon_core.shell:Creating package script '/home/ajak2k/Sriram_AjayShankar_ws/install/autoturtle/share/autoturtle/package.sh'
[6.450s] INFO:colcon.colcon_core.shell:Creating package script '/home/ajak2k/Sriram_AjayShankar_ws/install/autoturtle/share/autoturtle/package.bash'
[6.451s] INFO:colcon.colcon_core.shell:Creating package script '/home/ajak2k/Sriram_AjayShankar_ws/install/autoturtle/share/autoturtle/package.zsh'
[6.452s] Level 1:colcon.colcon_core.environment:create_file_with_runtime_dependencies(/home/ajak2k/Sriram_AjayShankar_ws/install/autoturtle/share/colcon-core/packages/autoturtle)
[6.453s] DEBUG:colcon.colcon_parallel_executor.executor.parallel:closing loop
[6.455s] DEBUG:colcon.colcon_parallel_executor.executor.parallel:loop closed
[6.455s] DEBUG:colcon.colcon_parallel_executor.executor.parallel:run_until_complete finished with '0'
[6.455s] DEBUG:colcon.colcon_core.event_reactor:joining thread
[6.628s] INFO:colcon.colcon_core.plugin_system:Skipping extension 'colcon_notification.desktop_notification.notify_send': Could not find 'notify-send'
[6.629s] INFO:colcon.colcon_core.plugin_system:Skipping extension 'colcon_notification.desktop_notification.terminal_notifier': Not used on non-Darwin systems
[6.629s] INFO:colcon.colcon_core.plugin_system:Skipping extension 'colcon_notification.desktop_notification.win32': Not used on non-Windows systems
[6.629s] INFO:colcon.colcon_notification.desktop_notification:Sending desktop notification using 'notify2'
[6.629s] DEBUG:colcon.colcon_notification.desktop_notification.notify2:Failed to initialize notify2: org.freedesktop.DBus.Error.FileNotFound: Failed to connect to socket /run/user/1000/bus: No such file or directory
[6.629s] DEBUG:colcon.colcon_core.event_reactor:joined thread
[6.630s] INFO:colcon.colcon_core.shell:Creating prefix script '/home/ajak2k/Sriram_AjayShankar_ws/install/local_setup.ps1'
[6.632s] INFO:colcon.colcon_core.shell:Creating prefix util module '/home/ajak2k/Sriram_AjayShankar_ws/install/_local_setup_util_ps1.py'
[6.637s] INFO:colcon.colcon_core.shell:Creating prefix chain script '/home/ajak2k/Sriram_AjayShankar_ws/install/setup.ps1'
[6.639s] INFO:colcon.colcon_core.shell:Creating prefix script '/home/ajak2k/Sriram_AjayShankar_ws/install/local_setup.sh'
[6.640s] INFO:colcon.colcon_core.shell:Creating prefix util module '/home/ajak2k/Sriram_AjayShankar_ws/install/_local_setup_util_sh.py'
[6.641s] INFO:colcon.colcon_core.shell:Creating prefix chain script '/home/ajak2k/Sriram_AjayShankar_ws/install/setup.sh'
[6.643s] INFO:colcon.colcon_core.shell:Creating prefix script '/home/ajak2k/Sriram_AjayShankar_ws/install/local_setup.bash'
[6.644s] INFO:colcon.colcon_core.shell:Creating prefix chain script '/home/ajak2k/Sriram_AjayShankar_ws/install/setup.bash'
[6.647s] INFO:colcon.colcon_core.shell:Creating prefix script '/home/ajak2k/Sriram_AjayShankar_ws/install/local_setup.zsh'
[6.648s] INFO:colcon.colcon_core.shell:Creating prefix chain script '/home/ajak2k/Sriram_AjayShankar_ws/install/setup.zsh'
