[10.056s] Invoking command in '/home/ajak2k/Sriram_AjayShankar_ws/src/turtlebot': PYTHONPATH=/home/ajak2k/Sriram_AjayShankar_ws/build/turtlebot/prefix_override:/home/ajak2k/Sriram_AjayShankar_ws/install/turtlebot/lib/python3.10/site-packages:${PYTHONPATH} /usr/bin/python3 -W ignore:setup.py install is deprecated setup.py egg_info --egg-base ../../build/turtlebot build --build-base /home/ajak2k/Sriram_AjayShankar_ws/build/turtlebot/build install --record /home/ajak2k/Sriram_AjayShankar_ws/build/turtlebot/install.log --single-version-externally-managed install_data
[12.713s] running egg_info
[12.718s] writing ../../build/turtlebot/turtlebot.egg-info/PKG-INFO
[12.729s] writing dependency_links to ../../build/turtlebot/turtlebot.egg-info/dependency_links.txt
[12.730s] writing entry points to ../../build/turtlebot/turtlebot.egg-info/entry_points.txt
[12.731s] writing requirements to ../../build/turtlebot/turtlebot.egg-info/requires.txt
[12.731s] writing top-level names to ../../build/turtlebot/turtlebot.egg-info/top_level.txt
[12.740s] reading manifest file '../../build/turtlebot/turtlebot.egg-info/SOURCES.txt'
[12.747s] writing manifest file '../../build/turtlebot/turtlebot.egg-info/SOURCES.txt'
[12.749s] running build
[12.750s] running build_py
[12.750s] running install
[12.757s] running install_lib
[12.763s] running install_data
[12.764s] running install_egg_info
[12.786s] removing '/home/ajak2k/Sriram_AjayShankar_ws/install/turtlebot/lib/python3.10/site-packages/turtlebot-0.2.0-py3.10.egg-info' (and everything under it)
[12.787s] Copying ../../build/turtlebot/turtlebot.egg-info to /home/ajak2k/Sriram_AjayShankar_ws/install/turtlebot/lib/python3.10/site-packages/turtlebot-0.2.0-py3.10.egg-info
[12.789s] running install_scripts
[12.959s] Installing motion_planner script to /home/ajak2k/Sriram_AjayShankar_ws/install/turtlebot/lib/turtlebot
[12.970s] Installing pid_controller script to /home/ajak2k/Sriram_AjayShankar_ws/install/turtlebot/lib/turtlebot
[12.970s] writing list of installed files to '/home/ajak2k/Sriram_AjayShankar_ws/build/turtlebot/install.log'
[13.157s] Invoked command in '/home/ajak2k/Sriram_AjayShankar_ws/src/turtlebot' returned '0': PYTHONPATH=/home/ajak2k/Sriram_AjayShankar_ws/build/turtlebot/prefix_override:/home/ajak2k/Sriram_AjayShankar_ws/install/turtlebot/lib/python3.10/site-packages:${PYTHONPATH} /usr/bin/python3 -W ignore:setup.py install is deprecated setup.py egg_info --egg-base ../../build/turtlebot build --build-base /home/ajak2k/Sriram_AjayShankar_ws/build/turtlebot/build install --record /home/ajak2k/Sriram_AjayShankar_ws/build/turtlebot/install.log --single-version-externally-managed install_data
