[0.596s] DEBUG:colcon:Command line arguments: ['/home/ajak2k/.local/bin/colcon', 'build']
[0.596s] DEBUG:colcon:Parsed command line arguments: Namespace(log_base=None, log_level=None, verb_name='build', build_base='build', install_base='install', merge_install=False, symlink_install=False, test_result_base=None, continue_on_error=False, executor='parallel', parallel_workers=8, event_handlers=None, ignore_user_meta=False, metas=['./colcon.meta'], base_paths=['.'], packages_ignore=None, packages_ignore_regex=None, paths=None, packages_up_to=None, packages_up_to_regex=None, packages_above=None, packages_above_and_dependencies=None, packages_above_depth=None, packages_select_by_dep=None, packages_skip_by_dep=None, packages_skip_up_to=None, packages_select_build_failed=False, packages_skip_build_finished=False, packages_select_test_failures=False, packages_skip_test_passed=False, packages_select=None, packages_skip=None, packages_select_regex=None, packages_skip_regex=None, packages_start=None, packages_end=None, allow_overriding=[], cmake_args=None, cmake_target=None, cmake_target_skip_unavailable=False, cmake_clean_cache=False, cmake_clean_first=False, cmake_force_configure=False, ament_cmake_args=None, catkin_cmake_args=None, catkin_skip_building_tests=False, mixin_files=None, mixin=None, verb_parser=<colcon_mixin.mixin.mixin_argument.MixinArgumentDecorator object at 0x7f97b76f8f40>, verb_extension=<colcon_core.verb.build.BuildVerb object at 0x7f97b76f8970>, main=<bound method BuildVerb.main of <colcon_core.verb.build.BuildVerb object at 0x7f97b76f8970>>, mixin_verb=('build',))
[1.269s] Level 1:colcon.colcon_core.package_discovery:discover_packages(colcon_meta) check parameters
[1.269s] Level 1:colcon.colcon_core.package_discovery:discover_packages(recursive) check parameters
[1.269s] Level 1:colcon.colcon_core.package_discovery:discover_packages(ignore) check parameters
[1.270s] Level 1:colcon.colcon_core.package_discovery:discover_packages(path) check parameters
[1.270s] Level 1:colcon.colcon_core.package_discovery:discover_packages(colcon_meta) discover
[1.270s] Level 1:colcon.colcon_core.package_discovery:discover_packages(recursive) discover
[1.270s] INFO:colcon.colcon_core.package_discovery:Crawling recursively for packages in '/home/ajak2k/Sriram_AjayShankar_ws'
[1.270s] Level 1:colcon.colcon_core.package_identification:_identify(.) by extensions ['ignore', 'ignore_ament_install']
[1.270s] Level 1:colcon.colcon_core.package_identification:_identify(.) by extension 'ignore'
[1.270s] Level 1:colcon.colcon_core.package_identification:_identify(.) by extension 'ignore_ament_install'
[1.271s] Level 1:colcon.colcon_core.package_identification:_identify(.) by extensions ['colcon_pkg']
[1.271s] Level 1:colcon.colcon_core.package_identification:_identify(.) by extension 'colcon_pkg'
[1.271s] Level 1:colcon.colcon_core.package_identification:_identify(.) by extensions ['colcon_meta']
[1.271s] Level 1:colcon.colcon_core.package_identification:_identify(.) by extension 'colcon_meta'
[1.271s] Level 1:colcon.colcon_core.package_identification:_identify(.) by extensions ['ros']
[1.271s] Level 1:colcon.colcon_core.package_identification:_identify(.) by extension 'ros'
[1.309s] Level 1:colcon.colcon_core.package_identification:_identify(.) by extensions ['cmake', 'python']
[1.309s] Level 1:colcon.colcon_core.package_identification:_identify(.) by extension 'cmake'
[1.310s] Level 1:colcon.colcon_core.package_identification:_identify(.) by extension 'python'
[1.310s] Level 1:colcon.colcon_core.package_identification:_identify(.) by extensions ['python_setup_py']
[1.310s] Level 1:colcon.colcon_core.package_identification:_identify(.) by extension 'python_setup_py'
[1.310s] Level 1:colcon.colcon_core.package_identification:_identify(build) by extensions ['ignore', 'ignore_ament_install']
[1.311s] Level 1:colcon.colcon_core.package_identification:_identify(build) by extension 'ignore'
[1.311s] Level 1:colcon.colcon_core.package_identification:_identify(build) ignored
[1.311s] Level 1:colcon.colcon_core.package_identification:_identify(install) by extensions ['ignore', 'ignore_ament_install']
[1.311s] Level 1:colcon.colcon_core.package_identification:_identify(install) by extension 'ignore'
[1.312s] Level 1:colcon.colcon_core.package_identification:_identify(install) ignored
[1.312s] Level 1:colcon.colcon_core.package_identification:_identify(log) by extensions ['ignore', 'ignore_ament_install']
[1.312s] Level 1:colcon.colcon_core.package_identification:_identify(log) by extension 'ignore'
[1.312s] Level 1:colcon.colcon_core.package_identification:_identify(log) ignored
[1.312s] Level 1:colcon.colcon_core.package_identification:_identify(src) by extensions ['ignore', 'ignore_ament_install']
[1.313s] Level 1:colcon.colcon_core.package_identification:_identify(src) by extension 'ignore'
[1.313s] Level 1:colcon.colcon_core.package_identification:_identify(src) by extension 'ignore_ament_install'
[1.313s] Level 1:colcon.colcon_core.package_identification:_identify(src) by extensions ['colcon_pkg']
[1.313s] Level 1:colcon.colcon_core.package_identification:_identify(src) by extension 'colcon_pkg'
[1.313s] Level 1:colcon.colcon_core.package_identification:_identify(src) by extensions ['colcon_meta']
[1.313s] Level 1:colcon.colcon_core.package_identification:_identify(src) by extension 'colcon_meta'
[1.313s] Level 1:colcon.colcon_core.package_identification:_identify(src) by extensions ['ros']
[1.313s] Level 1:colcon.colcon_core.package_identification:_identify(src) by extension 'ros'
[1.314s] Level 1:colcon.colcon_core.package_identification:_identify(src) by extensions ['cmake', 'python']
[1.314s] Level 1:colcon.colcon_core.package_identification:_identify(src) by extension 'cmake'
[1.314s] Level 1:colcon.colcon_core.package_identification:_identify(src) by extension 'python'
[1.314s] Level 1:colcon.colcon_core.package_identification:_identify(src) by extensions ['python_setup_py']
[1.315s] Level 1:colcon.colcon_core.package_identification:_identify(src) by extension 'python_setup_py'
[1.315s] Level 1:colcon.colcon_core.package_identification:_identify(src/autoturtle) by extensions ['ignore', 'ignore_ament_install']
[1.316s] Level 1:colcon.colcon_core.package_identification:_identify(src/autoturtle) by extension 'ignore'
[1.316s] Level 1:colcon.colcon_core.package_identification:_identify(src/autoturtle) by extension 'ignore_ament_install'
[1.316s] Level 1:colcon.colcon_core.package_identification:_identify(src/autoturtle) by extensions ['colcon_pkg']
[1.316s] Level 1:colcon.colcon_core.package_identification:_identify(src/autoturtle) by extension 'colcon_pkg'
[1.316s] Level 1:colcon.colcon_core.package_identification:_identify(src/autoturtle) by extensions ['colcon_meta']
[1.317s] Level 1:colcon.colcon_core.package_identification:_identify(src/autoturtle) by extension 'colcon_meta'
[1.317s] Level 1:colcon.colcon_core.package_identification:_identify(src/autoturtle) by extensions ['ros']
[1.317s] Level 1:colcon.colcon_core.package_identification:_identify(src/autoturtle) by extension 'ros'
[1.322s] DEBUG:colcon.colcon_core.package_identification:Package 'src/autoturtle' with type 'ros.ament_python' and name 'autoturtle'
[1.322s] Level 1:colcon.colcon_core.package_identification:_identify(src/turtlebot) by extensions ['ignore', 'ignore_ament_install']
[1.322s] Level 1:colcon.colcon_core.package_identification:_identify(src/turtlebot) by extension 'ignore'
[1.323s] Level 1:colcon.colcon_core.package_identification:_identify(src/turtlebot) by extension 'ignore_ament_install'
[1.323s] Level 1:colcon.colcon_core.package_identification:_identify(src/turtlebot) by extensions ['colcon_pkg']
[1.323s] Level 1:colcon.colcon_core.package_identification:_identify(src/turtlebot) by extension 'colcon_pkg'
[1.323s] Level 1:colcon.colcon_core.package_identification:_identify(src/turtlebot) by extensions ['colcon_meta']
[1.324s] Level 1:colcon.colcon_core.package_identification:_identify(src/turtlebot) by extension 'colcon_meta'
[1.324s] Level 1:colcon.colcon_core.package_identification:_identify(src/turtlebot) by extensions ['ros']
[1.326s] Level 1:colcon.colcon_core.package_identification:_identify(src/turtlebot) by extension 'ros'
[1.333s] DEBUG:colcon.colcon_core.package_identification:Package 'src/turtlebot' with type 'ros.ament_python' and name 'turtlebot'
[1.333s] Level 1:colcon.colcon_core.package_discovery:discover_packages(recursive) using defaults
[1.334s] Level 1:colcon.colcon_core.package_discovery:discover_packages(ignore) discover
[1.334s] Level 1:colcon.colcon_core.package_discovery:discover_packages(ignore) using defaults
[1.334s] Level 1:colcon.colcon_core.package_discovery:discover_packages(path) discover
[1.334s] Level 1:colcon.colcon_core.package_discovery:discover_packages(path) using defaults
[1.427s] Level 1:colcon.colcon_core.package_discovery:discover_packages(prefix_path) check parameters
[1.427s] Level 1:colcon.colcon_core.package_discovery:discover_packages(prefix_path) discover
[1.433s] DEBUG:colcon.colcon_installed_package_information.package_discovery:Found 3 installed packages in /home/ajak2k/turtlebot3_ws/install
[1.434s] DEBUG:colcon.colcon_installed_package_information.package_discovery:Found 2 installed packages in /home/ajak2k/Sriram_AjayShankar_ws/install
[1.450s] DEBUG:colcon.colcon_installed_package_information.package_discovery:Found 345 installed packages in /home/ajak2k/ros2_humble/ros2
[1.455s] DEBUG:colcon.colcon_installed_package_information.package_discovery:Found 391 installed packages in /opt/ros/humble
[1.491s] Level 1:colcon.colcon_core.package_discovery:discover_packages(prefix_path) using defaults
[1.748s] Level 5:colcon.colcon_core.verb:set package 'autoturtle' build argument 'cmake_args' from command line to 'None'
[1.748s] Level 5:colcon.colcon_core.verb:set package 'autoturtle' build argument 'cmake_target' from command line to 'None'
[1.749s] Level 5:colcon.colcon_core.verb:set package 'autoturtle' build argument 'cmake_target_skip_unavailable' from command line to 'False'
[1.749s] Level 5:colcon.colcon_core.verb:set package 'autoturtle' build argument 'cmake_clean_cache' from command line to 'False'
[1.749s] Level 5:colcon.colcon_core.verb:set package 'autoturtle' build argument 'cmake_clean_first' from command line to 'False'
[1.749s] Level 5:colcon.colcon_core.verb:set package 'autoturtle' build argument 'cmake_force_configure' from command line to 'False'
[1.749s] Level 5:colcon.colcon_core.verb:set package 'autoturtle' build argument 'ament_cmake_args' from command line to 'None'
[1.749s] Level 5:colcon.colcon_core.verb:set package 'autoturtle' build argument 'catkin_cmake_args' from command line to 'None'
[1.749s] Level 5:colcon.colcon_core.verb:set package 'autoturtle' build argument 'catkin_skip_building_tests' from command line to 'False'
[1.749s] DEBUG:colcon.colcon_core.verb:Building package 'autoturtle' with the following arguments: {'ament_cmake_args': None, 'build_base': '/home/ajak2k/Sriram_AjayShankar_ws/build/autoturtle', 'catkin_cmake_args': None, 'catkin_skip_building_tests': False, 'cmake_args': None, 'cmake_clean_cache': False, 'cmake_clean_first': False, 'cmake_force_configure': False, 'cmake_target': None, 'cmake_target_skip_unavailable': False, 'install_base': '/home/ajak2k/Sriram_AjayShankar_ws/install/autoturtle', 'merge_install': False, 'path': '/home/ajak2k/Sriram_AjayShankar_ws/src/autoturtle', 'symlink_install': False, 'test_result_base': None}
[1.750s] Level 5:colcon.colcon_core.verb:set package 'turtlebot' build argument 'cmake_args' from command line to 'None'
[1.750s] Level 5:colcon.colcon_core.verb:set package 'turtlebot' build argument 'cmake_target' from command line to 'None'
[1.750s] Level 5:colcon.colcon_core.verb:set package 'turtlebot' build argument 'cmake_target_skip_unavailable' from command line to 'False'
[1.750s] Level 5:colcon.colcon_core.verb:set package 'turtlebot' build argument 'cmake_clean_cache' from command line to 'False'
[1.750s] Level 5:colcon.colcon_core.verb:set package 'turtlebot' build argument 'cmake_clean_first' from command line to 'False'
[1.750s] Level 5:colcon.colcon_core.verb:set package 'turtlebot' build argument 'cmake_force_configure' from command line to 'False'
[1.750s] Level 5:colcon.colcon_core.verb:set package 'turtlebot' build argument 'ament_cmake_args' from command line to 'None'
[1.750s] Level 5:colcon.colcon_core.verb:set package 'turtlebot' build argument 'catkin_cmake_args' from command line to 'None'
[1.750s] Level 5:colcon.colcon_core.verb:set package 'turtlebot' build argument 'catkin_skip_building_tests' from command line to 'False'
[1.750s] DEBUG:colcon.colcon_core.verb:Building package 'turtlebot' with the following arguments: {'ament_cmake_args': None, 'build_base': '/home/ajak2k/Sriram_AjayShankar_ws/build/turtlebot', 'catkin_cmake_args': None, 'catkin_skip_building_tests': False, 'cmake_args': None, 'cmake_clean_cache': False, 'cmake_clean_first': False, 'cmake_force_configure': False, 'cmake_target': None, 'cmake_target_skip_unavailable': False, 'install_base': '/home/ajak2k/Sriram_AjayShankar_ws/install/turtlebot', 'merge_install': False, 'path': '/home/ajak2k/Sriram_AjayShankar_ws/src/turtlebot', 'symlink_install': False, 'test_result_base': None}
[1.750s] INFO:colcon.colcon_core.executor:Executing jobs using 'parallel' executor
[1.752s] DEBUG:colcon.colcon_parallel_executor.executor.parallel:run_until_complete
[1.752s] INFO:colcon.colcon_ros.task.ament_python.build:Building ROS package in '/home/ajak2k/Sriram_AjayShankar_ws/src/autoturtle' with build type 'ament_python'
[1.753s] Level 1:colcon.colcon_core.shell:create_environment_hook('autoturtle', 'ament_prefix_path')
[1.761s] INFO:colcon.colcon_core.plugin_system:Skipping extension 'colcon_core.shell.bat': Not used on non-Windows systems
[1.761s] INFO:colcon.colcon_core.shell:Creating environment hook '/home/ajak2k/Sriram_AjayShankar_ws/install/autoturtle/share/autoturtle/hook/ament_prefix_path.ps1'
[1.762s] INFO:colcon.colcon_core.shell:Creating environment descriptor '/home/ajak2k/Sriram_AjayShankar_ws/install/autoturtle/share/autoturtle/hook/ament_prefix_path.dsv'
[1.764s] INFO:colcon.colcon_core.shell:Creating environment hook '/home/ajak2k/Sriram_AjayShankar_ws/install/autoturtle/share/autoturtle/hook/ament_prefix_path.sh'
[1.770s] INFO:colcon.colcon_core.shell:Skip shell extension 'powershell' for command environment: Not usable outside of PowerShell
[1.770s] DEBUG:colcon.colcon_core.shell:Skip shell extension 'dsv' for command environment
[1.795s] INFO:colcon.colcon_ros.task.ament_python.build:Building ROS package in '/home/ajak2k/Sriram_AjayShankar_ws/src/turtlebot' with build type 'ament_python'
[1.797s] Level 1:colcon.colcon_core.shell:create_environment_hook('turtlebot', 'ament_prefix_path')
[1.798s] INFO:colcon.colcon_core.shell:Creating environment hook '/home/ajak2k/Sriram_AjayShankar_ws/install/turtlebot/share/turtlebot/hook/ament_prefix_path.ps1'
[1.800s] INFO:colcon.colcon_core.shell:Creating environment descriptor '/home/ajak2k/Sriram_AjayShankar_ws/install/turtlebot/share/turtlebot/hook/ament_prefix_path.dsv'
[1.801s] INFO:colcon.colcon_core.shell:Creating environment hook '/home/ajak2k/Sriram_AjayShankar_ws/install/turtlebot/share/turtlebot/hook/ament_prefix_path.sh'
[1.802s] INFO:colcon.colcon_core.shell:Skip shell extension 'powershell' for command environment: Not usable outside of PowerShell
[1.803s] DEBUG:colcon.colcon_core.shell:Skip shell extension 'dsv' for command environment
[2.714s] INFO:colcon.colcon_core.task.python.build:Building Python package in '/home/ajak2k/Sriram_AjayShankar_ws/src/autoturtle'
[2.715s] INFO:colcon.colcon_core.shell:Skip shell extension 'powershell' for command environment: Not usable outside of PowerShell
[2.715s] DEBUG:colcon.colcon_core.shell:Skip shell extension 'dsv' for command environment
[3.495s] INFO:colcon.colcon_core.task.python.build:Building Python package in '/home/ajak2k/Sriram_AjayShankar_ws/src/turtlebot'
[3.495s] INFO:colcon.colcon_core.shell:Skip shell extension 'powershell' for command environment: Not usable outside of PowerShell
[3.496s] DEBUG:colcon.colcon_core.shell:Skip shell extension 'dsv' for command environment
[4.838s] DEBUG:colcon.colcon_core.event_handler.log_command:Invoking command in '/home/ajak2k/Sriram_AjayShankar_ws/src/autoturtle': PYTHONPATH=/home/ajak2k/Sriram_AjayShankar_ws/build/autoturtle/prefix_override:/home/ajak2k/Sriram_AjayShankar_ws/install/autoturtle/lib/python3.10/site-packages:${PYTHONPATH} /usr/bin/python3 -W ignore:setup.py install is deprecated setup.py egg_info --egg-base ../../build/autoturtle build --build-base /home/ajak2k/Sriram_AjayShankar_ws/build/autoturtle/build install --record /home/ajak2k/Sriram_AjayShankar_ws/build/autoturtle/install.log --single-version-externally-managed install_data
[4.894s] DEBUG:colcon.colcon_core.event_handler.log_command:Invoking command in '/home/ajak2k/Sriram_AjayShankar_ws/src/turtlebot': PYTHONPATH=/home/ajak2k/Sriram_AjayShankar_ws/build/turtlebot/prefix_override:/home/ajak2k/Sriram_AjayShankar_ws/install/turtlebot/lib/python3.10/site-packages:${PYTHONPATH} /usr/bin/python3 -W ignore:setup.py install is deprecated setup.py egg_info --egg-base ../../build/turtlebot build --build-base /home/ajak2k/Sriram_AjayShankar_ws/build/turtlebot/build install --record /home/ajak2k/Sriram_AjayShankar_ws/build/turtlebot/install.log --single-version-externally-managed install_data
[6.129s] DEBUG:colcon.colcon_core.event_handler.log_command:Invoked command in '/home/ajak2k/Sriram_AjayShankar_ws/src/autoturtle' returned '0': PYTHONPATH=/home/ajak2k/Sriram_AjayShankar_ws/build/autoturtle/prefix_override:/home/ajak2k/Sriram_AjayShankar_ws/install/autoturtle/lib/python3.10/site-packages:${PYTHONPATH} /usr/bin/python3 -W ignore:setup.py install is deprecated setup.py egg_info --egg-base ../../build/autoturtle build --build-base /home/ajak2k/Sriram_AjayShankar_ws/build/autoturtle/build install --record /home/ajak2k/Sriram_AjayShankar_ws/build/autoturtle/install.log --single-version-externally-managed install_data
[6.139s] Level 1:colcon.colcon_core.environment:checking '/home/ajak2k/Sriram_AjayShankar_ws/install/autoturtle' for CMake module files
[6.140s] Level 1:colcon.colcon_core.environment:checking '/home/ajak2k/Sriram_AjayShankar_ws/install/autoturtle' for CMake config files
[6.142s] Level 1:colcon.colcon_core.environment:checking '/home/ajak2k/Sriram_AjayShankar_ws/install/autoturtle/lib'
[6.143s] Level 1:colcon.colcon_core.environment:checking '/home/ajak2k/Sriram_AjayShankar_ws/install/autoturtle/bin'
[6.143s] Level 1:colcon.colcon_core.environment:checking '/home/ajak2k/Sriram_AjayShankar_ws/install/autoturtle/lib/pkgconfig/autoturtle.pc'
[6.144s] Level 1:colcon.colcon_core.environment:checking '/home/ajak2k/Sriram_AjayShankar_ws/install/autoturtle/lib/python3.10/site-packages'
[6.144s] Level 1:colcon.colcon_core.shell:create_environment_hook('autoturtle', 'pythonpath')
[6.145s] INFO:colcon.colcon_core.shell:Creating environment hook '/home/ajak2k/Sriram_AjayShankar_ws/install/autoturtle/share/autoturtle/hook/pythonpath.ps1'
[6.147s] INFO:colcon.colcon_core.shell:Creating environment descriptor '/home/ajak2k/Sriram_AjayShankar_ws/install/autoturtle/share/autoturtle/hook/pythonpath.dsv'
[6.148s] INFO:colcon.colcon_core.shell:Creating environment hook '/home/ajak2k/Sriram_AjayShankar_ws/install/autoturtle/share/autoturtle/hook/pythonpath.sh'
[6.149s] Level 1:colcon.colcon_core.environment:checking '/home/ajak2k/Sriram_AjayShankar_ws/install/autoturtle/bin'
[6.149s] Level 1:colcon.colcon_core.environment:create_environment_scripts_only(autoturtle)
[6.150s] INFO:colcon.colcon_core.shell:Creating package script '/home/ajak2k/Sriram_AjayShankar_ws/install/autoturtle/share/autoturtle/package.ps1'
[6.152s] INFO:colcon.colcon_core.shell:Creating package descriptor '/home/ajak2k/Sriram_AjayShankar_ws/install/autoturtle/share/autoturtle/package.dsv'
[6.158s] INFO:colcon.colcon_core.shell:Creating package script '/home/ajak2k/Sriram_AjayShankar_ws/install/autoturtle/share/autoturtle/package.sh'
[6.161s] INFO:colcon.colcon_core.shell:Creating package script '/home/ajak2k/Sriram_AjayShankar_ws/install/autoturtle/share/autoturtle/package.bash'
[6.163s] INFO:colcon.colcon_core.shell:Creating package script '/home/ajak2k/Sriram_AjayShankar_ws/install/autoturtle/share/autoturtle/package.zsh'
[6.165s] Level 1:colcon.colcon_core.environment:create_file_with_runtime_dependencies(/home/ajak2k/Sriram_AjayShankar_ws/install/autoturtle/share/colcon-core/packages/autoturtle)
[6.235s] Level 1:colcon.colcon_core.environment:checking '/home/ajak2k/Sriram_AjayShankar_ws/install/turtlebot' for CMake module files
[6.237s] DEBUG:colcon.colcon_core.event_handler.log_command:Invoked command in '/home/ajak2k/Sriram_AjayShankar_ws/src/turtlebot' returned '0': PYTHONPATH=/home/ajak2k/Sriram_AjayShankar_ws/build/turtlebot/prefix_override:/home/ajak2k/Sriram_AjayShankar_ws/install/turtlebot/lib/python3.10/site-packages:${PYTHONPATH} /usr/bin/python3 -W ignore:setup.py install is deprecated setup.py egg_info --egg-base ../../build/turtlebot build --build-base /home/ajak2k/Sriram_AjayShankar_ws/build/turtlebot/build install --record /home/ajak2k/Sriram_AjayShankar_ws/build/turtlebot/install.log --single-version-externally-managed install_data
[6.238s] Level 1:colcon.colcon_core.environment:checking '/home/ajak2k/Sriram_AjayShankar_ws/install/turtlebot' for CMake config files
[6.239s] Level 1:colcon.colcon_core.environment:checking '/home/ajak2k/Sriram_AjayShankar_ws/install/turtlebot/lib'
[6.239s] Level 1:colcon.colcon_core.environment:checking '/home/ajak2k/Sriram_AjayShankar_ws/install/turtlebot/bin'
[6.240s] Level 1:colcon.colcon_core.environment:checking '/home/ajak2k/Sriram_AjayShankar_ws/install/turtlebot/lib/pkgconfig/turtlebot.pc'
[6.240s] Level 1:colcon.colcon_core.environment:checking '/home/ajak2k/Sriram_AjayShankar_ws/install/turtlebot/lib/python3.10/site-packages'
[6.240s] Level 1:colcon.colcon_core.shell:create_environment_hook('turtlebot', 'pythonpath')
[6.241s] INFO:colcon.colcon_core.shell:Creating environment hook '/home/ajak2k/Sriram_AjayShankar_ws/install/turtlebot/share/turtlebot/hook/pythonpath.ps1'
[6.243s] INFO:colcon.colcon_core.shell:Creating environment descriptor '/home/ajak2k/Sriram_AjayShankar_ws/install/turtlebot/share/turtlebot/hook/pythonpath.dsv'
[6.244s] INFO:colcon.colcon_core.shell:Creating environment hook '/home/ajak2k/Sriram_AjayShankar_ws/install/turtlebot/share/turtlebot/hook/pythonpath.sh'
[6.247s] Level 1:colcon.colcon_core.environment:checking '/home/ajak2k/Sriram_AjayShankar_ws/install/turtlebot/bin'
[6.247s] Level 1:colcon.colcon_core.environment:create_environment_scripts_only(turtlebot)
[6.249s] INFO:colcon.colcon_core.shell:Creating package script '/home/ajak2k/Sriram_AjayShankar_ws/install/turtlebot/share/turtlebot/package.ps1'
[6.251s] INFO:colcon.colcon_core.shell:Creating package descriptor '/home/ajak2k/Sriram_AjayShankar_ws/install/turtlebot/share/turtlebot/package.dsv'
[6.252s] INFO:colcon.colcon_core.shell:Creating package script '/home/ajak2k/Sriram_AjayShankar_ws/install/turtlebot/share/turtlebot/package.sh'
[6.252s] INFO:colcon.colcon_core.shell:Creating package script '/home/ajak2k/Sriram_AjayShankar_ws/install/turtlebot/share/turtlebot/package.bash'
[6.253s] INFO:colcon.colcon_core.shell:Creating package script '/home/ajak2k/Sriram_AjayShankar_ws/install/turtlebot/share/turtlebot/package.zsh'
[6.253s] Level 1:colcon.colcon_core.environment:create_file_with_runtime_dependencies(/home/ajak2k/Sriram_AjayShankar_ws/install/turtlebot/share/colcon-core/packages/turtlebot)
[6.254s] DEBUG:colcon.colcon_parallel_executor.executor.parallel:closing loop
[6.255s] DEBUG:colcon.colcon_parallel_executor.executor.parallel:loop closed
[6.255s] DEBUG:colcon.colcon_parallel_executor.executor.parallel:run_until_complete finished with '0'
[6.255s] DEBUG:colcon.colcon_core.event_reactor:joining thread
[6.427s] INFO:colcon.colcon_core.plugin_system:Skipping extension 'colcon_notification.desktop_notification.notify_send': Could not find 'notify-send'
[6.427s] INFO:colcon.colcon_core.plugin_system:Skipping extension 'colcon_notification.desktop_notification.terminal_notifier': Not used on non-Darwin systems
[6.428s] INFO:colcon.colcon_core.plugin_system:Skipping extension 'colcon_notification.desktop_notification.win32': Not used on non-Windows systems
[6.428s] INFO:colcon.colcon_notification.desktop_notification:Sending desktop notification using 'notify2'
[6.428s] DEBUG:colcon.colcon_notification.desktop_notification.notify2:Failed to initialize notify2: org.freedesktop.DBus.Error.FileNotFound: Failed to connect to socket /run/user/1000/bus: No such file or directory
[6.429s] DEBUG:colcon.colcon_core.event_reactor:joined thread
[6.429s] INFO:colcon.colcon_core.shell:Creating prefix script '/home/ajak2k/Sriram_AjayShankar_ws/install/local_setup.ps1'
[6.431s] INFO:colcon.colcon_core.shell:Creating prefix util module '/home/ajak2k/Sriram_AjayShankar_ws/install/_local_setup_util_ps1.py'
[6.435s] INFO:colcon.colcon_core.shell:Creating prefix chain script '/home/ajak2k/Sriram_AjayShankar_ws/install/setup.ps1'
[6.439s] INFO:colcon.colcon_core.shell:Creating prefix script '/home/ajak2k/Sriram_AjayShankar_ws/install/local_setup.sh'
[6.440s] INFO:colcon.colcon_core.shell:Creating prefix util module '/home/ajak2k/Sriram_AjayShankar_ws/install/_local_setup_util_sh.py'
[6.441s] INFO:colcon.colcon_core.shell:Creating prefix chain script '/home/ajak2k/Sriram_AjayShankar_ws/install/setup.sh'
[6.446s] INFO:colcon.colcon_core.shell:Creating prefix script '/home/ajak2k/Sriram_AjayShankar_ws/install/local_setup.bash'
[6.447s] INFO:colcon.colcon_core.shell:Creating prefix chain script '/home/ajak2k/Sriram_AjayShankar_ws/install/setup.bash'
[6.449s] INFO:colcon.colcon_core.shell:Creating prefix script '/home/ajak2k/Sriram_AjayShankar_ws/install/local_setup.zsh'
[6.451s] INFO:colcon.colcon_core.shell:Creating prefix chain script '/home/ajak2k/Sriram_AjayShankar_ws/install/setup.zsh'
