[10.957s] Invoking command in '/home/ajak2k/Sriram_AjayShankar_ws/src/autoturtle': PYTHONPATH=/home/ajak2k/Sriram_AjayShankar_ws/build/autoturtle/prefix_override:/home/ajak2k/Sriram_AjayShankar_ws/install/autoturtle/lib/python3.10/site-packages:${PYTHONPATH} /usr/bin/python3 -W ignore:setup.py install is deprecated setup.py egg_info --egg-base ../../build/autoturtle build --build-base /home/ajak2k/Sriram_AjayShankar_ws/build/autoturtle/build install --record /home/ajak2k/Sriram_AjayShankar_ws/build/autoturtle/install.log --single-version-externally-managed install_data
[13.442s] running egg_info
[13.445s] writing ../../build/autoturtle/autoturtle.egg-info/PKG-INFO
[13.447s] writing dependency_links to ../../build/autoturtle/autoturtle.egg-info/dependency_links.txt
[13.447s] writing entry points to ../../build/autoturtle/autoturtle.egg-info/entry_points.txt
[13.449s] writing requirements to ../../build/autoturtle/autoturtle.egg-info/requires.txt
[13.452s] writing top-level names to ../../build/autoturtle/autoturtle.egg-info/top_level.txt
[13.456s] reading manifest file '../../build/autoturtle/autoturtle.egg-info/SOURCES.txt'
[13.459s] writing manifest file '../../build/autoturtle/autoturtle.egg-info/SOURCES.txt'
[13.460s] running build
[13.461s] running build_py
[13.472s] running install
[13.472s] running install_lib
[13.473s] running install_data
[13.474s] running install_egg_info
[13.489s] removing '/home/ajak2k/Sriram_AjayShankar_ws/install/autoturtle/lib/python3.10/site-packages/autoturtle-0.3.0-py3.10.egg-info' (and everything under it)
[13.490s] Copying ../../build/autoturtle/autoturtle.egg-info to /home/ajak2k/Sriram_AjayShankar_ws/install/autoturtle/lib/python3.10/site-packages/autoturtle-0.3.0-py3.10.egg-info
[13.493s] running install_scripts
[13.627s] Installing my_teleop_node script to /home/ajak2k/Sriram_AjayShankar_ws/install/autoturtle/lib/autoturtle
[13.628s] Installing swim_node script to /home/ajak2k/Sriram_AjayShankar_ws/install/autoturtle/lib/autoturtle
[13.628s] Installing swim_to_goal script to /home/ajak2k/Sriram_AjayShankar_ws/install/autoturtle/lib/autoturtle
[13.640s] writing list of installed files to '/home/ajak2k/Sriram_AjayShankar_ws/build/autoturtle/install.log'
[13.760s] Invoked command in '/home/ajak2k/Sriram_AjayShankar_ws/src/autoturtle' returned '0': PYTHONPATH=/home/ajak2k/Sriram_AjayShankar_ws/build/autoturtle/prefix_override:/home/ajak2k/Sriram_AjayShankar_ws/install/autoturtle/lib/python3.10/site-packages:${PYTHONPATH} /usr/bin/python3 -W ignore:setup.py install is deprecated setup.py egg_info --egg-base ../../build/autoturtle build --build-base /home/ajak2k/Sriram_AjayShankar_ws/build/autoturtle/build install --record /home/ajak2k/Sriram_AjayShankar_ws/build/autoturtle/install.log --single-version-externally-managed install_data
