[3.998s] Invoking command in '/home/ajak2k/Sriram_AjayShankar_ws/src/autoturtle': PYTHONPATH=/home/ajak2k/Sriram_AjayShankar_ws/build/autoturtle/prefix_override:/home/ajak2k/Sriram_AjayShankar_ws/install/autoturtle/lib/python3.10/site-packages:${PYTHONPATH} /usr/bin/python3 -W ignore:setup.py install is deprecated setup.py egg_info --egg-base ../../build/autoturtle build --build-base /home/ajak2k/Sriram_AjayShankar_ws/build/autoturtle/build install --record /home/ajak2k/Sriram_AjayShankar_ws/build/autoturtle/install.log --single-version-externally-managed install_data
[5.173s] running egg_info
[5.175s] writing ../../build/autoturtle/autoturtle.egg-info/PKG-INFO
[5.178s] writing dependency_links to ../../build/autoturtle/autoturtle.egg-info/dependency_links.txt
[5.179s] writing entry points to ../../build/autoturtle/autoturtle.egg-info/entry_points.txt
[5.199s] writing requirements to ../../build/autoturtle/autoturtle.egg-info/requires.txt
[5.199s] writing top-level names to ../../build/autoturtle/autoturtle.egg-info/top_level.txt
[5.200s] reading manifest file '../../build/autoturtle/autoturtle.egg-info/SOURCES.txt'
[5.212s] writing manifest file '../../build/autoturtle/autoturtle.egg-info/SOURCES.txt'
[5.213s] running build
[5.214s] running build_py
[5.215s] running install
[5.216s] running install_lib
[5.225s] running install_data
[5.226s] running install_egg_info
[5.230s] removing '/home/ajak2k/Sriram_AjayShankar_ws/install/autoturtle/lib/python3.10/site-packages/autoturtle-0.3.0-py3.10.egg-info' (and everything under it)
[5.233s] Copying ../../build/autoturtle/autoturtle.egg-info to /home/ajak2k/Sriram_AjayShankar_ws/install/autoturtle/lib/python3.10/site-packages/autoturtle-0.3.0-py3.10.egg-info
[5.238s] running install_scripts
[5.318s] Installing my_teleop_node script to /home/ajak2k/Sriram_AjayShankar_ws/install/autoturtle/lib/autoturtle
[5.321s] Installing swim_node script to /home/ajak2k/Sriram_AjayShankar_ws/install/autoturtle/lib/autoturtle
[5.321s] Installing swim_to_goal script to /home/ajak2k/Sriram_AjayShankar_ws/install/autoturtle/lib/autoturtle
[5.322s] writing list of installed files to '/home/ajak2k/Sriram_AjayShankar_ws/build/autoturtle/install.log'
[5.399s] Invoked command in '/home/ajak2k/Sriram_AjayShankar_ws/src/autoturtle' returned '0': PYTHONPATH=/home/ajak2k/Sriram_AjayShankar_ws/build/autoturtle/prefix_override:/home/ajak2k/Sriram_AjayShankar_ws/install/autoturtle/lib/python3.10/site-packages:${PYTHONPATH} /usr/bin/python3 -W ignore:setup.py install is deprecated setup.py egg_info --egg-base ../../build/autoturtle build --build-base /home/ajak2k/Sriram_AjayShankar_ws/build/autoturtle/build install --record /home/ajak2k/Sriram_AjayShankar_ws/build/autoturtle/install.log --single-version-externally-managed install_data
