[5.870s] Invoking command in '/home/ajak2k/Sriram_AjayShankar_ws/src/turtlebot': PYTHONPATH=/home/ajak2k/Sriram_AjayShankar_ws/build/turtlebot/prefix_override:/home/ajak2k/Sriram_AjayShankar_ws/install/turtlebot/lib/python3.10/site-packages:${PYTHONPATH} /usr/bin/python3 -W ignore:setup.py install is deprecated setup.py egg_info --egg-base ../../build/turtlebot build --build-base /home/ajak2k/Sriram_AjayShankar_ws/build/turtlebot/build install --record /home/ajak2k/Sriram_AjayShankar_ws/build/turtlebot/install.log --single-version-externally-managed install_data
[7.859s] running egg_info
[7.861s] writing ../../build/turtlebot/turtlebot.egg-info/PKG-INFO
[7.862s] writing dependency_links to ../../build/turtlebot/turtlebot.egg-info/dependency_links.txt
[7.874s] writing entry points to ../../build/turtlebot/turtlebot.egg-info/entry_points.txt
[7.875s] writing requirements to ../../build/turtlebot/turtlebot.egg-info/requires.txt
[7.875s] writing top-level names to ../../build/turtlebot/turtlebot.egg-info/top_level.txt
[7.888s] reading manifest file '../../build/turtlebot/turtlebot.egg-info/SOURCES.txt'
[7.897s] writing manifest file '../../build/turtlebot/turtlebot.egg-info/SOURCES.txt'
[7.897s] running build
[7.898s] running build_py
[7.898s] running install
[7.911s] running install_lib
[7.927s] running install_data
[7.927s] running install_egg_info
[7.937s] removing '/home/ajak2k/Sriram_AjayShankar_ws/install/turtlebot/lib/python3.10/site-packages/turtlebot-0.2.0-py3.10.egg-info' (and everything under it)
[7.937s] Copying ../../build/turtlebot/turtlebot.egg-info to /home/ajak2k/Sriram_AjayShankar_ws/install/turtlebot/lib/python3.10/site-packages/turtlebot-0.2.0-py3.10.egg-info
[7.947s] running install_scripts
[8.153s] Installing motion_planner script to /home/ajak2k/Sriram_AjayShankar_ws/install/turtlebot/lib/turtlebot
[8.153s] Installing pid_controller script to /home/ajak2k/Sriram_AjayShankar_ws/install/turtlebot/lib/turtlebot
[8.153s] writing list of installed files to '/home/ajak2k/Sriram_AjayShankar_ws/build/turtlebot/install.log'
[8.276s] Invoked command in '/home/ajak2k/Sriram_AjayShankar_ws/src/turtlebot' returned '0': PYTHONPATH=/home/ajak2k/Sriram_AjayShankar_ws/build/turtlebot/prefix_override:/home/ajak2k/Sriram_AjayShankar_ws/install/turtlebot/lib/python3.10/site-packages:${PYTHONPATH} /usr/bin/python3 -W ignore:setup.py install is deprecated setup.py egg_info --egg-base ../../build/turtlebot build --build-base /home/ajak2k/Sriram_AjayShankar_ws/build/turtlebot/build install --record /home/ajak2k/Sriram_AjayShankar_ws/build/turtlebot/install.log --single-version-externally-managed install_data
