running egg_info
writing ../../build/autoturtle/autoturtle.egg-info/PKG-INFO
writing dependency_links to ../../build/autoturtle/autoturtle.egg-info/dependency_links.txt
writing entry points to ../../build/autoturtle/autoturtle.egg-info/entry_points.txt
writing requirements to ../../build/autoturtle/autoturtle.egg-info/requires.txt
writing top-level names to ../../build/autoturtle/autoturtle.egg-info/top_level.txt
reading manifest file '../../build/autoturtle/autoturtle.egg-info/SOURCES.txt'
writing manifest file '../../build/autoturtle/autoturtle.egg-info/SOURCES.txt'
running build
running build_py
copying autoturtle/swim_to_goal.py -> /home/ajak2k/Sriram_AjayShankar_ws/build/autoturtle/build/lib/autoturtle
running install
running install_lib
copying /home/ajak2k/Sriram_AjayShankar_ws/build/autoturtle/build/lib/autoturtle/swim_to_goal.py -> /home/ajak2k/Sriram_AjayShankar_ws/install/autoturtle/lib/python3.10/site-packages/autoturtle
byte-compiling /home/ajak2k/Sriram_AjayShankar_ws/install/autoturtle/lib/python3.10/site-packages/autoturtle/swim_to_goal.py to swim_to_goal.cpython-310.pyc
running install_data
running install_egg_info
removing '/home/ajak2k/Sriram_AjayShankar_ws/install/autoturtle/lib/python3.10/site-packages/autoturtle-0.0.0-py3.10.egg-info' (and everything under it)
Copying ../../build/autoturtle/autoturtle.egg-info to /home/ajak2k/Sriram_AjayShankar_ws/install/autoturtle/lib/python3.10/site-packages/autoturtle-0.0.0-py3.10.egg-info
running install_scripts
Installing my_teleop_node script to /home/ajak2k/Sriram_AjayShankar_ws/install/autoturtle/lib/autoturtle
Installing swim_to_goal script to /home/ajak2k/Sriram_AjayShankar_ws/install/autoturtle/lib/autoturtle
writing list of installed files to '/home/ajak2k/Sriram_AjayShankar_ws/build/autoturtle/install.log'
