[3.949s] Invoking command in '/home/ajak2k/Sriram_AjayShankar_ws/src/autoturtle': PYTHONPATH=/home/ajak2k/Sriram_AjayShankar_ws/build/autoturtle/prefix_override:/home/ajak2k/Sriram_AjayShankar_ws/install/autoturtle/lib/python3.10/site-packages:${PYTHONPATH} /usr/bin/python3 -W ignore:setup.py install is deprecated setup.py egg_info --egg-base ../../build/autoturtle build --build-base /home/ajak2k/Sriram_AjayShankar_ws/build/autoturtle/build install --record /home/ajak2k/Sriram_AjayShankar_ws/build/autoturtle/install.log --single-version-externally-managed install_data
[4.792s] running egg_info
[4.795s] writing ../../build/autoturtle/autoturtle.egg-info/PKG-INFO
[4.795s] writing dependency_links to ../../build/autoturtle/autoturtle.egg-info/dependency_links.txt
[4.796s] writing entry points to ../../build/autoturtle/autoturtle.egg-info/entry_points.txt
[4.796s] writing requirements to ../../build/autoturtle/autoturtle.egg-info/requires.txt
[4.797s] writing top-level names to ../../build/autoturtle/autoturtle.egg-info/top_level.txt
[4.802s] reading manifest file '../../build/autoturtle/autoturtle.egg-info/SOURCES.txt'
[4.804s] writing manifest file '../../build/autoturtle/autoturtle.egg-info/SOURCES.txt'
[4.804s] running build
[4.804s] running build_py
[4.805s] running install
[4.806s] running install_lib
[4.808s] running install_data
[4.809s] running install_egg_info
[4.812s] removing '/home/ajak2k/Sriram_AjayShankar_ws/install/autoturtle/lib/python3.10/site-packages/autoturtle-0.3.0-py3.10.egg-info' (and everything under it)
[4.813s] Copying ../../build/autoturtle/autoturtle.egg-info to /home/ajak2k/Sriram_AjayShankar_ws/install/autoturtle/lib/python3.10/site-packages/autoturtle-0.3.0-py3.10.egg-info
[4.815s] running install_scripts
[4.932s] Installing my_teleop_node script to /home/ajak2k/Sriram_AjayShankar_ws/install/autoturtle/lib/autoturtle
[4.933s] Installing swim_node script to /home/ajak2k/Sriram_AjayShankar_ws/install/autoturtle/lib/autoturtle
[4.934s] Installing swim_to_goal script to /home/ajak2k/Sriram_AjayShankar_ws/install/autoturtle/lib/autoturtle
[4.934s] writing list of installed files to '/home/ajak2k/Sriram_AjayShankar_ws/build/autoturtle/install.log'
[4.983s] Invoked command in '/home/ajak2k/Sriram_AjayShankar_ws/src/autoturtle' returned '0': PYTHONPATH=/home/ajak2k/Sriram_AjayShankar_ws/build/autoturtle/prefix_override:/home/ajak2k/Sriram_AjayShankar_ws/install/autoturtle/lib/python3.10/site-packages:${PYTHONPATH} /usr/bin/python3 -W ignore:setup.py install is deprecated setup.py egg_info --egg-base ../../build/autoturtle build --build-base /home/ajak2k/Sriram_AjayShankar_ws/build/autoturtle/build install --record /home/ajak2k/Sriram_AjayShankar_ws/build/autoturtle/install.log --single-version-externally-managed install_data
