[1.488s] Invoking command in '/home/ajak2k/Sriram_AjayShankar_ws/src/turtlebot': PYTHONPATH=/home/ajak2k/Sriram_AjayShankar_ws/build/turtlebot/prefix_override:/home/ajak2k/Sriram_AjayShankar_ws/install/turtlebot/lib/python3.10/site-packages:${PYTHONPATH} /usr/bin/python3 -W ignore:setup.py install is deprecated setup.py egg_info --egg-base ../../build/turtlebot build --build-base /home/ajak2k/Sriram_AjayShankar_ws/build/turtlebot/build install --record /home/ajak2k/Sriram_AjayShankar_ws/build/turtlebot/install.log --single-version-externally-managed install_data
[1.915s] running egg_info
[1.916s] writing ../../build/turtlebot/turtlebot.egg-info/PKG-INFO
[1.916s] writing dependency_links to ../../build/turtlebot/turtlebot.egg-info/dependency_links.txt
[1.917s] writing entry points to ../../build/turtlebot/turtlebot.egg-info/entry_points.txt
[1.917s] writing requirements to ../../build/turtlebot/turtlebot.egg-info/requires.txt
[1.918s] writing top-level names to ../../build/turtlebot/turtlebot.egg-info/top_level.txt
[1.920s] reading manifest file '../../build/turtlebot/turtlebot.egg-info/SOURCES.txt'
[1.921s] writing manifest file '../../build/turtlebot/turtlebot.egg-info/SOURCES.txt'
[1.922s] running build
[1.922s] running build_py
[1.922s] copying turtlebot/rrt_node.py -> /home/ajak2k/Sriram_AjayShankar_ws/build/turtlebot/build/lib/turtlebot
[1.923s] running install
[1.923s] running install_lib
[1.924s] copying /home/ajak2k/Sriram_AjayShankar_ws/build/turtlebot/build/lib/turtlebot/rrt_node.py -> /home/ajak2k/Sriram_AjayShankar_ws/install/turtlebot/lib/python3.10/site-packages/turtlebot
[1.925s] byte-compiling /home/ajak2k/Sriram_AjayShankar_ws/install/turtlebot/lib/python3.10/site-packages/turtlebot/rrt_node.py to rrt_node.cpython-310.pyc
[1.927s] running install_data
[1.928s] running install_egg_info
[1.931s] removing '/home/ajak2k/Sriram_AjayShankar_ws/install/turtlebot/lib/python3.10/site-packages/turtlebot-0.4.0-py3.10.egg-info' (and everything under it)
[1.931s] Copying ../../build/turtlebot/turtlebot.egg-info to /home/ajak2k/Sriram_AjayShankar_ws/install/turtlebot/lib/python3.10/site-packages/turtlebot-0.4.0-py3.10.egg-info
[1.933s] running install_scripts
[1.965s] Installing map_reader_template script to /home/ajak2k/Sriram_AjayShankar_ws/install/turtlebot/lib/turtlebot
[1.966s] Installing motion_planner script to /home/ajak2k/Sriram_AjayShankar_ws/install/turtlebot/lib/turtlebot
[1.966s] Installing pid_controller script to /home/ajak2k/Sriram_AjayShankar_ws/install/turtlebot/lib/turtlebot
[1.966s] Installing rrt script to /home/ajak2k/Sriram_AjayShankar_ws/install/turtlebot/lib/turtlebot
[1.966s] Installing rrt_node script to /home/ajak2k/Sriram_AjayShankar_ws/install/turtlebot/lib/turtlebot
[1.967s] writing list of installed files to '/home/ajak2k/Sriram_AjayShankar_ws/build/turtlebot/install.log'
[2.000s] Invoked command in '/home/ajak2k/Sriram_AjayShankar_ws/src/turtlebot' returned '0': PYTHONPATH=/home/ajak2k/Sriram_AjayShankar_ws/build/turtlebot/prefix_override:/home/ajak2k/Sriram_AjayShankar_ws/install/turtlebot/lib/python3.10/site-packages:${PYTHONPATH} /usr/bin/python3 -W ignore:setup.py install is deprecated setup.py egg_info --egg-base ../../build/turtlebot build --build-base /home/ajak2k/Sriram_AjayShankar_ws/build/turtlebot/build install --record /home/ajak2k/Sriram_AjayShankar_ws/build/turtlebot/install.log --single-version-externally-managed install_data
