[1.014s] Invoking command in '/home/ajak2k/Sriram_AjayShankar_ws/src/turtlebot': PYTHONPATH=/home/ajak2k/Sriram_AjayShankar_ws/build/turtlebot/prefix_override:/home/ajak2k/Sriram_AjayShankar_ws/install/turtlebot/lib/python3.10/site-packages:${PYTHONPATH} /usr/bin/python3 -W ignore:setup.py install is deprecated setup.py egg_info --egg-base ../../build/turtlebot build --build-base /home/ajak2k/Sriram_AjayShankar_ws/build/turtlebot/build install --record /home/ajak2k/Sriram_AjayShankar_ws/build/turtlebot/install.log --single-version-externally-managed install_data
[1.322s] running egg_info
[1.323s] writing ../../build/turtlebot/turtlebot.egg-info/PKG-INFO
[1.324s] writing dependency_links to ../../build/turtlebot/turtlebot.egg-info/dependency_links.txt
[1.324s] writing entry points to ../../build/turtlebot/turtlebot.egg-info/entry_points.txt
[1.324s] writing requirements to ../../build/turtlebot/turtlebot.egg-info/requires.txt
[1.324s] writing top-level names to ../../build/turtlebot/turtlebot.egg-info/top_level.txt
[1.327s] reading manifest file '../../build/turtlebot/turtlebot.egg-info/SOURCES.txt'
[1.329s] writing manifest file '../../build/turtlebot/turtlebot.egg-info/SOURCES.txt'
[1.330s] running build
[1.331s] running build_py
[1.331s] running install
[1.331s] running install_lib
[1.332s] running install_data
[1.332s] running install_egg_info
[1.334s] removing '/home/ajak2k/Sriram_AjayShankar_ws/install/turtlebot/lib/python3.10/site-packages/turtlebot-0.2.0-py3.10.egg-info' (and everything under it)
[1.335s] Copying ../../build/turtlebot/turtlebot.egg-info to /home/ajak2k/Sriram_AjayShankar_ws/install/turtlebot/lib/python3.10/site-packages/turtlebot-0.2.0-py3.10.egg-info
[1.337s] running install_scripts
[1.361s] Installing motion_planner script to /home/ajak2k/Sriram_AjayShankar_ws/install/turtlebot/lib/turtlebot
[1.361s] Installing pid_controller script to /home/ajak2k/Sriram_AjayShankar_ws/install/turtlebot/lib/turtlebot
[1.361s] writing list of installed files to '/home/ajak2k/Sriram_AjayShankar_ws/build/turtlebot/install.log'
[1.386s] Invoked command in '/home/ajak2k/Sriram_AjayShankar_ws/src/turtlebot' returned '0': PYTHONPATH=/home/ajak2k/Sriram_AjayShankar_ws/build/turtlebot/prefix_override:/home/ajak2k/Sriram_AjayShankar_ws/install/turtlebot/lib/python3.10/site-packages:${PYTHONPATH} /usr/bin/python3 -W ignore:setup.py install is deprecated setup.py egg_info --egg-base ../../build/turtlebot build --build-base /home/ajak2k/Sriram_AjayShankar_ws/build/turtlebot/build install --record /home/ajak2k/Sriram_AjayShankar_ws/build/turtlebot/install.log --single-version-externally-managed install_data
