[10.103s] Invoking command in '/home/ajak2k/Sriram_AjayShankar_ws/src/autoturtle': PYTHONPATH=/home/ajak2k/Sriram_AjayShankar_ws/build/autoturtle/prefix_override:/home/ajak2k/Sriram_AjayShankar_ws/install/autoturtle/lib/python3.10/site-packages:${PYTHONPATH} /usr/bin/python3 -W ignore:setup.py install is deprecated setup.py egg_info --egg-base ../../build/autoturtle build --build-base /home/ajak2k/Sriram_AjayShankar_ws/build/autoturtle/build install --record /home/ajak2k/Sriram_AjayShankar_ws/build/autoturtle/install.log --single-version-externally-managed install_data
[12.762s] running egg_info
[12.763s] writing ../../build/autoturtle/autoturtle.egg-info/PKG-INFO
[12.764s] writing dependency_links to ../../build/autoturtle/autoturtle.egg-info/dependency_links.txt
[12.765s] writing entry points to ../../build/autoturtle/autoturtle.egg-info/entry_points.txt
[12.766s] writing requirements to ../../build/autoturtle/autoturtle.egg-info/requires.txt
[12.766s] writing top-level names to ../../build/autoturtle/autoturtle.egg-info/top_level.txt
[12.779s] reading manifest file '../../build/autoturtle/autoturtle.egg-info/SOURCES.txt'
[12.788s] writing manifest file '../../build/autoturtle/autoturtle.egg-info/SOURCES.txt'
[12.789s] running build
[12.790s] running build_py
[12.792s] running install
[12.794s] running install_lib
[12.805s] running install_data
[12.808s] running install_egg_info
[12.823s] removing '/home/ajak2k/Sriram_AjayShankar_ws/install/autoturtle/lib/python3.10/site-packages/autoturtle-0.3.0-py3.10.egg-info' (and everything under it)
[12.824s] Copying ../../build/autoturtle/autoturtle.egg-info to /home/ajak2k/Sriram_AjayShankar_ws/install/autoturtle/lib/python3.10/site-packages/autoturtle-0.3.0-py3.10.egg-info
[12.834s] running install_scripts
[13.003s] Installing my_teleop_node script to /home/ajak2k/Sriram_AjayShankar_ws/install/autoturtle/lib/autoturtle
[13.005s] Installing swim_node script to /home/ajak2k/Sriram_AjayShankar_ws/install/autoturtle/lib/autoturtle
[13.005s] Installing swim_to_goal script to /home/ajak2k/Sriram_AjayShankar_ws/install/autoturtle/lib/autoturtle
[13.007s] writing list of installed files to '/home/ajak2k/Sriram_AjayShankar_ws/build/autoturtle/install.log'
[13.159s] Invoked command in '/home/ajak2k/Sriram_AjayShankar_ws/src/autoturtle' returned '0': PYTHONPATH=/home/ajak2k/Sriram_AjayShankar_ws/build/autoturtle/prefix_override:/home/ajak2k/Sriram_AjayShankar_ws/install/autoturtle/lib/python3.10/site-packages:${PYTHONPATH} /usr/bin/python3 -W ignore:setup.py install is deprecated setup.py egg_info --egg-base ../../build/autoturtle build --build-base /home/ajak2k/Sriram_AjayShankar_ws/build/autoturtle/build install --record /home/ajak2k/Sriram_AjayShankar_ws/build/autoturtle/install.log --single-version-externally-managed install_data
