[3.016s] Invoking command in '/home/ajak2k/Sriram_AjayShankar_ws/src/turtlebot': PYTHONPATH=/home/ajak2k/Sriram_AjayShankar_ws/build/turtlebot/prefix_override:/home/ajak2k/Sriram_AjayShankar_ws/install/turtlebot/lib/python3.10/site-packages:${PYTHONPATH} /usr/bin/python3 -W ignore:setup.py install is deprecated setup.py egg_info --egg-base ../../build/turtlebot build --build-base /home/ajak2k/Sriram_AjayShankar_ws/build/turtlebot/build install --record /home/ajak2k/Sriram_AjayShankar_ws/build/turtlebot/install.log --single-version-externally-managed install_data
[3.986s] running egg_info
[3.989s] writing ../../build/turtlebot/turtlebot.egg-info/PKG-INFO
[3.990s] writing dependency_links to ../../build/turtlebot/turtlebot.egg-info/dependency_links.txt
[3.990s] writing entry points to ../../build/turtlebot/turtlebot.egg-info/entry_points.txt
[3.991s] writing requirements to ../../build/turtlebot/turtlebot.egg-info/requires.txt
[3.991s] writing top-level names to ../../build/turtlebot/turtlebot.egg-info/top_level.txt
[3.995s] reading manifest file '../../build/turtlebot/turtlebot.egg-info/SOURCES.txt'
[3.996s] writing manifest file '../../build/turtlebot/turtlebot.egg-info/SOURCES.txt'
[3.996s] running build
[3.997s] running build_py
[3.997s] copying turtlebot/motion_planner.py -> /home/ajak2k/Sriram_AjayShankar_ws/build/turtlebot/build/lib/turtlebot
[3.998s] copying turtlebot/rrt_node.py -> /home/ajak2k/Sriram_AjayShankar_ws/build/turtlebot/build/lib/turtlebot
[3.998s] running install
[3.998s] running install_lib
[4.000s] copying /home/ajak2k/Sriram_AjayShankar_ws/build/turtlebot/build/lib/turtlebot/motion_planner.py -> /home/ajak2k/Sriram_AjayShankar_ws/install/turtlebot/lib/python3.10/site-packages/turtlebot
[4.001s] copying /home/ajak2k/Sriram_AjayShankar_ws/build/turtlebot/build/lib/turtlebot/rrt_node.py -> /home/ajak2k/Sriram_AjayShankar_ws/install/turtlebot/lib/python3.10/site-packages/turtlebot
[4.001s] byte-compiling /home/ajak2k/Sriram_AjayShankar_ws/install/turtlebot/lib/python3.10/site-packages/turtlebot/motion_planner.py to motion_planner.cpython-310.pyc
[4.002s] byte-compiling /home/ajak2k/Sriram_AjayShankar_ws/install/turtlebot/lib/python3.10/site-packages/turtlebot/rrt_node.py to rrt_node.cpython-310.pyc
[4.004s] running install_data
[4.004s] running install_egg_info
[4.007s] removing '/home/ajak2k/Sriram_AjayShankar_ws/install/turtlebot/lib/python3.10/site-packages/turtlebot-0.4.0-py3.10.egg-info' (and everything under it)
[4.007s] Copying ../../build/turtlebot/turtlebot.egg-info to /home/ajak2k/Sriram_AjayShankar_ws/install/turtlebot/lib/python3.10/site-packages/turtlebot-0.4.0-py3.10.egg-info
[4.009s] running install_scripts
[4.043s] Installing map_reader_template script to /home/ajak2k/Sriram_AjayShankar_ws/install/turtlebot/lib/turtlebot
[4.044s] Installing motion_planner script to /home/ajak2k/Sriram_AjayShankar_ws/install/turtlebot/lib/turtlebot
[4.045s] Installing pid_controller script to /home/ajak2k/Sriram_AjayShankar_ws/install/turtlebot/lib/turtlebot
[4.046s] Installing rrt script to /home/ajak2k/Sriram_AjayShankar_ws/install/turtlebot/lib/turtlebot
[4.046s] Installing rrt_node script to /home/ajak2k/Sriram_AjayShankar_ws/install/turtlebot/lib/turtlebot
[4.046s] writing list of installed files to '/home/ajak2k/Sriram_AjayShankar_ws/build/turtlebot/install.log'
[4.158s] Invoked command in '/home/ajak2k/Sriram_AjayShankar_ws/src/turtlebot' returned '0': PYTHONPATH=/home/ajak2k/Sriram_AjayShankar_ws/build/turtlebot/prefix_override:/home/ajak2k/Sriram_AjayShankar_ws/install/turtlebot/lib/python3.10/site-packages:${PYTHONPATH} /usr/bin/python3 -W ignore:setup.py install is deprecated setup.py egg_info --egg-base ../../build/turtlebot build --build-base /home/ajak2k/Sriram_AjayShankar_ws/build/turtlebot/build install --record /home/ajak2k/Sriram_AjayShankar_ws/build/turtlebot/install.log --single-version-externally-managed install_data
