[1.091s] Invoking command in '/home/ajak2k/Sriram_AjayShankar_ws/src/turtlebot': PYTHONPATH=/home/ajak2k/Sriram_AjayShankar_ws/build/turtlebot/prefix_override:/home/ajak2k/Sriram_AjayShankar_ws/install/turtlebot/lib/python3.10/site-packages:${PYTHONPATH} /usr/bin/python3 -W ignore:setup.py install is deprecated setup.py egg_info --egg-base ../../build/turtlebot build --build-base /home/ajak2k/Sriram_AjayShankar_ws/build/turtlebot/build install --record /home/ajak2k/Sriram_AjayShankar_ws/build/turtlebot/install.log --single-version-externally-managed install_data
[1.391s] running egg_info
[1.392s] writing ../../build/turtlebot/turtlebot.egg-info/PKG-INFO
[1.392s] writing dependency_links to ../../build/turtlebot/turtlebot.egg-info/dependency_links.txt
[1.393s] writing entry points to ../../build/turtlebot/turtlebot.egg-info/entry_points.txt
[1.393s] writing requirements to ../../build/turtlebot/turtlebot.egg-info/requires.txt
[1.393s] writing top-level names to ../../build/turtlebot/turtlebot.egg-info/top_level.txt
[1.395s] reading manifest file '../../build/turtlebot/turtlebot.egg-info/SOURCES.txt'
[1.396s] writing manifest file '../../build/turtlebot/turtlebot.egg-info/SOURCES.txt'
[1.396s] running build
[1.396s] running build_py
[1.397s] running install
[1.397s] running install_lib
[1.398s] running install_data
[1.398s] running install_egg_info
[1.400s] removing '/home/ajak2k/Sriram_AjayShankar_ws/install/turtlebot/lib/python3.10/site-packages/turtlebot-0.2.0-py3.10.egg-info' (and everything under it)
[1.400s] Copying ../../build/turtlebot/turtlebot.egg-info to /home/ajak2k/Sriram_AjayShankar_ws/install/turtlebot/lib/python3.10/site-packages/turtlebot-0.2.0-py3.10.egg-info
[1.401s] running install_scripts
[1.421s] Installing motion_planner script to /home/ajak2k/Sriram_AjayShankar_ws/install/turtlebot/lib/turtlebot
[1.422s] Installing pid_controller script to /home/ajak2k/Sriram_AjayShankar_ws/install/turtlebot/lib/turtlebot
[1.422s] writing list of installed files to '/home/ajak2k/Sriram_AjayShankar_ws/build/turtlebot/install.log'
[1.455s] Invoked command in '/home/ajak2k/Sriram_AjayShankar_ws/src/turtlebot' returned '0': PYTHONPATH=/home/ajak2k/Sriram_AjayShankar_ws/build/turtlebot/prefix_override:/home/ajak2k/Sriram_AjayShankar_ws/install/turtlebot/lib/python3.10/site-packages:${PYTHONPATH} /usr/bin/python3 -W ignore:setup.py install is deprecated setup.py egg_info --egg-base ../../build/turtlebot build --build-base /home/ajak2k/Sriram_AjayShankar_ws/build/turtlebot/build install --record /home/ajak2k/Sriram_AjayShankar_ws/build/turtlebot/install.log --single-version-externally-managed install_data
