[4.759s] Invoking command in '/home/ajak2k/Sriram_AjayShankar_ws/src/turtlebot': PYTHONPATH=/home/ajak2k/Sriram_AjayShankar_ws/build/turtlebot/prefix_override:/home/ajak2k/Sriram_AjayShankar_ws/install/turtlebot/lib/python3.10/site-packages:${PYTHONPATH} /usr/bin/python3 -W ignore:setup.py install is deprecated setup.py egg_info --egg-base ../../build/turtlebot build --build-base /home/ajak2k/Sriram_AjayShankar_ws/build/turtlebot/build install --record /home/ajak2k/Sriram_AjayShankar_ws/build/turtlebot/install.log --single-version-externally-managed install_data
[5.991s] running egg_info
[5.995s] writing ../../build/turtlebot/turtlebot.egg-info/PKG-INFO
[5.996s] writing dependency_links to ../../build/turtlebot/turtlebot.egg-info/dependency_links.txt
[5.997s] writing entry points to ../../build/turtlebot/turtlebot.egg-info/entry_points.txt
[5.998s] writing requirements to ../../build/turtlebot/turtlebot.egg-info/requires.txt
[5.999s] writing top-level names to ../../build/turtlebot/turtlebot.egg-info/top_level.txt
[6.006s] reading manifest file '../../build/turtlebot/turtlebot.egg-info/SOURCES.txt'
[6.010s] writing manifest file '../../build/turtlebot/turtlebot.egg-info/SOURCES.txt'
[6.011s] running build
[6.012s] running build_py
[6.015s] running install
[6.016s] running install_lib
[6.020s] byte-compiling /home/ajak2k/Sriram_AjayShankar_ws/install/turtlebot/lib/python3.10/site-packages/turtlebot/pid_controller.py to pid_controller.cpython-310.pyc
[6.026s] Sorry: IndentationError: expected an indented block after 'else' statement on line 148 (pid_controller.py, line 150)
[6.026s] running install_data
[6.027s] running install_egg_info
[6.032s] removing '/home/ajak2k/Sriram_AjayShankar_ws/install/turtlebot/lib/python3.10/site-packages/turtlebot-0.2.0-py3.10.egg-info' (and everything under it)
[6.033s] Copying ../../build/turtlebot/turtlebot.egg-info to /home/ajak2k/Sriram_AjayShankar_ws/install/turtlebot/lib/python3.10/site-packages/turtlebot-0.2.0-py3.10.egg-info
[6.037s] running install_scripts
[6.116s] Installing motion_planner script to /home/ajak2k/Sriram_AjayShankar_ws/install/turtlebot/lib/turtlebot
[6.117s] Installing pid_controller script to /home/ajak2k/Sriram_AjayShankar_ws/install/turtlebot/lib/turtlebot
[6.118s] writing list of installed files to '/home/ajak2k/Sriram_AjayShankar_ws/build/turtlebot/install.log'
[6.200s] Invoked command in '/home/ajak2k/Sriram_AjayShankar_ws/src/turtlebot' returned '0': PYTHONPATH=/home/ajak2k/Sriram_AjayShankar_ws/build/turtlebot/prefix_override:/home/ajak2k/Sriram_AjayShankar_ws/install/turtlebot/lib/python3.10/site-packages:${PYTHONPATH} /usr/bin/python3 -W ignore:setup.py install is deprecated setup.py egg_info --egg-base ../../build/turtlebot build --build-base /home/ajak2k/Sriram_AjayShankar_ws/build/turtlebot/build install --record /home/ajak2k/Sriram_AjayShankar_ws/build/turtlebot/install.log --single-version-externally-managed install_data
