[4.669s] Invoking command in '/home/ajak2k/Sriram_AjayShankar_ws/src/turtlebot': PYTHONPATH=/home/ajak2k/Sriram_AjayShankar_ws/build/turtlebot/prefix_override:/home/ajak2k/Sriram_AjayShankar_ws/install/turtlebot/lib/python3.10/site-packages:${PYTHONPATH} /usr/bin/python3 -W ignore:setup.py install is deprecated setup.py egg_info --egg-base ../../build/turtlebot build --build-base /home/ajak2k/Sriram_AjayShankar_ws/build/turtlebot/build install --record /home/ajak2k/Sriram_AjayShankar_ws/build/turtlebot/install.log --single-version-externally-managed install_data
[5.862s] running egg_info
[5.865s] writing ../../build/turtlebot/turtlebot.egg-info/PKG-INFO
[5.865s] writing dependency_links to ../../build/turtlebot/turtlebot.egg-info/dependency_links.txt
[5.866s] writing entry points to ../../build/turtlebot/turtlebot.egg-info/entry_points.txt
[5.866s] writing requirements to ../../build/turtlebot/turtlebot.egg-info/requires.txt
[5.866s] writing top-level names to ../../build/turtlebot/turtlebot.egg-info/top_level.txt
[5.875s] reading manifest file '../../build/turtlebot/turtlebot.egg-info/SOURCES.txt'
[5.878s] writing manifest file '../../build/turtlebot/turtlebot.egg-info/SOURCES.txt'
[5.878s] running build
[5.879s] running build_py
[5.879s] running install
[5.879s] running install_lib
[5.884s] running install_data
[5.885s] running install_egg_info
[5.891s] removing '/home/ajak2k/Sriram_AjayShankar_ws/install/turtlebot/lib/python3.10/site-packages/turtlebot-0.2.0-py3.10.egg-info' (and everything under it)
[5.891s] Copying ../../build/turtlebot/turtlebot.egg-info to /home/ajak2k/Sriram_AjayShankar_ws/install/turtlebot/lib/python3.10/site-packages/turtlebot-0.2.0-py3.10.egg-info
[5.895s] running install_scripts
[5.966s] Installing motion_planner script to /home/ajak2k/Sriram_AjayShankar_ws/install/turtlebot/lib/turtlebot
[5.966s] Installing pid_controller script to /home/ajak2k/Sriram_AjayShankar_ws/install/turtlebot/lib/turtlebot
[5.968s] writing list of installed files to '/home/ajak2k/Sriram_AjayShankar_ws/build/turtlebot/install.log'
[6.072s] Invoked command in '/home/ajak2k/Sriram_AjayShankar_ws/src/turtlebot' returned '0': PYTHONPATH=/home/ajak2k/Sriram_AjayShankar_ws/build/turtlebot/prefix_override:/home/ajak2k/Sriram_AjayShankar_ws/install/turtlebot/lib/python3.10/site-packages:${PYTHONPATH} /usr/bin/python3 -W ignore:setup.py install is deprecated setup.py egg_info --egg-base ../../build/turtlebot build --build-base /home/ajak2k/Sriram_AjayShankar_ws/build/turtlebot/build install --record /home/ajak2k/Sriram_AjayShankar_ws/build/turtlebot/install.log --single-version-externally-managed install_data
