[1.580s] Invoking command in '/home/ajak2k/Sriram_AjayShankar_ws/src/turtlebot': PYTHONPATH=/home/ajak2k/Sriram_AjayShankar_ws/build/turtlebot/prefix_override:/home/ajak2k/Sriram_AjayShankar_ws/install/turtlebot/lib/python3.10/site-packages:${PYTHONPATH} /usr/bin/python3 -W ignore:setup.py install is deprecated setup.py egg_info --egg-base ../../build/turtlebot build --build-base /home/ajak2k/Sriram_AjayShankar_ws/build/turtlebot/build install --record /home/ajak2k/Sriram_AjayShankar_ws/build/turtlebot/install.log --single-version-externally-managed install_data
[2.061s] running egg_info
[2.063s] writing ../../build/turtlebot/turtlebot.egg-info/PKG-INFO
[2.063s] writing dependency_links to ../../build/turtlebot/turtlebot.egg-info/dependency_links.txt
[2.063s] writing entry points to ../../build/turtlebot/turtlebot.egg-info/entry_points.txt
[2.064s] writing requirements to ../../build/turtlebot/turtlebot.egg-info/requires.txt
[2.064s] writing top-level names to ../../build/turtlebot/turtlebot.egg-info/top_level.txt
[2.068s] reading manifest file '../../build/turtlebot/turtlebot.egg-info/SOURCES.txt'
[2.069s] writing manifest file '../../build/turtlebot/turtlebot.egg-info/SOURCES.txt'
[2.069s] running build
[2.070s] running build_py
[2.070s] running install
[2.070s] running install_lib
[2.089s] running install_data
[2.090s] running install_egg_info
[2.094s] removing '/home/ajak2k/Sriram_AjayShankar_ws/install/turtlebot/lib/python3.10/site-packages/turtlebot-0.2.0-py3.10.egg-info' (and everything under it)
[2.096s] Copying ../../build/turtlebot/turtlebot.egg-info to /home/ajak2k/Sriram_AjayShankar_ws/install/turtlebot/lib/python3.10/site-packages/turtlebot-0.2.0-py3.10.egg-info
[2.098s] running install_scripts
[2.156s] Installing motion_planner script to /home/ajak2k/Sriram_AjayShankar_ws/install/turtlebot/lib/turtlebot
[2.157s] Installing pid_controller script to /home/ajak2k/Sriram_AjayShankar_ws/install/turtlebot/lib/turtlebot
[2.158s] writing list of installed files to '/home/ajak2k/Sriram_AjayShankar_ws/build/turtlebot/install.log'
[2.209s] Invoked command in '/home/ajak2k/Sriram_AjayShankar_ws/src/turtlebot' returned '0': PYTHONPATH=/home/ajak2k/Sriram_AjayShankar_ws/build/turtlebot/prefix_override:/home/ajak2k/Sriram_AjayShankar_ws/install/turtlebot/lib/python3.10/site-packages:${PYTHONPATH} /usr/bin/python3 -W ignore:setup.py install is deprecated setup.py egg_info --egg-base ../../build/turtlebot build --build-base /home/ajak2k/Sriram_AjayShankar_ws/build/turtlebot/build install --record /home/ajak2k/Sriram_AjayShankar_ws/build/turtlebot/install.log --single-version-externally-managed install_data
