[5.686s] Invoking command in '/home/ajak2k/Sriram_AjayShankar_ws/src/turtlebot': PYTHONPATH=/home/ajak2k/Sriram_AjayShankar_ws/build/turtlebot/prefix_override:/home/ajak2k/Sriram_AjayShankar_ws/install/turtlebot/lib/python3.10/site-packages:${PYTHONPATH} /usr/bin/python3 -W ignore:setup.py install is deprecated setup.py egg_info --egg-base ../../build/turtlebot build --build-base /home/ajak2k/Sriram_AjayShankar_ws/build/turtlebot/build install --record /home/ajak2k/Sriram_AjayShankar_ws/build/turtlebot/install.log --single-version-externally-managed install_data
[7.344s] running egg_info
[7.348s] writing ../../build/turtlebot/turtlebot.egg-info/PKG-INFO
[7.351s] writing dependency_links to ../../build/turtlebot/turtlebot.egg-info/dependency_links.txt
[7.354s] writing entry points to ../../build/turtlebot/turtlebot.egg-info/entry_points.txt
[7.361s] writing requirements to ../../build/turtlebot/turtlebot.egg-info/requires.txt
[7.371s] writing top-level names to ../../build/turtlebot/turtlebot.egg-info/top_level.txt
[7.374s] reading manifest file '../../build/turtlebot/turtlebot.egg-info/SOURCES.txt'
[7.375s] writing manifest file '../../build/turtlebot/turtlebot.egg-info/SOURCES.txt'
[7.377s] running build
[7.378s] running build_py
[7.378s] running install
[7.380s] running install_lib
[7.385s] running install_data
[7.386s] running install_egg_info
[7.392s] removing '/home/ajak2k/Sriram_AjayShankar_ws/install/turtlebot/lib/python3.10/site-packages/turtlebot-0.2.0-py3.10.egg-info' (and everything under it)
[7.393s] Copying ../../build/turtlebot/turtlebot.egg-info to /home/ajak2k/Sriram_AjayShankar_ws/install/turtlebot/lib/python3.10/site-packages/turtlebot-0.2.0-py3.10.egg-info
[7.399s] running install_scripts
[7.477s] Installing motion_planner script to /home/ajak2k/Sriram_AjayShankar_ws/install/turtlebot/lib/turtlebot
[7.478s] Installing pid_controller script to /home/ajak2k/Sriram_AjayShankar_ws/install/turtlebot/lib/turtlebot
[7.479s] writing list of installed files to '/home/ajak2k/Sriram_AjayShankar_ws/build/turtlebot/install.log'
[7.580s] Invoked command in '/home/ajak2k/Sriram_AjayShankar_ws/src/turtlebot' returned '0': PYTHONPATH=/home/ajak2k/Sriram_AjayShankar_ws/build/turtlebot/prefix_override:/home/ajak2k/Sriram_AjayShankar_ws/install/turtlebot/lib/python3.10/site-packages:${PYTHONPATH} /usr/bin/python3 -W ignore:setup.py install is deprecated setup.py egg_info --egg-base ../../build/turtlebot build --build-base /home/ajak2k/Sriram_AjayShankar_ws/build/turtlebot/build install --record /home/ajak2k/Sriram_AjayShankar_ws/build/turtlebot/install.log --single-version-externally-managed install_data
