[1.106s] Invoking command in '/home/ajak2k/Sriram_AjayShankar_ws/src/autoturtle': PYTHONPATH=/home/ajak2k/Sriram_AjayShankar_ws/build/autoturtle/prefix_override:/home/ajak2k/Sriram_AjayShankar_ws/install/autoturtle/lib/python3.10/site-packages:${PYTHONPATH} /usr/bin/python3 -W ignore:setup.py install is deprecated setup.py egg_info --egg-base ../../build/autoturtle build --build-base /home/ajak2k/Sriram_AjayShankar_ws/build/autoturtle/build install --record /home/ajak2k/Sriram_AjayShankar_ws/build/autoturtle/install.log --single-version-externally-managed install_data
[1.371s] Traceback (most recent call last):
[1.371s]   File "/home/ajak2k/Sriram_AjayShankar_ws/src/autoturtle/setup.py", line 1, in <module>
[1.371s]     from setuptools import find_packages, setup
[1.371s]   File "/usr/lib/python3/dist-packages/setuptools/__init__.py", line 18, in <module>
[1.380s]     from setuptools.dist import Distribution
[1.380s]   File "/usr/lib/python3/dist-packages/setuptools/dist.py", line 31, in <module>
[1.380s]     from setuptools.extern.more_itertools import unique_everseen
[1.380s]   File "<frozen importlib._bootstrap>", line 1027, in _find_and_load
[1.380s]   File "<frozen importlib._bootstrap>", line 1006, in _find_and_load_unlocked
[1.380s]   File "<frozen importlib._bootstrap>", line 674, in _load_unlocked
[1.380s]   File "<frozen importlib._bootstrap>", line 571, in module_from_spec
[1.380s]   File "/usr/lib/python3/dist-packages/setuptools/extern/__init__.py", line 52, in create_module
[1.381s]     return self.load_module(spec.name)
[1.381s]   File "/usr/lib/python3/dist-packages/setuptools/extern/__init__.py", line 37, in load_module
[1.381s]     __import__(extant)
[1.381s]   File "/usr/lib/python3/dist-packages/setuptools/_vendor/more_itertools/__init__.py", line 1, in <module>
[1.381s]     from .more import *  # noqa
[1.381s]   File "/usr/lib/python3/dist-packages/setuptools/_vendor/more_itertools/more.py", line 5, in <module>
[1.381s]     from concurrent.futures import ThreadPoolExecutor
[1.381s]   File "<frozen importlib._bootstrap>", line 1075, in _handle_fromlist
[1.381s]   File "/usr/lib/python3.10/concurrent/futures/__init__.py", line 49, in __getattr__
[1.382s]     from .thread import ThreadPoolExecutor as te
[1.382s]   File "/usr/lib/python3.10/concurrent/futures/thread.py", line 10, in <module>
[1.382s]     import queue
[1.382s]   File "/usr/lib/python3.10/queue.py", line 9, in <module>
[1.383s]     from _queue import SimpleQueue
[1.383s]   File "<frozen importlib._bootstrap>", line 1027, in _find_and_load
[1.383s]   File "<frozen importlib._bootstrap>", line 1002, in _find_and_load_unlocked
[1.383s]   File "<frozen importlib._bootstrap>", line 945, in _find_spec
[1.384s]   File "<frozen importlib._bootstrap_external>", line 1439, in find_spec
[1.384s]   File "<frozen importlib._bootstrap_external>", line 1411, in _get_spec
[1.384s]   File "<frozen importlib._bootstrap_external>", line 1572, in find_spec
[1.384s]   File "<frozen importlib._bootstrap_external>", line 128, in _path_join
[1.384s]   File "<frozen importlib._bootstrap_external>", line 128, in <listcomp>
[1.384s] KeyboardInterrupt
