[0.712s] Invoking command in '/home/ajak2k/Sriram_AjayShankar_ws/src/autoturtle': PYTHONPATH=/home/ajak2k/Sriram_AjayShankar_ws/build/autoturtle/prefix_override:/home/ajak2k/Sriram_AjayShankar_ws/install/autoturtle/lib/python3.10/site-packages:${PYTHONPATH} /usr/bin/python3 -W ignore:setup.py install is deprecated setup.py egg_info --egg-base ../../build/autoturtle build --build-base /home/ajak2k/Sriram_AjayShankar_ws/build/autoturtle/build install --record /home/ajak2k/Sriram_AjayShankar_ws/build/autoturtle/install.log --single-version-externally-managed install_data
[0.978s] running egg_info
[0.979s] writing ../../build/autoturtle/autoturtle.egg-info/PKG-INFO
[0.979s] writing dependency_links to ../../build/autoturtle/autoturtle.egg-info/dependency_links.txt
[0.979s] writing entry points to ../../build/autoturtle/autoturtle.egg-info/entry_points.txt
[0.979s] writing requirements to ../../build/autoturtle/autoturtle.egg-info/requires.txt
[0.980s] writing top-level names to ../../build/autoturtle/autoturtle.egg-info/top_level.txt
[0.982s] reading manifest file '../../build/autoturtle/autoturtle.egg-info/SOURCES.txt'
[0.983s] writing manifest file '../../build/autoturtle/autoturtle.egg-info/SOURCES.txt'
[0.983s] running build
[0.983s] running build_py
[0.984s] running install
[0.984s] running install_lib
[0.986s] running install_data
[0.986s] running install_egg_info
[0.988s] removing '/home/ajak2k/Sriram_AjayShankar_ws/install/autoturtle/lib/python3.10/site-packages/autoturtle-0.0.0-py3.10.egg-info' (and everything under it)
[0.988s] Copying ../../build/autoturtle/autoturtle.egg-info to /home/ajak2k/Sriram_AjayShankar_ws/install/autoturtle/lib/python3.10/site-packages/autoturtle-0.0.0-py3.10.egg-info
[0.989s] running install_scripts
[1.012s] Installing my_teleop_node script to /home/ajak2k/Sriram_AjayShankar_ws/install/autoturtle/lib/autoturtle
[1.013s] Installing swim_node script to /home/ajak2k/Sriram_AjayShankar_ws/install/autoturtle/lib/autoturtle
[1.013s] Installing swim_to_goal script to /home/ajak2k/Sriram_AjayShankar_ws/install/autoturtle/lib/autoturtle
[1.013s] writing list of installed files to '/home/ajak2k/Sriram_AjayShankar_ws/build/autoturtle/install.log'
[1.039s] Invoked command in '/home/ajak2k/Sriram_AjayShankar_ws/src/autoturtle' returned '0': PYTHONPATH=/home/ajak2k/Sriram_AjayShankar_ws/build/autoturtle/prefix_override:/home/ajak2k/Sriram_AjayShankar_ws/install/autoturtle/lib/python3.10/site-packages:${PYTHONPATH} /usr/bin/python3 -W ignore:setup.py install is deprecated setup.py egg_info --egg-base ../../build/autoturtle build --build-base /home/ajak2k/Sriram_AjayShankar_ws/build/autoturtle/build install --record /home/ajak2k/Sriram_AjayShankar_ws/build/autoturtle/install.log --single-version-externally-managed install_data
