[3.536s] Invoking command in '/home/ajak2k/Sriram_AjayShankar_ws/src/turtlebot': PYTHONPATH=/home/ajak2k/Sriram_AjayShankar_ws/build/turtlebot/prefix_override:/home/ajak2k/Sriram_AjayShankar_ws/install/turtlebot/lib/python3.10/site-packages:${PYTHONPATH} /usr/bin/python3 -W ignore:setup.py install is deprecated setup.py egg_info --egg-base ../../build/turtlebot build --build-base /home/ajak2k/Sriram_AjayShankar_ws/build/turtlebot/build install --record /home/ajak2k/Sriram_AjayShankar_ws/build/turtlebot/install.log --single-version-externally-managed install_data
[4.288s] running egg_info
[4.290s] writing ../../build/turtlebot/turtlebot.egg-info/PKG-INFO
[4.290s] writing dependency_links to ../../build/turtlebot/turtlebot.egg-info/dependency_links.txt
[4.290s] writing entry points to ../../build/turtlebot/turtlebot.egg-info/entry_points.txt
[4.291s] writing requirements to ../../build/turtlebot/turtlebot.egg-info/requires.txt
[4.291s] writing top-level names to ../../build/turtlebot/turtlebot.egg-info/top_level.txt
[4.293s] reading manifest file '../../build/turtlebot/turtlebot.egg-info/SOURCES.txt'
[4.295s] writing manifest file '../../build/turtlebot/turtlebot.egg-info/SOURCES.txt'
[4.295s] running build
[4.295s] running build_py
[4.296s] running install
[4.296s] running install_lib
[4.298s] running install_data
[4.300s] running install_egg_info
[4.307s] removing '/home/ajak2k/Sriram_AjayShankar_ws/install/turtlebot/lib/python3.10/site-packages/turtlebot-0.2.0-py3.10.egg-info' (and everything under it)
[4.308s] Copying ../../build/turtlebot/turtlebot.egg-info to /home/ajak2k/Sriram_AjayShankar_ws/install/turtlebot/lib/python3.10/site-packages/turtlebot-0.2.0-py3.10.egg-info
[4.310s] running install_scripts
[4.362s] Installing motion_planner script to /home/ajak2k/Sriram_AjayShankar_ws/install/turtlebot/lib/turtlebot
[4.363s] Installing pid_controller script to /home/ajak2k/Sriram_AjayShankar_ws/install/turtlebot/lib/turtlebot
[4.364s] writing list of installed files to '/home/ajak2k/Sriram_AjayShankar_ws/build/turtlebot/install.log'
[4.441s] Invoked command in '/home/ajak2k/Sriram_AjayShankar_ws/src/turtlebot' returned '0': PYTHONPATH=/home/ajak2k/Sriram_AjayShankar_ws/build/turtlebot/prefix_override:/home/ajak2k/Sriram_AjayShankar_ws/install/turtlebot/lib/python3.10/site-packages:${PYTHONPATH} /usr/bin/python3 -W ignore:setup.py install is deprecated setup.py egg_info --egg-base ../../build/turtlebot build --build-base /home/ajak2k/Sriram_AjayShankar_ws/build/turtlebot/build install --record /home/ajak2k/Sriram_AjayShankar_ws/build/turtlebot/install.log --single-version-externally-managed install_data
