/home/ajak2k/Sriram_AjayShankar_ws/install/turtlebot/lib/python3.10/site-packages/turtlebot/motion_planner.py
/home/ajak2k/Sriram_AjayShankar_ws/install/turtlebot/lib/python3.10/site-packages/turtlebot/__init__.py
/home/ajak2k/Sriram_AjayShankar_ws/install/turtlebot/lib/python3.10/site-packages/turtlebot/map_reader_template.py
/home/ajak2k/Sriram_AjayShankar_ws/install/turtlebot/lib/python3.10/site-packages/turtlebot/motion_planner_rrt.py
/home/ajak2k/Sriram_AjayShankar_ws/install/turtlebot/lib/python3.10/site-packages/turtlebot/motion_planner_pid.py
/home/ajak2k/Sriram_AjayShankar_ws/install/turtlebot/lib/python3.10/site-packages/turtlebot/rrt_node.py
/home/ajak2k/Sriram_AjayShankar_ws/install/turtlebot/lib/python3.10/site-packages/turtlebot/pid_controller.py
/home/ajak2k/Sriram_AjayShankar_ws/install/turtlebot/lib/python3.10/site-packages/turtlebot/rrt.py
/home/ajak2k/Sriram_AjayShankar_ws/install/turtlebot/lib/python3.10/site-packages/turtlebot/__pycache__/motion_planner.cpython-310.pyc
/home/ajak2k/Sriram_AjayShankar_ws/install/turtlebot/lib/python3.10/site-packages/turtlebot/__pycache__/__init__.cpython-310.pyc
/home/ajak2k/Sriram_AjayShankar_ws/install/turtlebot/lib/python3.10/site-packages/turtlebot/__pycache__/map_reader_template.cpython-310.pyc
/home/ajak2k/Sriram_AjayShankar_ws/install/turtlebot/lib/python3.10/site-packages/turtlebot/__pycache__/motion_planner_rrt.cpython-310.pyc
/home/ajak2k/Sriram_AjayShankar_ws/install/turtlebot/lib/python3.10/site-packages/turtlebot/__pycache__/motion_planner_pid.cpython-310.pyc
/home/ajak2k/Sriram_AjayShankar_ws/install/turtlebot/lib/python3.10/site-packages/turtlebot/__pycache__/rrt_node.cpython-310.pyc
/home/ajak2k/Sriram_AjayShankar_ws/install/turtlebot/lib/python3.10/site-packages/turtlebot/__pycache__/pid_controller.cpython-310.pyc
/home/ajak2k/Sriram_AjayShankar_ws/install/turtlebot/lib/python3.10/site-packages/turtlebot/__pycache__/rrt.cpython-310.pyc
/home/ajak2k/Sriram_AjayShankar_ws/install/turtlebot/share/ament_index/resource_index/packages/turtlebot
/home/ajak2k/Sriram_AjayShankar_ws/install/turtlebot/share/turtlebot/package.xml
/home/ajak2k/Sriram_AjayShankar_ws/install/turtlebot/lib/python3.10/site-packages/turtlebot-0.4.0-py3.10.egg-info/PKG-INFO
/home/ajak2k/Sriram_AjayShankar_ws/install/turtlebot/lib/python3.10/site-packages/turtlebot-0.4.0-py3.10.egg-info/zip-safe
/home/ajak2k/Sriram_AjayShankar_ws/install/turtlebot/lib/python3.10/site-packages/turtlebot-0.4.0-py3.10.egg-info/top_level.txt
/home/ajak2k/Sriram_AjayShankar_ws/install/turtlebot/lib/python3.10/site-packages/turtlebot-0.4.0-py3.10.egg-info/dependency_links.txt
/home/ajak2k/Sriram_AjayShankar_ws/install/turtlebot/lib/python3.10/site-packages/turtlebot-0.4.0-py3.10.egg-info/requires.txt
/home/ajak2k/Sriram_AjayShankar_ws/install/turtlebot/lib/python3.10/site-packages/turtlebot-0.4.0-py3.10.egg-info/SOURCES.txt
/home/ajak2k/Sriram_AjayShankar_ws/install/turtlebot/lib/python3.10/site-packages/turtlebot-0.4.0-py3.10.egg-info/entry_points.txt
/home/ajak2k/Sriram_AjayShankar_ws/install/turtlebot/lib/turtlebot/map_reader_template
/home/ajak2k/Sriram_AjayShankar_ws/install/turtlebot/lib/turtlebot/motion_planner
/home/ajak2k/Sriram_AjayShankar_ws/install/turtlebot/lib/turtlebot/pid_controller
/home/ajak2k/Sriram_AjayShankar_ws/install/turtlebot/lib/turtlebot/rrt
/home/ajak2k/Sriram_AjayShankar_ws/install/turtlebot/lib/turtlebot/rrt_node
