[6.436s] Invoking command in '/home/ajak2k/Sriram_AjayShankar_ws/src/autoturtle': PYTHONPATH=/home/ajak2k/Sriram_AjayShankar_ws/build/autoturtle/prefix_override:/home/ajak2k/Sriram_AjayShankar_ws/install/autoturtle/lib/python3.10/site-packages:${PYTHONPATH} /usr/bin/python3 -W ignore:setup.py install is deprecated setup.py egg_info --egg-base ../../build/autoturtle build --build-base /home/ajak2k/Sriram_AjayShankar_ws/build/autoturtle/build install --record /home/ajak2k/Sriram_AjayShankar_ws/build/autoturtle/install.log --single-version-externally-managed install_data
[8.821s] running egg_info
[8.824s] writing ../../build/autoturtle/autoturtle.egg-info/PKG-INFO
[8.825s] writing dependency_links to ../../build/autoturtle/autoturtle.egg-info/dependency_links.txt
[8.829s] writing entry points to ../../build/autoturtle/autoturtle.egg-info/entry_points.txt
[8.831s] writing requirements to ../../build/autoturtle/autoturtle.egg-info/requires.txt
[8.832s] writing top-level names to ../../build/autoturtle/autoturtle.egg-info/top_level.txt
[8.847s] reading manifest file '../../build/autoturtle/autoturtle.egg-info/SOURCES.txt'
[8.858s] writing manifest file '../../build/autoturtle/autoturtle.egg-info/SOURCES.txt'
[8.860s] running build
[8.860s] running build_py
[8.861s] running install
[8.862s] running install_lib
[8.879s] running install_data
[8.884s] running install_egg_info
[8.891s] removing '/home/ajak2k/Sriram_AjayShankar_ws/install/autoturtle/lib/python3.10/site-packages/autoturtle-0.3.0-py3.10.egg-info' (and everything under it)
[8.893s] Copying ../../build/autoturtle/autoturtle.egg-info to /home/ajak2k/Sriram_AjayShankar_ws/install/autoturtle/lib/python3.10/site-packages/autoturtle-0.3.0-py3.10.egg-info
[8.902s] running install_scripts
[9.035s] Installing my_teleop_node script to /home/ajak2k/Sriram_AjayShankar_ws/install/autoturtle/lib/autoturtle
[9.035s] Installing swim_node script to /home/ajak2k/Sriram_AjayShankar_ws/install/autoturtle/lib/autoturtle
[9.039s] Installing swim_to_goal script to /home/ajak2k/Sriram_AjayShankar_ws/install/autoturtle/lib/autoturtle
[9.058s] writing list of installed files to '/home/ajak2k/Sriram_AjayShankar_ws/build/autoturtle/install.log'
[9.149s] Invoked command in '/home/ajak2k/Sriram_AjayShankar_ws/src/autoturtle' returned '0': PYTHONPATH=/home/ajak2k/Sriram_AjayShankar_ws/build/autoturtle/prefix_override:/home/ajak2k/Sriram_AjayShankar_ws/install/autoturtle/lib/python3.10/site-packages:${PYTHONPATH} /usr/bin/python3 -W ignore:setup.py install is deprecated setup.py egg_info --egg-base ../../build/autoturtle build --build-base /home/ajak2k/Sriram_AjayShankar_ws/build/autoturtle/build install --record /home/ajak2k/Sriram_AjayShankar_ws/build/autoturtle/install.log --single-version-externally-managed install_data
