[2.357s] Invoking command in '/home/ajak2k/Sriram_AjayShankar_ws/build/turtlebot': PYTHONPATH=/home/ajak2k/Sriram_AjayShankar_ws/build/turtlebot/prefix_override:/home/ajak2k/Sriram_AjayShankar_ws/install/turtlebot/lib/python3.10/site-packages:${PYTHONPATH} /usr/bin/python3 -W ignore:setup.py install is deprecated setup.py develop --editable --build-directory /home/ajak2k/Sriram_AjayShankar_ws/build/turtlebot/build --no-deps symlink_data --force
[3.121s] running develop
[3.121s] /usr/lib/python3/dist-packages/setuptools/command/easy_install.py:158: EasyInstallDeprecationWarning: easy_install command is deprecated. Use build and pip and other standards-based tools.
[3.122s]   warnings.warn(
[3.744s] running egg_info
[3.745s] writing turtlebot.egg-info/PKG-INFO
[3.746s] writing dependency_links to turtlebot.egg-info/dependency_links.txt
[3.747s] writing entry points to turtlebot.egg-info/entry_points.txt
[3.748s] writing requirements to turtlebot.egg-info/requires.txt
[3.749s] writing top-level names to turtlebot.egg-info/top_level.txt
[3.752s] reading manifest file 'turtlebot.egg-info/SOURCES.txt'
[3.754s] writing manifest file 'turtlebot.egg-info/SOURCES.txt'
[3.757s] running build_ext
[3.757s] Creating /home/ajak2k/Sriram_AjayShankar_ws/install/turtlebot/lib/python3.10/site-packages/turtlebot.egg-link (link to .)
[3.759s] Installing motion_planner script to /home/ajak2k/Sriram_AjayShankar_ws/install/turtlebot/lib/turtlebot
[3.759s] Installing pid_controller script to /home/ajak2k/Sriram_AjayShankar_ws/install/turtlebot/lib/turtlebot
[3.760s] 
[3.760s] Installed /home/ajak2k/Sriram_AjayShankar_ws/build/turtlebot
[3.761s] running symlink_data
[3.761s] symbolically linking /home/ajak2k/Sriram_AjayShankar_ws/build/turtlebot/resource/turtlebot -> /home/ajak2k/Sriram_AjayShankar_ws/install/turtlebot/share/ament_index/resource_index/packages
[3.761s] symbolically linking /home/ajak2k/Sriram_AjayShankar_ws/build/turtlebot/package.xml -> /home/ajak2k/Sriram_AjayShankar_ws/install/turtlebot/share/turtlebot
[3.830s] Invoked command in '/home/ajak2k/Sriram_AjayShankar_ws/build/turtlebot' returned '0': PYTHONPATH=/home/ajak2k/Sriram_AjayShankar_ws/build/turtlebot/prefix_override:/home/ajak2k/Sriram_AjayShankar_ws/install/turtlebot/lib/python3.10/site-packages:${PYTHONPATH} /usr/bin/python3 -W ignore:setup.py install is deprecated setup.py develop --editable --build-directory /home/ajak2k/Sriram_AjayShankar_ws/build/turtlebot/build --no-deps symlink_data --force
